2025-03-16T00:54:44+0100 - train_s1_zscore_256_unet - INFO - Start Training ... 
2025-03-16T01:23:27+0100 - train_s1_zscore_256_unet - INFO - t-Epoch 1 | Loss: 0.6644 | Accuracy: 90.98 | Precision: 58.81 | Recall: 68.75 | F1: 63.39 | IoU: 46.66 
2025-03-16T01:35:57+0100 - train_s1_zscore_256_unet - INFO - v-Epoch 1 | Loss: 0.2620 | Accuracy: 97.44 | Precision: 91.37 | Recall: 84.66 | F1: 87.89 | IoU: 76.92 
2025-03-16T01:35:58+0100 - train_s1_zscore_256_unet - INFO - Best model saved to /eodc/private/tuwgeo/users/mabdelaa/repos/seg_likelihood/models/s1_zscore_256_slope_UNet.pth 
2025-03-16T02:01:51+0100 - train_s1_zscore_256_unet - INFO - t-Epoch 2 | Loss: 0.4854 | Accuracy: 94.15 | Precision: 74.45 | Recall: 73.85 | F1: 74.15 | IoU: 58.61 
2025-03-16T02:11:31+0100 - train_s1_zscore_256_unet - INFO - v-Epoch 2 | Loss: 0.3572 | Accuracy: 96.41 | Precision: 95.3 | Recall: 70.76 | F1: 81.21 | IoU: 66.72 
2025-03-16T02:32:59+0100 - train_s1_zscore_256_unet - INFO - t-Epoch 3 | Loss: 0.3716 | Accuracy: 95.94 | Precision: 84.63 | Recall: 78.69 | F1: 81.55 | IoU: 67.9 
2025-03-16T02:42:12+0100 - train_s1_zscore_256_unet - INFO - v-Epoch 3 | Loss: 0.2272 | Accuracy: 97.67 | Precision: 97.78 | Recall: 80.57 | F1: 88.34 | IoU: 77.56 
2025-03-16T02:42:13+0100 - train_s1_zscore_256_unet - INFO - Best model saved to /eodc/private/tuwgeo/users/mabdelaa/repos/seg_likelihood/models/s1_zscore_256_slope_UNet.pth 
2025-03-16T03:03:05+0100 - train_s1_zscore_256_unet - INFO - t-Epoch 4 | Loss: 0.2873 | Accuracy: 97.06 | Precision: 89.81 | Recall: 83.71 | F1: 86.65 | IoU: 75.54 
2025-03-16T03:12:31+0100 - train_s1_zscore_256_unet - INFO - v-Epoch 4 | Loss: 0.1910 | Accuracy: 98.15 | Precision: 95.22 | Recall: 87.46 | F1: 91.17 | IoU: 82.54 
2025-03-16T03:12:32+0100 - train_s1_zscore_256_unet - INFO - Best model saved to /eodc/private/tuwgeo/users/mabdelaa/repos/seg_likelihood/models/s1_zscore_256_slope_UNet.pth 
2025-03-16T03:33:56+0100 - train_s1_zscore_256_unet - INFO - t-Epoch 5 | Loss: 0.2290 | Accuracy: 97.76 | Precision: 92.78 | Recall: 87.08 | F1: 89.84 | IoU: 80.53 
2025-03-16T03:43:25+0100 - train_s1_zscore_256_unet - INFO - v-Epoch 5 | Loss: 0.1476 | Accuracy: 98.52 | Precision: 95.55 | Recall: 90.69 | F1: 93.06 | IoU: 86.07 
2025-03-16T03:43:25+0100 - train_s1_zscore_256_unet - INFO - Best model saved to /eodc/private/tuwgeo/users/mabdelaa/repos/seg_likelihood/models/s1_zscore_256_slope_UNet.pth 
2025-03-16T04:05:21+0100 - train_s1_zscore_256_unet - INFO - t-Epoch 6 | Loss: 0.1978 | Accuracy: 98.07 | Precision: 93.58 | Recall: 89.14 | F1: 91.31 | IoU: 83.04 
2025-03-16T04:12:47+0100 - train_s1_zscore_256_unet - INFO - Start Training ... 
2025-03-16T04:15:24+0100 - train_s1_zscore_256_unet - INFO - v-Epoch 6 | Loss: 0.1441 | Accuracy: 98.57 | Precision: 96.83 | Recall: 89.89 | F1: 93.23 | IoU: 86.28 
2025-03-16T04:15:24+0100 - train_s1_zscore_256_unet - INFO - Best model saved to /eodc/private/tuwgeo/users/mabdelaa/repos/seg_likelihood/models/s1_zscore_256_slope_UNet.pth 
2025-03-16T04:35:20+0100 - train_s1_zscore_256_unet - INFO - t-Epoch 1 | Loss: 0.1967 | Accuracy: 98.08 | Precision: 93.7 | Recall: 89.15 | F1: 91.37 | IoU: 83.13 
2025-03-16T04:44:49+0100 - train_s1_zscore_256_unet - INFO - v-Epoch 1 | Loss: 0.1348 | Accuracy: 98.61 | Precision: 95.24 | Recall: 91.92 | F1: 93.55 | IoU: 87.02 
2025-03-16T04:44:49+0100 - train_s1_zscore_256_unet - INFO - Best model saved to /eodc/private/tuwgeo/users/mabdelaa/repos/seg_likelihood/models/s1_zscore_256_slope_UNet.pth 
2025-03-16T05:06:51+0100 - train_s1_zscore_256_unet - INFO - t-Epoch 2 | Loss: 0.1751 | Accuracy: 98.3 | Precision: 94.45 | Recall: 90.43 | F1: 92.4 | IoU: 85.04 
2025-03-16T05:16:37+0100 - train_s1_zscore_256_unet - INFO - v-Epoch 2 | Loss: 0.1382 | Accuracy: 98.61 | Precision: 97.28 | Recall: 89.79 | F1: 93.39 | IoU: 86.73 
2025-03-16T05:37:25+0100 - train_s1_zscore_256_unet - INFO - t-Epoch 3 | Loss: 0.1633 | Accuracy: 98.42 | Precision: 94.93 | Recall: 90.98 | F1: 92.92 | IoU: 85.87 
2025-03-16T05:46:42+0100 - train_s1_zscore_256_unet - INFO - v-Epoch 3 | Loss: 0.1353 | Accuracy: 98.63 | Precision: 97.82 | Recall: 89.46 | F1: 93.46 | IoU: 86.74 
2025-03-16T06:07:34+0100 - train_s1_zscore_256_unet - INFO - t-Epoch 4 | Loss: 0.1521 | Accuracy: 98.53 | Precision: 95.34 | Recall: 91.57 | F1: 93.42 | IoU: 86.76 
2025-03-16T06:17:01+0100 - train_s1_zscore_256_unet - INFO - v-Epoch 4 | Loss: 0.1321 | Accuracy: 98.69 | Precision: 96.57 | Recall: 91.26 | F1: 93.84 | IoU: 87.45 
2025-03-16T06:17:02+0100 - train_s1_zscore_256_unet - INFO - Best model saved to /eodc/private/tuwgeo/users/mabdelaa/repos/seg_likelihood/models/s1_zscore_256_slope_UNet.pth 
2025-03-16T06:37:55+0100 - train_s1_zscore_256_unet - INFO - t-Epoch 5 | Loss: 0.1457 | Accuracy: 98.59 | Precision: 95.5 | Recall: 92.0 | F1: 93.71 | IoU: 87.38 
2025-03-16T06:47:23+0100 - train_s1_zscore_256_unet - INFO - v-Epoch 5 | Loss: 0.1330 | Accuracy: 98.69 | Precision: 96.37 | Recall: 91.45 | F1: 93.84 | IoU: 87.52 
2025-03-16T07:08:13+0100 - train_s1_zscore_256_unet - INFO - t-Epoch 6 | Loss: 0.1414 | Accuracy: 98.63 | Precision: 95.6 | Recall: 92.18 | F1: 93.85 | IoU: 87.64 
2025-03-16T07:17:32+0100 - train_s1_zscore_256_unet - INFO - v-Epoch 6 | Loss: 0.1325 | Accuracy: 98.69 | Precision: 96.65 | Recall: 91.21 | F1: 93.85 | IoU: 87.5 
2025-03-16T07:38:17+0100 - train_s1_zscore_256_unet - INFO - t-Epoch 7 | Loss: 0.1389 | Accuracy: 98.67 | Precision: 95.69 | Recall: 92.43 | F1: 94.03 | IoU: 87.75 
2025-03-16T07:47:23+0100 - train_s1_zscore_256_unet - INFO - v-Epoch 7 | Loss: 0.1332 | Accuracy: 98.66 | Precision: 95.96 | Recall: 91.58 | F1: 93.72 | IoU: 87.16 
2025-03-16T08:08:08+0100 - train_s1_zscore_256_unet - INFO - t-Epoch 8 | Loss: 0.1337 | Accuracy: 98.7 | Precision: 95.84 | Recall: 92.57 | F1: 94.17 | IoU: 88.27 
2025-03-16T08:17:21+0100 - train_s1_zscore_256_unet - INFO - v-Epoch 8 | Loss: 0.1347 | Accuracy: 98.65 | Precision: 97.23 | Recall: 90.24 | F1: 93.6 | IoU: 87.12 
2025-03-16T08:38:06+0100 - train_s1_zscore_256_unet - INFO - t-Epoch 9 | Loss: 0.1296 | Accuracy: 98.74 | Precision: 95.95 | Recall: 92.84 | F1: 94.37 | IoU: 88.6 
2025-03-16T08:47:24+0100 - train_s1_zscore_256_unet - INFO - v-Epoch 9 | Loss: 0.1225 | Accuracy: 98.77 | Precision: 97.4 | Recall: 91.21 | F1: 94.2 | IoU: 88.08 
2025-03-16T08:47:25+0100 - train_s1_zscore_256_unet - INFO - Best model saved to /eodc/private/tuwgeo/users/mabdelaa/repos/seg_likelihood/models/s1_zscore_256_slope_UNet.pth 
2025-03-16T09:08:59+0100 - train_s1_zscore_256_unet - INFO - t-Epoch 10 | Loss: 0.1281 | Accuracy: 98.74 | Precision: 95.99 | Recall: 92.8 | F1: 94.37 | IoU: 88.7 
2025-03-16T09:18:25+0100 - train_s1_zscore_256_unet - INFO - v-Epoch 10 | Loss: 0.1219 | Accuracy: 98.77 | Precision: 97.22 | Recall: 91.43 | F1: 94.23 | IoU: 88.3 
2025-03-16T09:18:25+0100 - train_s1_zscore_256_unet - INFO - Best model saved to /eodc/private/tuwgeo/users/mabdelaa/repos/seg_likelihood/models/s1_zscore_256_slope_UNet.pth 
2025-03-16T09:39:12+0100 - train_s1_zscore_256_unet - INFO - t-Epoch 11 | Loss: 0.1234 | Accuracy: 98.79 | Precision: 96.1 | Recall: 93.14 | F1: 94.6 | IoU: 89.09 
2025-03-16T09:48:11+0100 - train_s1_zscore_256_unet - INFO - v-Epoch 11 | Loss: 0.1217 | Accuracy: 98.74 | Precision: 95.86 | Recall: 92.53 | F1: 94.17 | IoU: 88.26 
2025-03-16T09:48:12+0100 - train_s1_zscore_256_unet - INFO - Best model saved to /eodc/private/tuwgeo/users/mabdelaa/repos/seg_likelihood/models/s1_zscore_256_slope_UNet.pth 
2025-03-16T10:10:38+0100 - train_s1_zscore_256_unet - INFO - t-Epoch 12 | Loss: 0.1215 | Accuracy: 98.81 | Precision: 96.23 | Recall: 93.16 | F1: 94.67 | IoU: 89.3 
2025-03-16T10:21:39+0100 - train_s1_zscore_256_unet - INFO - v-Epoch 12 | Loss: 0.1168 | Accuracy: 98.81 | Precision: 97.28 | Recall: 91.74 | F1: 94.43 | IoU: 88.63 
2025-03-16T10:21:39+0100 - train_s1_zscore_256_unet - INFO - Best model saved to /eodc/private/tuwgeo/users/mabdelaa/repos/seg_likelihood/models/s1_zscore_256_slope_UNet.pth 
2025-03-16T10:43:54+0100 - train_s1_zscore_256_unet - INFO - t-Epoch 13 | Loss: 0.1220 | Accuracy: 98.81 | Precision: 96.26 | Recall: 93.14 | F1: 94.68 | IoU: 89.21 
2025-03-16T10:53:13+0100 - train_s1_zscore_256_unet - INFO - v-Epoch 13 | Loss: 0.1193 | Accuracy: 98.79 | Precision: 96.74 | Recall: 92.09 | F1: 94.36 | IoU: 88.47 
2025-03-16T11:15:02+0100 - train_s1_zscore_256_unet - INFO - t-Epoch 14 | Loss: 0.1177 | Accuracy: 98.85 | Precision: 96.32 | Recall: 93.42 | F1: 94.85 | IoU: 89.58 
2025-03-16T11:24:27+0100 - train_s1_zscore_256_unet - INFO - v-Epoch 14 | Loss: 0.1394 | Accuracy: 98.62 | Precision: 98.13 | Recall: 89.14 | F1: 93.42 | IoU: 87.0 
2025-03-16T11:45:13+0100 - train_s1_zscore_256_unet - INFO - t-Epoch 15 | Loss: 0.1170 | Accuracy: 98.85 | Precision: 96.34 | Recall: 93.46 | F1: 94.88 | IoU: 89.63 
2025-03-16T11:54:17+0100 - train_s1_zscore_256_unet - INFO - v-Epoch 15 | Loss: 0.1239 | Accuracy: 98.76 | Precision: 96.7 | Recall: 91.84 | F1: 94.21 | IoU: 88.17 
2025-03-16T12:15:31+0100 - train_s1_zscore_256_unet - INFO - t-Epoch 16 | Loss: 0.1152 | Accuracy: 98.88 | Precision: 96.42 | Recall: 93.58 | F1: 94.98 | IoU: 89.75 
2025-03-16T12:24:46+0100 - train_s1_zscore_256_unet - INFO - v-Epoch 16 | Loss: 0.1270 | Accuracy: 98.74 | Precision: 96.77 | Recall: 91.56 | F1: 94.1 | IoU: 88.17 
2025-03-16T12:45:29+0100 - train_s1_zscore_256_unet - INFO - t-Epoch 17 | Loss: 0.1162 | Accuracy: 98.86 | Precision: 96.27 | Recall: 93.56 | F1: 94.9 | IoU: 89.65 
2025-03-16T21:12:13+0100 - train_s1_zscore_256_unet - INFO - Start Training ... 
2025-03-16T21:43:59+0100 - train_s1_zscore_256_unet - INFO - t-Epoch 1 | Loss: 0.1192 | Accuracy: 98.84 | Precision: 96.34 | Recall: 93.37 | F1: 94.83 | IoU: 89.46 
2025-03-16T21:57:06+0100 - train_s1_zscore_256_unet - INFO - v-Epoch 1 | Loss: 0.1330 | Accuracy: 98.7 | Precision: 97.0 | Recall: 90.91 | F1: 93.86 | IoU: 87.54 
2025-03-16T21:57:07+0100 - train_s1_zscore_256_unet - INFO - Best model saved to /eodc/private/tuwgeo/users/mabdelaa/repos/seg_likelihood/models/s1_zscore_256_slope_UNet.pth 
2025-03-16T22:21:20+0100 - train_s1_zscore_256_unet - INFO - t-Epoch 2 | Loss: 0.1174 | Accuracy: 98.85 | Precision: 96.31 | Recall: 93.47 | F1: 94.87 | IoU: 89.58 
2025-03-16T22:33:09+0100 - train_s1_zscore_256_unet - INFO - v-Epoch 2 | Loss: 0.1164 | Accuracy: 98.83 | Precision: 97.24 | Recall: 91.94 | F1: 94.52 | IoU: 88.9 
2025-03-16T22:33:10+0100 - train_s1_zscore_256_unet - INFO - Best model saved to /eodc/private/tuwgeo/users/mabdelaa/repos/seg_likelihood/models/s1_zscore_256_slope_UNet.pth 
2025-03-16T22:58:38+0100 - train_s1_zscore_256_unet - INFO - t-Epoch 3 | Loss: 0.1156 | Accuracy: 98.87 | Precision: 96.41 | Recall: 93.54 | F1: 94.96 | IoU: 89.7 
2025-03-16T23:09:55+0100 - train_s1_zscore_256_unet - INFO - v-Epoch 3 | Loss: 0.1315 | Accuracy: 98.73 | Precision: 97.57 | Recall: 90.64 | F1: 93.98 | IoU: 87.72 
2025-03-16T23:33:25+0100 - train_s1_zscore_256_unet - INFO - t-Epoch 4 | Loss: 0.1138 | Accuracy: 98.89 | Precision: 96.41 | Recall: 93.75 | F1: 95.06 | IoU: 89.87 
2025-03-16T23:42:45+0100 - train_s1_zscore_256_unet - INFO - v-Epoch 4 | Loss: 0.1330 | Accuracy: 98.71 | Precision: 97.78 | Recall: 90.28 | F1: 93.88 | IoU: 87.58 
2025-03-17T00:03:33+0100 - train_s1_zscore_256_unet - INFO - t-Epoch 5 | Loss: 0.1133 | Accuracy: 98.9 | Precision: 96.55 | Recall: 93.66 | F1: 95.08 | IoU: 89.94 
2025-03-17T00:12:45+0100 - train_s1_zscore_256_unet - INFO - v-Epoch 5 | Loss: 0.1309 | Accuracy: 98.71 | Precision: 96.91 | Recall: 91.15 | F1: 93.94 | IoU: 87.72 
2025-03-17T00:33:33+0100 - train_s1_zscore_256_unet - INFO - t-Epoch 6 | Loss: 0.1135 | Accuracy: 98.89 | Precision: 96.43 | Recall: 93.68 | F1: 95.03 | IoU: 89.9 
2025-03-17T00:42:56+0100 - train_s1_zscore_256_unet - INFO - v-Epoch 6 | Loss: 0.1289 | Accuracy: 98.75 | Precision: 97.23 | Recall: 91.15 | F1: 94.09 | IoU: 87.95 
2025-03-17T01:04:58+0100 - train_s1_zscore_256_unet - INFO - t-Epoch 7 | Loss: 0.1121 | Accuracy: 98.91 | Precision: 96.38 | Recall: 93.91 | F1: 95.13 | IoU: 89.96 
2025-03-17T01:14:24+0100 - train_s1_zscore_256_unet - INFO - v-Epoch 7 | Loss: 0.1263 | Accuracy: 98.78 | Precision: 97.44 | Recall: 91.27 | F1: 94.25 | IoU: 88.2 
2025-03-17T01:35:52+0100 - train_s1_zscore_256_unet - INFO - t-Epoch 8 | Loss: 0.1116 | Accuracy: 98.9 | Precision: 96.4 | Recall: 93.83 | F1: 95.1 | IoU: 90.04 
2025-03-17T01:45:19+0100 - train_s1_zscore_256_unet - INFO - v-Epoch 8 | Loss: 0.1197 | Accuracy: 98.8 | Precision: 97.65 | Recall: 91.25 | F1: 94.34 | IoU: 88.47 
2025-03-17T02:06:32+0100 - train_s1_zscore_256_unet - INFO - t-Epoch 9 | Loss: 0.1011 | Accuracy: 99.0 | Precision: 96.73 | Recall: 94.39 | F1: 95.55 | IoU: 90.91 
2025-03-17T02:15:44+0100 - train_s1_zscore_256_unet - INFO - v-Epoch 9 | Loss: 0.1164 | Accuracy: 98.83 | Precision: 97.27 | Recall: 91.94 | F1: 94.53 | IoU: 88.74 
2025-03-17T02:15:45+0100 - train_s1_zscore_256_unet - INFO - Best model saved to /eodc/private/tuwgeo/users/mabdelaa/repos/seg_likelihood/models/s1_zscore_256_slope_UNet.pth 
2025-03-17T02:36:28+0100 - train_s1_zscore_256_unet - INFO - t-Epoch 10 | Loss: 0.0994 | Accuracy: 99.01 | Precision: 96.72 | Recall: 94.55 | F1: 95.62 | IoU: 91.02 
2025-03-17T02:45:29+0100 - train_s1_zscore_256_unet - INFO - v-Epoch 10 | Loss: 0.1145 | Accuracy: 98.85 | Precision: 97.31 | Recall: 92.01 | F1: 94.59 | IoU: 88.99 
2025-03-17T02:45:30+0100 - train_s1_zscore_256_unet - INFO - Best model saved to /eodc/private/tuwgeo/users/mabdelaa/repos/seg_likelihood/models/s1_zscore_256_slope_UNet.pth 
2025-03-17T03:06:11+0100 - train_s1_zscore_256_unet - INFO - t-Epoch 11 | Loss: 0.0972 | Accuracy: 99.03 | Precision: 96.74 | Recall: 94.66 | F1: 95.69 | IoU: 91.2 
2025-03-17T03:15:25+0100 - train_s1_zscore_256_unet - INFO - v-Epoch 11 | Loss: 0.1157 | Accuracy: 98.84 | Precision: 97.25 | Recall: 91.97 | F1: 94.54 | IoU: 88.96 
2025-03-17T03:36:06+0100 - train_s1_zscore_256_unet - INFO - t-Epoch 12 | Loss: 0.0951 | Accuracy: 99.05 | Precision: 96.88 | Recall: 94.73 | F1: 95.8 | IoU: 91.41 
2025-03-17T03:44:47+0100 - train_s1_zscore_256_unet - INFO - v-Epoch 12 | Loss: 0.1174 | Accuracy: 98.83 | Precision: 97.44 | Recall: 91.69 | F1: 94.48 | IoU: 88.75 
2025-03-17T04:07:13+0100 - train_s1_zscore_256_unet - INFO - t-Epoch 13 | Loss: 0.0984 | Accuracy: 99.03 | Precision: 96.67 | Recall: 94.7 | F1: 95.68 | IoU: 91.05 
2025-03-17T04:18:03+0100 - train_s1_zscore_256_unet - INFO - v-Epoch 13 | Loss: 0.1131 | Accuracy: 98.86 | Precision: 96.89 | Recall: 92.52 | F1: 94.66 | IoU: 89.06 
2025-03-17T04:18:03+0100 - train_s1_zscore_256_unet - INFO - Best model saved to /eodc/private/tuwgeo/users/mabdelaa/repos/seg_likelihood/models/s1_zscore_256_slope_UNet.pth 
2025-03-17T04:38:49+0100 - train_s1_zscore_256_unet - INFO - t-Epoch 14 | Loss: 0.0968 | Accuracy: 99.04 | Precision: 96.67 | Recall: 94.77 | F1: 95.71 | IoU: 91.27 
2025-03-17T04:47:51+0100 - train_s1_zscore_256_unet - INFO - v-Epoch 14 | Loss: 0.1188 | Accuracy: 98.81 | Precision: 97.81 | Recall: 91.17 | F1: 94.37 | IoU: 88.71 
2025-03-17T05:08:33+0100 - train_s1_zscore_256_unet - INFO - t-Epoch 15 | Loss: 0.0972 | Accuracy: 99.04 | Precision: 96.79 | Recall: 94.72 | F1: 95.74 | IoU: 91.25 
2025-03-17T05:17:46+0100 - train_s1_zscore_256_unet - INFO - v-Epoch 15 | Loss: 0.1175 | Accuracy: 98.83 | Precision: 97.18 | Recall: 91.96 | F1: 94.5 | IoU: 88.72 
2025-03-17T05:38:28+0100 - train_s1_zscore_256_unet - INFO - t-Epoch 16 | Loss: 0.0981 | Accuracy: 99.04 | Precision: 96.8 | Recall: 94.73 | F1: 95.76 | IoU: 91.19 
2025-03-17T05:47:18+0100 - train_s1_zscore_256_unet - INFO - v-Epoch 16 | Loss: 0.1188 | Accuracy: 98.82 | Precision: 97.66 | Recall: 91.44 | F1: 94.45 | IoU: 88.86 
2025-03-17T06:08:03+0100 - train_s1_zscore_256_unet - INFO - t-Epoch 17 | Loss: 0.0959 | Accuracy: 99.05 | Precision: 96.83 | Recall: 94.74 | F1: 95.77 | IoU: 91.29 
2025-03-17T06:17:15+0100 - train_s1_zscore_256_unet - INFO - v-Epoch 17 | Loss: 0.1193 | Accuracy: 98.82 | Precision: 97.63 | Recall: 91.44 | F1: 94.43 | IoU: 88.69 
2025-03-17T06:38:01+0100 - train_s1_zscore_256_unet - INFO - t-Epoch 18 | Loss: 0.0969 | Accuracy: 99.05 | Precision: 96.8 | Recall: 94.79 | F1: 95.78 | IoU: 91.14 
2025-03-17T06:47:04+0100 - train_s1_zscore_256_unet - INFO - v-Epoch 18 | Loss: 0.1157 | Accuracy: 98.84 | Precision: 97.2 | Recall: 92.04 | F1: 94.55 | IoU: 88.93 
2025-03-17T07:08:15+0100 - train_s1_zscore_256_unet - INFO - t-Epoch 19 | Loss: 0.0963 | Accuracy: 99.05 | Precision: 96.8 | Recall: 94.8 | F1: 95.79 | IoU: 91.24 
2025-03-17T07:17:36+0100 - train_s1_zscore_256_unet - INFO - v-Epoch 19 | Loss: 0.1139 | Accuracy: 98.85 | Precision: 97.12 | Recall: 92.26 | F1: 94.63 | IoU: 89.06 
2025-03-17T07:38:21+0100 - train_s1_zscore_256_unet - INFO - t-Epoch 20 | Loss: 0.0941 | Accuracy: 99.07 | Precision: 96.82 | Recall: 94.92 | F1: 95.86 | IoU: 91.41 
2025-03-17T07:47:22+0100 - train_s1_zscore_256_unet - INFO - v-Epoch 20 | Loss: 0.1136 | Accuracy: 98.86 | Precision: 97.34 | Recall: 92.09 | F1: 94.64 | IoU: 89.21 
2025-03-17T08:08:06+0100 - train_s1_zscore_256_unet - INFO - t-Epoch 21 | Loss: 0.0958 | Accuracy: 99.06 | Precision: 96.82 | Recall: 94.89 | F1: 95.84 | IoU: 91.27 
2025-03-17T08:17:26+0100 - train_s1_zscore_256_unet - INFO - v-Epoch 21 | Loss: 0.1168 | Accuracy: 98.85 | Precision: 97.31 | Recall: 92.01 | F1: 94.59 | IoU: 88.78 
2025-03-17T08:38:54+0100 - train_s1_zscore_256_unet - INFO - t-Epoch 22 | Loss: 0.0938 | Accuracy: 99.08 | Precision: 96.95 | Recall: 94.92 | F1: 95.93 | IoU: 91.45 
2025-03-17T08:48:12+0100 - train_s1_zscore_256_unet - INFO - v-Epoch 22 | Loss: 0.1135 | Accuracy: 98.86 | Precision: 97.23 | Recall: 92.19 | F1: 94.64 | IoU: 89.13 
2025-03-17T22:28:43+0100 - train_s1_zscore_256_unet - INFO - Start Training ... 
2025-03-17T23:01:25+0100 - train_s1_zscore_256_unet - INFO - t-Epoch 1 | Loss: 0.1065 | Accuracy: 98.96 | Precision: 96.56 | Recall: 94.2 | F1: 95.36 | IoU: 90.46 
2025-03-17T23:14:34+0100 - train_s1_zscore_256_unet - INFO - v-Epoch 1 | Loss: 0.1220 | Accuracy: 98.79 | Precision: 97.46 | Recall: 91.37 | F1: 94.32 | IoU: 88.4 
2025-03-17T23:14:35+0100 - train_s1_zscore_256_unet - INFO - Best model saved to /eodc/private/tuwgeo/users/mabdelaa/repos/seg_likelihood/models/s1_zscore_256_slope_UNet.pth 
2025-03-17T23:38:43+0100 - train_s1_zscore_256_unet - INFO - t-Epoch 2 | Loss: 0.1065 | Accuracy: 98.96 | Precision: 96.62 | Recall: 94.14 | F1: 95.36 | IoU: 90.49 
2025-03-17T23:49:57+0100 - train_s1_zscore_256_unet - INFO - v-Epoch 2 | Loss: 0.1284 | Accuracy: 98.74 | Precision: 97.62 | Recall: 90.67 | F1: 94.02 | IoU: 87.96 
2025-03-18T00:15:06+0100 - train_s1_zscore_256_unet - INFO - t-Epoch 3 | Loss: 0.1066 | Accuracy: 98.96 | Precision: 96.51 | Recall: 94.23 | F1: 95.35 | IoU: 90.4 
2025-03-18T00:24:34+0100 - train_s1_zscore_256_unet - INFO - v-Epoch 3 | Loss: 0.1309 | Accuracy: 98.72 | Precision: 97.82 | Recall: 90.33 | F1: 93.92 | IoU: 87.64 
2025-03-18T00:46:50+0100 - train_s1_zscore_256_unet - INFO - t-Epoch 4 | Loss: 0.1059 | Accuracy: 98.96 | Precision: 96.52 | Recall: 94.28 | F1: 95.39 | IoU: 90.5 
2025-03-18T00:56:04+0100 - train_s1_zscore_256_unet - INFO - v-Epoch 4 | Loss: 0.1234 | Accuracy: 98.79 | Precision: 97.13 | Recall: 91.62 | F1: 94.3 | IoU: 88.34 
2025-03-21T04:29:50+0100 - train_s1_zscore_256_unet - INFO - Start Training ... 
2025-03-21T05:02:19+0100 - train_s1_zscore_256_unet - INFO - t-Epoch 1 | Loss: 0.7593 | Accuracy: 89.36 | Precision: 52.82 | Recall: 60.39 | F1: 56.35 | IoU: 38.95 
2025-03-21T05:15:22+0100 - train_s1_zscore_256_unet - INFO - v-Epoch 1 | Loss: 0.2495 | Accuracy: 97.66 | Precision: 93.12 | Recall: 84.95 | F1: 88.85 | IoU: 78.46 
2025-03-21T05:15:23+0100 - train_s1_zscore_256_unet - INFO - Best model saved to /eodc/private/tuwgeo/users/mabdelaa/repos/seg_likelihood/models/s1_zscore_256UNet.pth 
2025-03-21T05:36:57+0100 - train_s1_zscore_256_unet - INFO - t-Epoch 2 | Loss: 0.6003 | Accuracy: 91.77 | Precision: 60.88 | Recall: 77.4 | F1: 68.15 | IoU: 51.38 
2025-03-21T05:46:12+0100 - train_s1_zscore_256_unet - INFO - v-Epoch 2 | Loss: 0.2493 | Accuracy: 97.73 | Precision: 94.63 | Recall: 84.1 | F1: 89.05 | IoU: 78.93 
2025-03-21T05:46:13+0100 - train_s1_zscore_256_unet - INFO - Best model saved to /eodc/private/tuwgeo/users/mabdelaa/repos/seg_likelihood/models/s1_zscore_256UNet.pth 
2025-03-21T06:06:46+0100 - train_s1_zscore_256_unet - INFO - t-Epoch 3 | Loss: 0.5345 | Accuracy: 92.91 | Precision: 64.96 | Recall: 81.9 | F1: 72.46 | IoU: 56.32 
2025-03-21T06:15:54+0100 - train_s1_zscore_256_unet - INFO - v-Epoch 3 | Loss: 0.3036 | Accuracy: 97.53 | Precision: 97.7 | Recall: 79.33 | F1: 87.56 | IoU: 76.07 
2025-03-21T06:36:32+0100 - train_s1_zscore_256_unet - INFO - t-Epoch 4 | Loss: 0.4938 | Accuracy: 93.44 | Precision: 66.47 | Recall: 85.56 | F1: 74.82 | IoU: 59.36 
2025-03-21T06:45:25+0100 - train_s1_zscore_256_unet - INFO - v-Epoch 4 | Loss: 0.2738 | Accuracy: 97.8 | Precision: 95.61 | Recall: 83.74 | F1: 89.28 | IoU: 78.99 
2025-03-21T07:06:05+0100 - train_s1_zscore_256_unet - INFO - t-Epoch 5 | Loss: 0.4576 | Accuracy: 93.99 | Precision: 68.66 | Recall: 86.88 | F1: 76.7 | IoU: 61.74 
2025-03-21T07:15:24+0100 - train_s1_zscore_256_unet - INFO - v-Epoch 5 | Loss: 0.2844 | Accuracy: 97.76 | Precision: 93.51 | Recall: 85.47 | F1: 89.31 | IoU: 79.48 
2025-03-21T07:35:59+0100 - train_s1_zscore_256_unet - INFO - t-Epoch 6 | Loss: 0.4408 | Accuracy: 94.16 | Precision: 69.07 | Recall: 88.16 | F1: 77.46 | IoU: 62.67 
2025-03-21T07:45:05+0100 - train_s1_zscore_256_unet - INFO - v-Epoch 6 | Loss: 0.2352 | Accuracy: 97.81 | Precision: 96.0 | Recall: 83.48 | F1: 89.31 | IoU: 79.77 
2025-03-21T07:45:06+0100 - train_s1_zscore_256_unet - INFO - Best model saved to /eodc/private/tuwgeo/users/mabdelaa/repos/seg_likelihood/models/s1_zscore_256UNet.pth 
2025-03-21T08:05:51+0100 - train_s1_zscore_256_unet - INFO - t-Epoch 7 | Loss: 0.4247 | Accuracy: 94.44 | Precision: 70.61 | Recall: 87.68 | F1: 78.22 | IoU: 63.81 
2025-03-21T08:15:18+0100 - train_s1_zscore_256_unet - INFO - v-Epoch 7 | Loss: 0.5419 | Accuracy: 94.05 | Precision: 94.32 | Recall: 48.56 | F1: 64.12 | IoU: 46.94 
2025-03-21T08:35:55+0100 - train_s1_zscore_256_unet - INFO - t-Epoch 8 | Loss: 0.4131 | Accuracy: 94.66 | Precision: 71.9 | Recall: 87.25 | F1: 78.84 | IoU: 64.63 
2025-03-21T08:45:02+0100 - train_s1_zscore_256_unet - INFO - v-Epoch 8 | Loss: 0.3727 | Accuracy: 95.72 | Precision: 94.36 | Recall: 64.76 | F1: 76.81 | IoU: 62.14 
2025-03-21T09:05:41+0100 - train_s1_zscore_256_unet - INFO - t-Epoch 9 | Loss: 0.4069 | Accuracy: 94.82 | Precision: 72.78 | Recall: 86.95 | F1: 79.24 | IoU: 65.23 
2025-03-21T09:15:02+0100 - train_s1_zscore_256_unet - INFO - v-Epoch 9 | Loss: 0.2873 | Accuracy: 96.84 | Precision: 96.7 | Recall: 73.69 | F1: 83.64 | IoU: 70.98 
2025-03-21T09:35:52+0100 - train_s1_zscore_256_unet - INFO - t-Epoch 10 | Loss: 0.3970 | Accuracy: 94.96 | Precision: 73.27 | Recall: 87.6 | F1: 79.8 | IoU: 65.89 
2025-03-21T09:45:24+0100 - train_s1_zscore_256_unet - INFO - v-Epoch 10 | Loss: 0.3252 | Accuracy: 96.4 | Precision: 93.47 | Recall: 72.22 | F1: 81.48 | IoU: 68.25 
2025-03-21T10:08:09+0100 - train_s1_zscore_256_unet - INFO - t-Epoch 11 | Loss: 0.3880 | Accuracy: 95.05 | Precision: 73.64 | Recall: 88.12 | F1: 80.23 | IoU: 66.51 
2025-03-21T10:17:55+0100 - train_s1_zscore_256_unet - INFO - v-Epoch 11 | Loss: 0.3600 | Accuracy: 96.26 | Precision: 96.35 | Recall: 68.47 | F1: 80.05 | IoU: 66.44 
2025-03-21T10:40:43+0100 - train_s1_zscore_256_unet - INFO - t-Epoch 12 | Loss: 0.3837 | Accuracy: 95.09 | Precision: 73.65 | Recall: 88.51 | F1: 80.4 | IoU: 66.75 
2025-03-21T10:50:40+0100 - train_s1_zscore_256_unet - INFO - v-Epoch 12 | Loss: 0.3064 | Accuracy: 96.63 | Precision: 96.08 | Recall: 72.19 | F1: 82.44 | IoU: 69.51 
2025-03-21T11:13:36+0100 - train_s1_zscore_256_unet - INFO - t-Epoch 13 | Loss: 0.3637 | Accuracy: 95.4 | Precision: 75.17 | Recall: 88.9 | F1: 81.46 | IoU: 68.34 
2025-03-21T11:23:29+0100 - train_s1_zscore_256_unet - INFO - v-Epoch 13 | Loss: 0.3662 | Accuracy: 95.91 | Precision: 95.44 | Recall: 65.79 | F1: 77.89 | IoU: 63.35 
2025-03-23T18:51:48+0100 - train_s1_zscore_256_unet - INFO - Start Training ... 
2025-03-23T19:12:11+0100 - train_s1_zscore_256_unet - INFO - t-Epoch 1 | Loss: 0.6366 | Accuracy: 92.3 | Precision: 65.64 | Recall: 67.59 | F1: 66.6 | IoU: 49.92 
2025-03-23T19:21:07+0100 - train_s1_zscore_256_unet - INFO - v-Epoch 1 | Loss: 0.2995 | Accuracy: 97.32 | Precision: 94.88 | Recall: 79.86 | F1: 86.73 | IoU: 74.76 
2025-03-23T19:21:09+0100 - train_s1_zscore_256_unet - INFO - Best model saved to /eodc/private/tuwgeo/users/mabdelaa/repos/seg_likelihood/models/s1_zscore_256_slope_UNet.pth 
2025-03-23T19:36:28+0100 - train_s1_zscore_256_unet - INFO - t-Epoch 2 | Loss: 0.4910 | Accuracy: 94.5 | Precision: 76.4 | Recall: 74.69 | F1: 75.53 | IoU: 60.04 
2025-03-23T19:43:42+0100 - train_s1_zscore_256_unet - INFO - v-Epoch 2 | Loss: 0.2829 | Accuracy: 97.4 | Precision: 94.58 | Recall: 80.86 | F1: 87.19 | IoU: 75.72 
2025-03-23T19:43:43+0100 - train_s1_zscore_256_unet - INFO - Best model saved to /eodc/private/tuwgeo/users/mabdelaa/repos/seg_likelihood/models/s1_zscore_256_slope_UNet.pth 
2025-03-23T19:58:09+0100 - train_s1_zscore_256_unet - INFO - t-Epoch 3 | Loss: 0.4269 | Accuracy: 95.34 | Precision: 80.75 | Recall: 77.59 | F1: 79.14 | IoU: 64.64 
2025-03-23T20:04:47+0100 - train_s1_zscore_256_unet - INFO - v-Epoch 3 | Loss: 0.2877 | Accuracy: 97.29 | Precision: 93.87 | Recall: 80.48 | F1: 86.66 | IoU: 74.73 
2025-03-23T20:18:14+0100 - train_s1_zscore_256_unet - INFO - t-Epoch 4 | Loss: 0.3839 | Accuracy: 95.85 | Precision: 83.32 | Recall: 79.47 | F1: 81.35 | IoU: 67.62 
2025-03-23T20:24:32+0100 - train_s1_zscore_256_unet - INFO - v-Epoch 4 | Loss: 0.2706 | Accuracy: 97.45 | Precision: 94.78 | Recall: 81.15 | F1: 87.44 | IoU: 75.87 
2025-03-23T20:24:33+0100 - train_s1_zscore_256_unet - INFO - Best model saved to /eodc/private/tuwgeo/users/mabdelaa/repos/seg_likelihood/models/s1_zscore_256_slope_UNet.pth 
2025-03-23T20:36:53+0100 - train_s1_zscore_256_unet - INFO - t-Epoch 5 | Loss: 0.3498 | Accuracy: 96.24 | Precision: 83.68 | Recall: 83.22 | F1: 83.45 | IoU: 70.63 
2025-03-23T20:43:12+0100 - train_s1_zscore_256_unet - INFO - v-Epoch 5 | Loss: 0.2431 | Accuracy: 97.66 | Precision: 97.09 | Recall: 81.1 | F1: 88.38 | IoU: 77.53 
2025-03-23T20:43:13+0100 - train_s1_zscore_256_unet - INFO - Best model saved to /eodc/private/tuwgeo/users/mabdelaa/repos/seg_likelihood/models/s1_zscore_256_slope_UNet.pth 
2025-03-23T20:55:54+0100 - train_s1_zscore_256_unet - INFO - t-Epoch 6 | Loss: 0.3145 | Accuracy: 96.71 | Precision: 86.21 | Recall: 84.64 | F1: 85.42 | IoU: 73.63 
2025-03-23T21:02:15+0100 - train_s1_zscore_256_unet - INFO - v-Epoch 6 | Loss: 0.2390 | Accuracy: 97.64 | Precision: 95.98 | Recall: 81.92 | F1: 88.39 | IoU: 77.77 
2025-03-23T21:02:15+0100 - train_s1_zscore_256_unet - INFO - Best model saved to /eodc/private/tuwgeo/users/mabdelaa/repos/seg_likelihood/models/s1_zscore_256_slope_UNet.pth 
2025-03-23T21:15:46+0100 - train_s1_zscore_256_unet - INFO - t-Epoch 7 | Loss: 0.3043 | Accuracy: 96.86 | Precision: 86.81 | Recall: 85.29 | F1: 86.04 | IoU: 74.38 
2025-03-23T21:22:24+0100 - train_s1_zscore_256_unet - INFO - v-Epoch 7 | Loss: 0.2333 | Accuracy: 97.64 | Precision: 94.7 | Recall: 83.11 | F1: 88.53 | IoU: 77.83 
2025-03-23T21:22:25+0100 - train_s1_zscore_256_unet - INFO - Best model saved to /eodc/private/tuwgeo/users/mabdelaa/repos/seg_likelihood/models/s1_zscore_256_slope_UNet.pth 
2025-03-23T21:34:30+0100 - train_s1_zscore_256_unet - INFO - t-Epoch 8 | Loss: 0.2825 | Accuracy: 97.09 | Precision: 88.2 | Recall: 85.9 | F1: 87.04 | IoU: 76.26 
2025-03-23T21:40:29+0100 - train_s1_zscore_256_unet - INFO - v-Epoch 8 | Loss: 0.2379 | Accuracy: 97.66 | Precision: 97.64 | Recall: 80.62 | F1: 88.31 | IoU: 77.62 
2025-03-23T21:52:30+0100 - train_s1_zscore_256_unet - INFO - t-Epoch 9 | Loss: 0.2722 | Accuracy: 97.18 | Precision: 88.28 | Recall: 86.69 | F1: 87.47 | IoU: 76.83 
2025-03-23T21:59:02+0100 - train_s1_zscore_256_unet - INFO - v-Epoch 9 | Loss: 0.2246 | Accuracy: 97.78 | Precision: 96.03 | Recall: 83.2 | F1: 89.15 | IoU: 79.03 
2025-03-23T21:59:02+0100 - train_s1_zscore_256_unet - INFO - Best model saved to /eodc/private/tuwgeo/users/mabdelaa/repos/seg_likelihood/models/s1_zscore_256_slope_UNet.pth 
2025-03-23T22:12:45+0100 - train_s1_zscore_256_unet - INFO - t-Epoch 10 | Loss: 0.2538 | Accuracy: 97.34 | Precision: 88.6 | Recall: 87.93 | F1: 88.27 | IoU: 78.26 
2025-03-23T22:19:13+0100 - train_s1_zscore_256_unet - INFO - v-Epoch 10 | Loss: 0.1928 | Accuracy: 98.11 | Precision: 96.41 | Recall: 85.9 | F1: 90.85 | IoU: 82.1 
2025-03-23T22:19:13+0100 - train_s1_zscore_256_unet - INFO - Best model saved to /eodc/private/tuwgeo/users/mabdelaa/repos/seg_likelihood/models/s1_zscore_256_slope_UNet.pth 
2025-03-23T22:33:54+0100 - train_s1_zscore_256_unet - INFO - t-Epoch 11 | Loss: 0.2431 | Accuracy: 97.45 | Precision: 89.05 | Recall: 88.45 | F1: 88.75 | IoU: 79.04 
2025-03-23T22:40:21+0100 - train_s1_zscore_256_unet - INFO - v-Epoch 11 | Loss: 0.1800 | Accuracy: 98.22 | Precision: 95.53 | Recall: 87.84 | F1: 91.52 | IoU: 83.42 
2025-03-23T22:40:21+0100 - train_s1_zscore_256_unet - INFO - Best model saved to /eodc/private/tuwgeo/users/mabdelaa/repos/seg_likelihood/models/s1_zscore_256_slope_UNet.pth 
2025-03-23T22:53:37+0100 - train_s1_zscore_256_unet - INFO - t-Epoch 12 | Loss: 0.2333 | Accuracy: 97.56 | Precision: 89.6 | Recall: 88.86 | F1: 89.23 | IoU: 79.92 
2025-03-23T23:00:14+0100 - train_s1_zscore_256_unet - INFO - v-Epoch 12 | Loss: 0.1899 | Accuracy: 98.19 | Precision: 95.81 | Recall: 87.27 | F1: 91.34 | IoU: 82.99 
2025-03-23T23:12:35+0100 - train_s1_zscore_256_unet - INFO - t-Epoch 13 | Loss: 0.2268 | Accuracy: 97.63 | Precision: 89.87 | Recall: 89.25 | F1: 89.56 | IoU: 80.31 
2025-03-23T23:18:28+0100 - train_s1_zscore_256_unet - INFO - v-Epoch 13 | Loss: 0.1881 | Accuracy: 98.11 | Precision: 94.33 | Recall: 88.05 | F1: 91.08 | IoU: 82.46 
2025-03-23T23:29:30+0100 - train_s1_zscore_256_unet - INFO - t-Epoch 14 | Loss: 0.2276 | Accuracy: 97.63 | Precision: 89.97 | Recall: 89.12 | F1: 89.54 | IoU: 80.38 
2025-03-23T23:34:08+0100 - train_s1_zscore_256_unet - INFO - v-Epoch 14 | Loss: 0.1937 | Accuracy: 98.05 | Precision: 96.08 | Recall: 85.66 | F1: 90.57 | IoU: 81.99 
2025-03-23T23:45:13+0100 - train_s1_zscore_256_unet - INFO - t-Epoch 15 | Loss: 0.2229 | Accuracy: 97.67 | Precision: 89.95 | Recall: 89.53 | F1: 89.74 | IoU: 80.63 
2025-03-23T23:50:38+0100 - train_s1_zscore_256_unet - INFO - v-Epoch 15 | Loss: 0.1837 | Accuracy: 98.21 | Precision: 96.92 | Recall: 86.42 | F1: 91.37 | IoU: 83.04 
2025-03-24T00:04:29+0100 - train_s1_zscore_256_unet - INFO - t-Epoch 16 | Loss: 0.2213 | Accuracy: 97.69 | Precision: 90.3 | Recall: 89.3 | F1: 89.8 | IoU: 80.77 
2025-03-24T00:10:38+0100 - train_s1_zscore_256_unet - INFO - v-Epoch 16 | Loss: 0.1761 | Accuracy: 98.22 | Precision: 95.72 | Recall: 87.7 | F1: 91.53 | IoU: 83.54 
2025-03-24T00:10:39+0100 - train_s1_zscore_256_unet - INFO - Best model saved to /eodc/private/tuwgeo/users/mabdelaa/repos/seg_likelihood/models/s1_zscore_256_slope_UNet.pth 
2025-03-24T00:21:38+0100 - train_s1_zscore_256_unet - INFO - t-Epoch 17 | Loss: 0.2180 | Accuracy: 97.73 | Precision: 90.58 | Recall: 89.37 | F1: 89.97 | IoU: 81.07 
2025-03-24T00:25:51+0100 - train_s1_zscore_256_unet - INFO - v-Epoch 17 | Loss: 0.1899 | Accuracy: 98.16 | Precision: 95.96 | Recall: 86.87 | F1: 91.19 | IoU: 82.76 
2025-03-24T00:36:54+0100 - train_s1_zscore_256_unet - INFO - t-Epoch 18 | Loss: 0.2185 | Accuracy: 97.74 | Precision: 90.58 | Recall: 89.49 | F1: 90.03 | IoU: 80.96 
2025-03-24T00:43:03+0100 - train_s1_zscore_256_unet - INFO - v-Epoch 18 | Loss: 0.1746 | Accuracy: 98.28 | Precision: 95.74 | Recall: 88.19 | F1: 91.81 | IoU: 83.93 
2025-03-24T00:43:04+0100 - train_s1_zscore_256_unet - INFO - Best model saved to /eodc/private/tuwgeo/users/mabdelaa/repos/seg_likelihood/models/s1_zscore_256_slope_UNet.pth 
2025-03-24T00:55:19+0100 - train_s1_zscore_256_unet - INFO - t-Epoch 19 | Loss: 0.2089 | Accuracy: 97.83 | Precision: 90.87 | Recall: 89.97 | F1: 90.42 | IoU: 81.78 
2025-03-24T01:01:29+0100 - train_s1_zscore_256_unet - INFO - v-Epoch 19 | Loss: 0.1863 | Accuracy: 98.21 | Precision: 96.4 | Recall: 86.93 | F1: 91.42 | IoU: 83.32 
2025-03-24T01:15:04+0100 - train_s1_zscore_256_unet - INFO - t-Epoch 20 | Loss: 0.2116 | Accuracy: 97.8 | Precision: 90.81 | Recall: 89.81 | F1: 90.31 | IoU: 81.47 
2025-03-24T01:21:37+0100 - train_s1_zscore_256_unet - INFO - v-Epoch 20 | Loss: 0.1817 | Accuracy: 98.19 | Precision: 96.9 | Recall: 86.23 | F1: 91.25 | IoU: 83.19 
2025-03-24T01:33:15+0100 - train_s1_zscore_256_unet - INFO - t-Epoch 21 | Loss: 0.2072 | Accuracy: 97.87 | Precision: 90.95 | Recall: 90.28 | F1: 90.61 | IoU: 81.92 
2025-03-24T01:38:36+0100 - train_s1_zscore_256_unet - INFO - v-Epoch 21 | Loss: 0.1900 | Accuracy: 98.21 | Precision: 96.22 | Recall: 87.06 | F1: 91.41 | IoU: 82.97 
2025-03-24T01:50:38+0100 - train_s1_zscore_256_unet - INFO - t-Epoch 22 | Loss: 0.2106 | Accuracy: 97.82 | Precision: 90.76 | Recall: 90.01 | F1: 90.38 | IoU: 81.57 
2025-03-24T01:57:32+0100 - train_s1_zscore_256_unet - INFO - v-Epoch 22 | Loss: 0.2160 | Accuracy: 97.86 | Precision: 97.06 | Recall: 82.93 | F1: 89.44 | IoU: 79.91 
2025-03-24T02:09:30+0100 - train_s1_zscore_256_unet - INFO - t-Epoch 23 | Loss: 0.2057 | Accuracy: 97.85 | Precision: 91.06 | Recall: 89.98 | F1: 90.52 | IoU: 81.9 
2025-03-24T02:14:51+0100 - train_s1_zscore_256_unet - INFO - v-Epoch 23 | Loss: 0.1744 | Accuracy: 98.3 | Precision: 95.29 | Recall: 88.88 | F1: 91.98 | IoU: 84.17 
2025-03-24T02:14:52+0100 - train_s1_zscore_256_unet - INFO - Best model saved to /eodc/private/tuwgeo/users/mabdelaa/repos/seg_likelihood/models/s1_zscore_256_slope_UNet.pth 
2025-03-24T02:25:51+0100 - train_s1_zscore_256_unet - INFO - t-Epoch 24 | Loss: 0.1991 | Accuracy: 97.96 | Precision: 91.61 | Recall: 90.28 | F1: 90.94 | IoU: 82.53 
2025-03-24T02:29:59+0100 - train_s1_zscore_256_unet - INFO - v-Epoch 24 | Loss: 0.1885 | Accuracy: 98.13 | Precision: 95.73 | Recall: 86.81 | F1: 91.05 | IoU: 82.5 
2025-03-24T02:40:58+0100 - train_s1_zscore_256_unet - INFO - t-Epoch 25 | Loss: 0.2016 | Accuracy: 97.9 | Precision: 91.36 | Recall: 90.09 | F1: 90.72 | IoU: 82.19 
2025-03-24T02:45:25+0100 - train_s1_zscore_256_unet - INFO - v-Epoch 25 | Loss: 0.1698 | Accuracy: 98.34 | Precision: 96.13 | Recall: 88.39 | F1: 92.1 | IoU: 84.36 
2025-03-24T02:45:26+0100 - train_s1_zscore_256_unet - INFO - Best model saved to /eodc/private/tuwgeo/users/mabdelaa/repos/seg_likelihood/models/s1_zscore_256_slope_UNet.pth 
2025-03-24T21:58:08+0100 - train_s1_zscore_256_unet - INFO - Start Training ... 
2025-03-24T22:29:22+0100 - train_s1_zscore_256_unet - INFO - t-Epoch 1 | Loss: 0.1996 | Accuracy: 97.93 | Precision: 91.47 | Recall: 90.23 | F1: 90.84 | IoU: 82.46 
2025-03-24T22:41:59+0100 - train_s1_zscore_256_unet - INFO - v-Epoch 1 | Loss: 0.2191 | Accuracy: 97.79 | Precision: 95.64 | Recall: 83.68 | F1: 89.26 | IoU: 79.67 
2025-03-24T22:42:00+0100 - train_s1_zscore_256_unet - INFO - Best model saved to /eodc/private/tuwgeo/users/mabdelaa/repos/seg_likelihood/models/s1_zscore_256_slope_UNet.pth 
2025-03-24T23:07:22+0100 - train_s1_zscore_256_unet - INFO - t-Epoch 2 | Loss: 0.1983 | Accuracy: 97.94 | Precision: 91.59 | Recall: 90.2 | F1: 90.89 | IoU: 82.61 
2025-03-24T23:17:26+0100 - train_s1_zscore_256_unet - INFO - v-Epoch 2 | Loss: 0.1722 | Accuracy: 98.33 | Precision: 96.53 | Recall: 87.94 | F1: 92.03 | IoU: 84.33 
2025-03-24T23:17:26+0100 - train_s1_zscore_256_unet - INFO - Best model saved to /eodc/private/tuwgeo/users/mabdelaa/repos/seg_likelihood/models/s1_zscore_256_slope_UNet.pth 
2025-03-24T23:39:39+0100 - train_s1_zscore_256_unet - INFO - t-Epoch 3 | Loss: 0.1945 | Accuracy: 97.98 | Precision: 91.66 | Recall: 90.55 | F1: 91.1 | IoU: 82.89 
2025-03-24T23:49:23+0100 - train_s1_zscore_256_unet - INFO - v-Epoch 3 | Loss: 0.1874 | Accuracy: 98.23 | Precision: 96.8 | Recall: 86.72 | F1: 91.49 | IoU: 83.19 
2025-03-25T00:11:24+0100 - train_s1_zscore_256_unet - INFO - t-Epoch 4 | Loss: 0.1943 | Accuracy: 98.0 | Precision: 91.76 | Recall: 90.56 | F1: 91.16 | IoU: 82.95 
2025-03-25T00:21:07+0100 - train_s1_zscore_256_unet - INFO - v-Epoch 4 | Loss: 0.1879 | Accuracy: 98.2 | Precision: 96.99 | Recall: 86.25 | F1: 91.31 | IoU: 83.03 
2025-03-25T00:43:09+0100 - train_s1_zscore_256_unet - INFO - t-Epoch 5 | Loss: 0.1956 | Accuracy: 97.98 | Precision: 91.63 | Recall: 90.53 | F1: 91.08 | IoU: 82.83 
2025-03-25T00:52:58+0100 - train_s1_zscore_256_unet - INFO - v-Epoch 5 | Loss: 0.1794 | Accuracy: 98.27 | Precision: 96.87 | Recall: 87.0 | F1: 91.67 | IoU: 83.67 
2025-03-25T01:15:34+0100 - train_s1_zscore_256_unet - INFO - t-Epoch 6 | Loss: 0.1938 | Accuracy: 97.99 | Precision: 91.68 | Recall: 90.54 | F1: 91.11 | IoU: 82.86 
2025-03-25T01:25:29+0100 - train_s1_zscore_256_unet - INFO - v-Epoch 6 | Loss: 0.1669 | Accuracy: 98.32 | Precision: 95.14 | Recall: 89.18 | F1: 92.07 | IoU: 84.3 
2025-03-25T01:25:30+0100 - train_s1_zscore_256_unet - INFO - Best model saved to /eodc/private/tuwgeo/users/mabdelaa/repos/seg_likelihood/models/s1_zscore_256_slope_UNet.pth 
2025-03-25T01:47:37+0100 - train_s1_zscore_256_unet - INFO - t-Epoch 7 | Loss: 0.1916 | Accuracy: 98.01 | Precision: 91.72 | Recall: 90.73 | F1: 91.22 | IoU: 82.9 
2025-03-25T01:57:17+0100 - train_s1_zscore_256_unet - INFO - v-Epoch 7 | Loss: 0.1778 | Accuracy: 98.22 | Precision: 94.35 | Recall: 89.1 | F1: 91.65 | IoU: 83.44 
2025-03-25T02:19:29+0100 - train_s1_zscore_256_unet - INFO - t-Epoch 8 | Loss: 0.1894 | Accuracy: 98.02 | Precision: 91.88 | Recall: 90.59 | F1: 91.23 | IoU: 83.23 
2025-03-25T02:30:16+0100 - train_s1_zscore_256_unet - INFO - v-Epoch 8 | Loss: 0.1736 | Accuracy: 98.29 | Precision: 95.45 | Recall: 88.65 | F1: 91.92 | IoU: 84.15 
2025-03-25T02:55:33+0100 - train_s1_zscore_256_unet - INFO - t-Epoch 9 | Loss: 0.1866 | Accuracy: 98.06 | Precision: 92.0 | Recall: 90.83 | F1: 91.41 | IoU: 83.45 
2025-03-25T03:05:58+0100 - train_s1_zscore_256_unet - INFO - v-Epoch 9 | Loss: 0.1859 | Accuracy: 98.19 | Precision: 96.43 | Recall: 86.68 | F1: 91.3 | IoU: 82.85 
2025-03-25T03:28:14+0100 - train_s1_zscore_256_unet - INFO - t-Epoch 10 | Loss: 0.1845 | Accuracy: 98.07 | Precision: 92.37 | Recall: 90.53 | F1: 91.44 | IoU: 83.58 
2025-03-25T03:37:58+0100 - train_s1_zscore_256_unet - INFO - v-Epoch 10 | Loss: 0.1775 | Accuracy: 98.23 | Precision: 96.6 | Recall: 86.92 | F1: 91.5 | IoU: 83.37 
2025-03-25T04:00:06+0100 - train_s1_zscore_256_unet - INFO - t-Epoch 11 | Loss: 0.1801 | Accuracy: 98.12 | Precision: 92.53 | Recall: 90.79 | F1: 91.65 | IoU: 83.87 
2025-03-25T04:09:59+0100 - train_s1_zscore_256_unet - INFO - v-Epoch 11 | Loss: 0.1804 | Accuracy: 98.22 | Precision: 95.46 | Recall: 87.91 | F1: 91.53 | IoU: 83.5 
2025-03-25T04:32:18+0100 - train_s1_zscore_256_unet - INFO - t-Epoch 12 | Loss: 0.1784 | Accuracy: 98.15 | Precision: 92.85 | Recall: 90.68 | F1: 91.75 | IoU: 84.08 
2025-03-25T04:42:05+0100 - train_s1_zscore_256_unet - INFO - v-Epoch 12 | Loss: 0.1883 | Accuracy: 98.17 | Precision: 97.17 | Recall: 85.75 | F1: 91.1 | IoU: 82.81 
2025-03-25T05:04:12+0100 - train_s1_zscore_256_unet - INFO - t-Epoch 13 | Loss: 0.1600 | Accuracy: 98.34 | Precision: 93.98 | Recall: 91.25 | F1: 92.59 | IoU: 85.55 
2025-03-25T05:14:07+0100 - train_s1_zscore_256_unet - INFO - v-Epoch 13 | Loss: 0.1823 | Accuracy: 98.19 | Precision: 96.72 | Recall: 86.39 | F1: 91.26 | IoU: 82.94 
2025-03-25T05:36:25+0100 - train_s1_zscore_256_unet - INFO - t-Epoch 14 | Loss: 0.1550 | Accuracy: 98.4 | Precision: 94.12 | Recall: 91.64 | F1: 92.86 | IoU: 85.96 
2025-03-25T05:46:18+0100 - train_s1_zscore_256_unet - INFO - v-Epoch 14 | Loss: 0.1826 | Accuracy: 98.18 | Precision: 97.04 | Recall: 86.0 | F1: 91.18 | IoU: 83.16 
2025-03-25T06:08:25+0100 - train_s1_zscore_256_unet - INFO - t-Epoch 15 | Loss: 0.1540 | Accuracy: 98.41 | Precision: 94.36 | Recall: 91.45 | F1: 92.88 | IoU: 86.01 
2025-03-25T06:18:29+0100 - train_s1_zscore_256_unet - INFO - v-Epoch 15 | Loss: 0.1715 | Accuracy: 98.31 | Precision: 96.54 | Recall: 87.71 | F1: 91.91 | IoU: 84.01 
2025-03-25T06:40:54+0100 - train_s1_zscore_256_unet - INFO - t-Epoch 16 | Loss: 0.1504 | Accuracy: 98.45 | Precision: 94.47 | Recall: 91.68 | F1: 93.05 | IoU: 86.29 
2025-03-25T06:50:59+0100 - train_s1_zscore_256_unet - INFO - v-Epoch 16 | Loss: 0.1783 | Accuracy: 98.24 | Precision: 97.08 | Recall: 86.52 | F1: 91.49 | IoU: 83.62 
2025-03-25T07:13:30+0100 - train_s1_zscore_256_unet - INFO - t-Epoch 17 | Loss: 0.1517 | Accuracy: 98.44 | Precision: 94.46 | Recall: 91.65 | F1: 93.03 | IoU: 86.27 
2025-03-25T07:23:34+0100 - train_s1_zscore_256_unet - INFO - v-Epoch 17 | Loss: 0.1827 | Accuracy: 98.19 | Precision: 96.95 | Recall: 86.16 | F1: 91.24 | IoU: 83.02 
2025-03-25T07:45:57+0100 - train_s1_zscore_256_unet - INFO - t-Epoch 18 | Loss: 0.1518 | Accuracy: 98.44 | Precision: 94.4 | Recall: 91.71 | F1: 93.04 | IoU: 86.07 
2025-03-25T07:55:58+0100 - train_s1_zscore_256_unet - INFO - v-Epoch 18 | Loss: 0.1889 | Accuracy: 98.1 | Precision: 96.51 | Recall: 85.78 | F1: 90.83 | IoU: 82.41 
2025-03-25T08:19:02+0100 - train_s1_zscore_256_unet - INFO - t-Epoch 19 | Loss: 0.1461 | Accuracy: 98.5 | Precision: 94.69 | Recall: 91.93 | F1: 93.29 | IoU: 86.72 
2025-03-25T08:30:25+0100 - train_s1_zscore_256_unet - INFO - v-Epoch 19 | Loss: 0.1739 | Accuracy: 98.28 | Precision: 96.48 | Recall: 87.47 | F1: 91.75 | IoU: 83.96 
2025-03-25T08:55:46+0100 - train_s1_zscore_256_unet - INFO - t-Epoch 20 | Loss: 0.1483 | Accuracy: 98.48 | Precision: 94.65 | Recall: 91.77 | F1: 93.19 | IoU: 86.38 
2025-03-25T09:06:00+0100 - train_s1_zscore_256_unet - INFO - v-Epoch 20 | Loss: 0.1788 | Accuracy: 98.22 | Precision: 97.1 | Recall: 86.35 | F1: 91.41 | IoU: 83.56 
2025-03-25T09:28:29+0100 - train_s1_zscore_256_unet - INFO - t-Epoch 21 | Loss: 0.1473 | Accuracy: 98.49 | Precision: 94.76 | Recall: 91.83 | F1: 93.27 | IoU: 86.49 
2025-03-25T09:38:28+0100 - train_s1_zscore_256_unet - INFO - v-Epoch 21 | Loss: 0.1764 | Accuracy: 98.26 | Precision: 96.39 | Recall: 87.36 | F1: 91.65 | IoU: 83.5 
2025-03-25T09:38:28+0100 - train_s1_zscore_256_unet - INFO - Early stopping triggered. 
2025-03-25T09:38:28+0100 - train_s1_zscore_256_unet - INFO - Training complete. 
2025-04-21T22:11:40+0200 - train_s1_zscore_256_unet - INFO - Start Training ... 
2025-04-21T22:33:17+0200 - train_s1_zscore_256_unet - INFO - t-Epoch 1 | Loss: 0.6696 | Accuracy: 90.8 | Precision: 58.18 | Recall: 68.7 | F1: 63.0 | IoU: 46.18 
2025-04-21T22:42:05+0200 - train_s1_zscore_256_unet - INFO - v-Epoch 1 | Loss: 0.5000 | Accuracy: 94.53 | Precision: 97.9 | Recall: 51.18 | F1: 67.22 | IoU: 49.22 
2025-04-21T22:42:06+0200 - train_s1_zscore_256_unet - INFO - Best model saved to /eodc/private/tuwgeo/users/mabdelaa/repos/seg_likelihood/models/s1_zscore_256_slope_UNet.pth 
2025-04-21T22:57:24+0200 - train_s1_zscore_256_unet - INFO - t-Epoch 2 | Loss: 0.5123 | Accuracy: 93.72 | Precision: 72.17 | Recall: 73.06 | F1: 72.61 | IoU: 56.95 
2025-04-21T23:04:11+0200 - train_s1_zscore_256_unet - INFO - v-Epoch 2 | Loss: 0.4916 | Accuracy: 94.63 | Precision: 98.44 | Recall: 51.82 | F1: 67.9 | IoU: 50.38 
2025-04-21T23:04:11+0200 - train_s1_zscore_256_unet - INFO - Best model saved to /eodc/private/tuwgeo/users/mabdelaa/repos/seg_likelihood/models/s1_zscore_256_slope_UNet.pth 
2025-04-21T23:18:03+0200 - train_s1_zscore_256_unet - INFO - t-Epoch 3 | Loss: 0.3626 | Accuracy: 96.09 | Precision: 84.19 | Recall: 80.8 | F1: 82.46 | IoU: 69.36 
2025-04-21T23:24:29+0200 - train_s1_zscore_256_unet - INFO - v-Epoch 3 | Loss: 0.2044 | Accuracy: 98.0 | Precision: 95.46 | Recall: 85.79 | F1: 90.37 | IoU: 81.11 
2025-04-21T23:24:30+0200 - train_s1_zscore_256_unet - INFO - Best model saved to /eodc/private/tuwgeo/users/mabdelaa/repos/seg_likelihood/models/s1_zscore_256_slope_UNet.pth 
2025-04-21T23:36:38+0200 - train_s1_zscore_256_unet - INFO - t-Epoch 4 | Loss: 0.2487 | Accuracy: 97.53 | Precision: 91.22 | Recall: 86.59 | F1: 88.85 | IoU: 78.93 
2025-04-21T23:42:54+0200 - train_s1_zscore_256_unet - INFO - v-Epoch 4 | Loss: 0.1700 | Accuracy: 98.34 | Precision: 95.5 | Recall: 89.05 | F1: 92.16 | IoU: 84.33 
2025-04-21T23:42:55+0200 - train_s1_zscore_256_unet - INFO - Best model saved to /eodc/private/tuwgeo/users/mabdelaa/repos/seg_likelihood/models/s1_zscore_256_slope_UNet.pth 
2025-04-21T23:53:59+0200 - train_s1_zscore_256_unet - INFO - t-Epoch 5 | Loss: 0.2003 | Accuracy: 98.04 | Precision: 93.5 | Recall: 88.97 | F1: 91.18 | IoU: 82.86 
2025-04-22T00:00:22+0200 - train_s1_zscore_256_unet - INFO - v-Epoch 5 | Loss: 0.1631 | Accuracy: 98.36 | Precision: 97.68 | Recall: 87.13 | F1: 92.1 | IoU: 84.36 
2025-04-22T00:00:23+0200 - train_s1_zscore_256_unet - INFO - Best model saved to /eodc/private/tuwgeo/users/mabdelaa/repos/seg_likelihood/models/s1_zscore_256_slope_UNet.pth 
2025-04-22T00:13:36+0200 - train_s1_zscore_256_unet - INFO - t-Epoch 6 | Loss: 0.1786 | Accuracy: 98.26 | Precision: 94.43 | Recall: 90.01 | F1: 92.17 | IoU: 84.66 
2025-04-22T00:20:04+0200 - train_s1_zscore_256_unet - INFO - v-Epoch 6 | Loss: 0.1497 | Accuracy: 98.49 | Precision: 96.6 | Recall: 89.37 | F1: 92.84 | IoU: 85.66 
2025-04-22T00:20:05+0200 - train_s1_zscore_256_unet - INFO - Best model saved to /eodc/private/tuwgeo/users/mabdelaa/repos/seg_likelihood/models/s1_zscore_256_slope_UNet.pth 
2025-04-22T00:33:25+0200 - train_s1_zscore_256_unet - INFO - t-Epoch 7 | Loss: 0.1667 | Accuracy: 98.39 | Precision: 94.92 | Recall: 90.74 | F1: 92.78 | IoU: 85.49 
2025-04-22T00:40:08+0200 - train_s1_zscore_256_unet - INFO - v-Epoch 7 | Loss: 0.1537 | Accuracy: 98.49 | Precision: 96.85 | Recall: 89.08 | F1: 92.8 | IoU: 85.44 
2025-04-22T00:54:47+0200 - train_s1_zscore_256_unet - INFO - t-Epoch 8 | Loss: 0.1551 | Accuracy: 98.48 | Precision: 95.18 | Recall: 91.24 | F1: 93.17 | IoU: 86.52 
2025-04-22T01:01:30+0200 - train_s1_zscore_256_unet - INFO - v-Epoch 8 | Loss: 0.1278 | Accuracy: 98.72 | Precision: 97.33 | Recall: 90.82 | F1: 93.96 | IoU: 87.74 
2025-04-22T01:01:31+0200 - train_s1_zscore_256_unet - INFO - Best model saved to /eodc/private/tuwgeo/users/mabdelaa/repos/seg_likelihood/models/s1_zscore_256_slope_UNet.pth 
2025-04-22T01:16:12+0200 - train_s1_zscore_256_unet - INFO - t-Epoch 9 | Loss: 0.1465 | Accuracy: 98.57 | Precision: 95.5 | Recall: 91.79 | F1: 93.61 | IoU: 87.22 
2025-04-22T01:22:28+0200 - train_s1_zscore_256_unet - INFO - v-Epoch 9 | Loss: 0.1424 | Accuracy: 98.59 | Precision: 97.94 | Recall: 89.02 | F1: 93.27 | IoU: 86.38 
2025-04-22T01:33:25+0200 - train_s1_zscore_256_unet - INFO - t-Epoch 10 | Loss: 0.1414 | Accuracy: 98.61 | Precision: 95.62 | Recall: 91.98 | F1: 93.76 | IoU: 87.57 
2025-04-22T01:39:17+0200 - train_s1_zscore_256_unet - INFO - v-Epoch 10 | Loss: 0.1454 | Accuracy: 98.56 | Precision: 97.33 | Recall: 89.33 | F1: 93.16 | IoU: 86.28 
2025-04-22T01:50:32+0200 - train_s1_zscore_256_unet - INFO - t-Epoch 11 | Loss: 0.1387 | Accuracy: 98.64 | Precision: 95.67 | Recall: 92.21 | F1: 93.91 | IoU: 87.8 
2025-04-22T01:57:27+0200 - train_s1_zscore_256_unet - INFO - v-Epoch 11 | Loss: 0.1275 | Accuracy: 98.68 | Precision: 96.14 | Recall: 91.67 | F1: 93.85 | IoU: 87.65 
2025-04-22T01:57:27+0200 - train_s1_zscore_256_unet - INFO - Best model saved to /eodc/private/tuwgeo/users/mabdelaa/repos/seg_likelihood/models/s1_zscore_256_slope_UNet.pth 
2025-04-22T02:14:19+0200 - train_s1_zscore_256_unet - INFO - t-Epoch 12 | Loss: 0.1316 | Accuracy: 98.71 | Precision: 95.91 | Recall: 92.62 | F1: 94.24 | IoU: 88.48 
2025-04-22T02:21:47+0200 - train_s1_zscore_256_unet - INFO - v-Epoch 12 | Loss: 0.1344 | Accuracy: 98.68 | Precision: 97.88 | Recall: 89.88 | F1: 93.71 | IoU: 87.24 
2025-04-22T02:37:06+0200 - train_s1_zscore_256_unet - INFO - t-Epoch 13 | Loss: 0.1290 | Accuracy: 98.74 | Precision: 95.95 | Recall: 92.82 | F1: 94.36 | IoU: 88.61 
2025-04-22T02:43:43+0200 - train_s1_zscore_256_unet - INFO - v-Epoch 13 | Loss: 0.1291 | Accuracy: 98.7 | Precision: 97.26 | Recall: 90.67 | F1: 93.85 | IoU: 87.52 
2025-04-22T02:56:40+0200 - train_s1_zscore_256_unet - INFO - t-Epoch 14 | Loss: 0.1281 | Accuracy: 98.75 | Precision: 96.02 | Recall: 92.84 | F1: 94.4 | IoU: 88.72 
2025-04-22T03:03:17+0200 - train_s1_zscore_256_unet - INFO - v-Epoch 14 | Loss: 0.1274 | Accuracy: 98.74 | Precision: 97.5 | Recall: 90.8 | F1: 94.03 | IoU: 88.11 
2025-04-22T03:03:18+0200 - train_s1_zscore_256_unet - INFO - Best model saved to /eodc/private/tuwgeo/users/mabdelaa/repos/seg_likelihood/models/s1_zscore_256_slope_UNet.pth 
2025-04-22T03:16:56+0200 - train_s1_zscore_256_unet - INFO - t-Epoch 15 | Loss: 0.1229 | Accuracy: 98.79 | Precision: 96.03 | Recall: 93.24 | F1: 94.62 | IoU: 89.16 
2025-04-22T03:23:38+0200 - train_s1_zscore_256_unet - INFO - v-Epoch 15 | Loss: 0.1268 | Accuracy: 98.73 | Precision: 96.66 | Recall: 91.6 | F1: 94.06 | IoU: 87.89 
2025-04-22T03:23:39+0200 - train_s1_zscore_256_unet - INFO - Best model saved to /eodc/private/tuwgeo/users/mabdelaa/repos/seg_likelihood/models/s1_zscore_256_slope_UNet.pth 
2025-04-22T03:37:29+0200 - train_s1_zscore_256_unet - INFO - t-Epoch 16 | Loss: 0.1226 | Accuracy: 98.8 | Precision: 96.13 | Recall: 93.22 | F1: 94.65 | IoU: 89.16 
2025-04-22T03:44:05+0200 - train_s1_zscore_256_unet - INFO - v-Epoch 16 | Loss: 0.1341 | Accuracy: 98.69 | Precision: 96.99 | Recall: 90.85 | F1: 93.82 | IoU: 87.66 
2025-04-22T03:58:09+0200 - train_s1_zscore_256_unet - INFO - t-Epoch 17 | Loss: 0.1183 | Accuracy: 98.84 | Precision: 96.24 | Recall: 93.47 | F1: 94.83 | IoU: 89.44 
2025-04-22T04:04:48+0200 - train_s1_zscore_256_unet - INFO - v-Epoch 17 | Loss: 0.1269 | Accuracy: 98.75 | Precision: 97.72 | Recall: 90.74 | F1: 94.1 | IoU: 88.05 
2025-04-22T04:17:43+0200 - train_s1_zscore_256_unet - INFO - t-Epoch 18 | Loss: 0.1187 | Accuracy: 98.84 | Precision: 96.15 | Recall: 93.57 | F1: 94.84 | IoU: 89.43 
2025-04-22T04:23:35+0200 - train_s1_zscore_256_unet - INFO - v-Epoch 18 | Loss: 0.1200 | Accuracy: 98.8 | Precision: 97.19 | Recall: 91.74 | F1: 94.39 | IoU: 88.61 
2025-04-22T04:23:36+0200 - train_s1_zscore_256_unet - INFO - Best model saved to /eodc/private/tuwgeo/users/mabdelaa/repos/seg_likelihood/models/s1_zscore_256_slope_UNet.pth 
2025-04-22T04:34:34+0200 - train_s1_zscore_256_unet - INFO - t-Epoch 19 | Loss: 0.1152 | Accuracy: 98.87 | Precision: 96.38 | Recall: 93.61 | F1: 94.97 | IoU: 89.7 
2025-04-22T04:40:12+0200 - train_s1_zscore_256_unet - INFO - v-Epoch 19 | Loss: 0.1318 | Accuracy: 98.72 | Precision: 97.26 | Recall: 90.9 | F1: 93.97 | IoU: 87.84 
2025-04-22T04:51:08+0200 - train_s1_zscore_256_unet - INFO - t-Epoch 20 | Loss: 0.1155 | Accuracy: 98.86 | Precision: 96.28 | Recall: 93.6 | F1: 94.92 | IoU: 89.72 
2025-04-22T04:57:48+0200 - train_s1_zscore_256_unet - INFO - v-Epoch 20 | Loss: 0.1198 | Accuracy: 98.78 | Precision: 96.75 | Recall: 91.94 | F1: 94.28 | IoU: 88.51 
2025-04-22T04:57:49+0200 - train_s1_zscore_256_unet - INFO - Best model saved to /eodc/private/tuwgeo/users/mabdelaa/repos/seg_likelihood/models/s1_zscore_256_slope_UNet.pth 
2025-04-22T05:13:00+0200 - train_s1_zscore_256_unet - INFO - t-Epoch 21 | Loss: 0.1150 | Accuracy: 98.87 | Precision: 96.26 | Recall: 93.75 | F1: 94.99 | IoU: 89.7 
2025-04-22T05:19:38+0200 - train_s1_zscore_256_unet - INFO - v-Epoch 21 | Loss: 0.1301 | Accuracy: 98.72 | Precision: 97.3 | Recall: 90.85 | F1: 93.96 | IoU: 87.6 
2025-04-22T05:33:38+0200 - train_s1_zscore_256_unet - INFO - t-Epoch 22 | Loss: 0.1136 | Accuracy: 98.89 | Precision: 96.3 | Recall: 93.87 | F1: 95.07 | IoU: 89.86 
2025-04-22T05:40:23+0200 - train_s1_zscore_256_unet - INFO - v-Epoch 22 | Loss: 0.1300 | Accuracy: 98.74 | Precision: 97.3 | Recall: 91.05 | F1: 94.07 | IoU: 88.01 
2025-04-22T05:53:46+0200 - train_s1_zscore_256_unet - INFO - t-Epoch 23 | Loss: 0.1120 | Accuracy: 98.9 | Precision: 96.38 | Recall: 93.81 | F1: 95.08 | IoU: 89.92 
2025-04-22T06:00:30+0200 - train_s1_zscore_256_unet - INFO - v-Epoch 23 | Loss: 0.1300 | Accuracy: 98.75 | Precision: 96.96 | Recall: 91.43 | F1: 94.11 | IoU: 88.06 
2025-04-22T06:15:24+0200 - train_s1_zscore_256_unet - INFO - t-Epoch 24 | Loss: 0.1109 | Accuracy: 98.92 | Precision: 96.42 | Recall: 93.99 | F1: 95.19 | IoU: 90.09 
2025-04-22T06:21:51+0200 - train_s1_zscore_256_unet - INFO - v-Epoch 24 | Loss: 0.1286 | Accuracy: 98.73 | Precision: 97.04 | Recall: 91.22 | F1: 94.04 | IoU: 87.98 
2025-04-22T06:33:19+0200 - train_s1_zscore_256_unet - INFO - t-Epoch 25 | Loss: 0.1099 | Accuracy: 98.92 | Precision: 96.38 | Recall: 94.03 | F1: 95.19 | IoU: 90.17 
2025-04-22T06:39:34+0200 - train_s1_zscore_256_unet - INFO - v-Epoch 25 | Loss: 0.1212 | Accuracy: 98.8 | Precision: 97.03 | Recall: 91.84 | F1: 94.36 | IoU: 88.51 
2025-04-22T06:51:38+0200 - train_s1_zscore_256_unet - INFO - t-Epoch 26 | Loss: 0.1097 | Accuracy: 98.92 | Precision: 96.35 | Recall: 94.07 | F1: 95.19 | IoU: 90.18 
2025-04-22T06:58:37+0200 - train_s1_zscore_256_unet - INFO - v-Epoch 26 | Loss: 0.1232 | Accuracy: 98.77 | Precision: 96.66 | Recall: 91.93 | F1: 94.24 | IoU: 88.17 
2025-04-22T07:14:12+0200 - train_s1_zscore_256_unet - INFO - t-Epoch 27 | Loss: 0.0998 | Accuracy: 99.01 | Precision: 96.63 | Recall: 94.62 | F1: 95.62 | IoU: 90.96 
2025-04-22T07:21:21+0200 - train_s1_zscore_256_unet - INFO - v-Epoch 27 | Loss: 0.1181 | Accuracy: 98.83 | Precision: 97.71 | Recall: 91.44 | F1: 94.47 | IoU: 88.74 
2025-04-22T07:21:21+0200 - train_s1_zscore_256_unet - INFO - Best model saved to /eodc/private/tuwgeo/users/mabdelaa/repos/seg_likelihood/models/s1_zscore_256_slope_UNet.pth 
2025-04-22T07:36:14+0200 - train_s1_zscore_256_unet - INFO - t-Epoch 28 | Loss: 0.0984 | Accuracy: 99.04 | Precision: 96.74 | Recall: 94.72 | F1: 95.72 | IoU: 90.99 
2025-04-22T07:43:10+0200 - train_s1_zscore_256_unet - INFO - v-Epoch 28 | Loss: 0.1200 | Accuracy: 98.81 | Precision: 97.25 | Recall: 91.74 | F1: 94.41 | IoU: 88.46 
2025-04-22T07:58:33+0200 - train_s1_zscore_256_unet - INFO - t-Epoch 29 | Loss: 0.0994 | Accuracy: 99.02 | Precision: 96.61 | Recall: 94.73 | F1: 95.66 | IoU: 91.09 
2025-04-22T08:05:51+0200 - train_s1_zscore_256_unet - INFO - v-Epoch 29 | Loss: 0.1274 | Accuracy: 98.76 | Precision: 98.26 | Recall: 90.3 | F1: 94.11 | IoU: 88.05 
2025-04-22T08:21:37+0200 - train_s1_zscore_256_unet - INFO - t-Epoch 30 | Loss: 0.0966 | Accuracy: 99.04 | Precision: 96.79 | Recall: 94.7 | F1: 95.73 | IoU: 91.26 
2025-04-22T08:28:32+0200 - train_s1_zscore_256_unet - INFO - v-Epoch 30 | Loss: 0.1200 | Accuracy: 98.81 | Precision: 97.76 | Recall: 91.22 | F1: 94.38 | IoU: 88.71 
2025-04-22T08:42:07+0200 - train_s1_zscore_256_unet - INFO - t-Epoch 31 | Loss: 0.0956 | Accuracy: 99.05 | Precision: 96.79 | Recall: 94.8 | F1: 95.78 | IoU: 91.28 
2025-04-22T08:48:46+0200 - train_s1_zscore_256_unet - INFO - v-Epoch 31 | Loss: 0.1145 | Accuracy: 98.83 | Precision: 96.63 | Recall: 92.56 | F1: 94.56 | IoU: 88.8 
2025-04-22T08:48:47+0200 - train_s1_zscore_256_unet - INFO - Best model saved to /eodc/private/tuwgeo/users/mabdelaa/repos/seg_likelihood/models/s1_zscore_256_slope_UNet.pth 
2025-04-22T09:04:19+0200 - train_s1_zscore_256_unet - INFO - t-Epoch 32 | Loss: 0.0942 | Accuracy: 99.06 | Precision: 96.82 | Recall: 94.84 | F1: 95.82 | IoU: 91.38 
2025-04-22T09:11:54+0200 - train_s1_zscore_256_unet - INFO - v-Epoch 32 | Loss: 0.1185 | Accuracy: 98.82 | Precision: 97.59 | Recall: 91.49 | F1: 94.44 | IoU: 88.56 
2025-04-22T09:28:29+0200 - train_s1_zscore_256_unet - INFO - t-Epoch 33 | Loss: 0.0952 | Accuracy: 99.05 | Precision: 96.78 | Recall: 94.8 | F1: 95.78 | IoU: 91.3 
2025-04-22T09:36:29+0200 - train_s1_zscore_256_unet - INFO - v-Epoch 33 | Loss: 0.1136 | Accuracy: 98.85 | Precision: 97.39 | Recall: 91.99 | F1: 94.61 | IoU: 89.0 
2025-04-22T09:36:29+0200 - train_s1_zscore_256_unet - INFO - Best model saved to /eodc/private/tuwgeo/users/mabdelaa/repos/seg_likelihood/models/s1_zscore_256_slope_UNet.pth 
2025-04-22T09:52:47+0200 - train_s1_zscore_256_unet - INFO - t-Epoch 34 | Loss: 0.0951 | Accuracy: 99.05 | Precision: 96.77 | Recall: 94.8 | F1: 95.78 | IoU: 91.35 
2025-04-22T10:00:26+0200 - train_s1_zscore_256_unet - INFO - v-Epoch 34 | Loss: 0.1196 | Accuracy: 98.81 | Precision: 97.48 | Recall: 91.51 | F1: 94.4 | IoU: 88.53 
