2025-10-01T14:01:06+0200 - train_s1_zscore_256_concrete - INFO - Start Training ... 
2025-10-01T14:57:32+0200 - train_s1_zscore_256_concrete - INFO - t-Epoch 1 | Loss: 64.1725 | Accuracy: 92.66 | Precision: 65.83 | Recall: 73.74 | F1: 69.56 | IoU: 53.69 
2025-10-01T15:09:06+0200 - train_s1_zscore_256_concrete - INFO - v-Epoch 1 | Loss: 23.0942 | Accuracy: 97.57 | Precision: 88.0 | Recall: 90.07 | F1: 89.02 | IoU: 77.78 
2025-10-01T15:09:07+0200 - train_s1_zscore_256_concrete - INFO - Best model saved to /eodc/private/tuwgeo/users/mabdelaa/repos/seg_likelihood/models/concrte_s1_zscore_256_slope_UNet.pth 
2025-10-01T16:05:49+0200 - train_s1_zscore_256_concrete - INFO - t-Epoch 2 | Loss: 10.2853 | Accuracy: 97.62 | Precision: 90.99 | Recall: 87.85 | F1: 89.39 | IoU: 78.49 
2025-10-01T16:15:48+0200 - train_s1_zscore_256_concrete - INFO - v-Epoch 2 | Loss: 3.3546 | Accuracy: 98.25 | Precision: 94.74 | Recall: 89.0 | F1: 91.78 | IoU: 82.43 
2025-10-01T16:15:48+0200 - train_s1_zscore_256_concrete - INFO - Best model saved to /eodc/private/tuwgeo/users/mabdelaa/repos/seg_likelihood/models/concrte_s1_zscore_256_slope_UNet.pth 
2025-10-01T17:14:26+0200 - train_s1_zscore_256_concrete - INFO - t-Epoch 3 | Loss: 1.5466 | Accuracy: 98.3 | Precision: 94.3 | Recall: 90.55 | F1: 92.39 | IoU: 83.64 
2025-10-01T17:26:29+0200 - train_s1_zscore_256_concrete - INFO - v-Epoch 3 | Loss: 0.5918 | Accuracy: 98.48 | Precision: 98.14 | Recall: 87.82 | F1: 92.69 | IoU: 83.75 
2025-10-01T17:26:29+0200 - train_s1_zscore_256_concrete - INFO - Best model saved to /eodc/private/tuwgeo/users/mabdelaa/repos/seg_likelihood/models/concrte_s1_zscore_256_slope_UNet.pth 
2025-10-01T18:33:14+0200 - train_s1_zscore_256_concrete - INFO - t-Epoch 4 | Loss: 0.3426 | Accuracy: 98.58 | Precision: 95.37 | Recall: 91.98 | F1: 93.64 | IoU: 86.01 
2025-10-01T18:45:11+0200 - train_s1_zscore_256_concrete - INFO - v-Epoch 4 | Loss: 0.2239 | Accuracy: 98.56 | Precision: 97.51 | Recall: 89.09 | F1: 93.11 | IoU: 84.74 
2025-10-01T18:45:11+0200 - train_s1_zscore_256_concrete - INFO - Best model saved to /eodc/private/tuwgeo/users/mabdelaa/repos/seg_likelihood/models/concrte_s1_zscore_256_slope_UNet.pth 
2025-10-01T19:51:40+0200 - train_s1_zscore_256_concrete - INFO - t-Epoch 5 | Loss: 0.1757 | Accuracy: 98.72 | Precision: 95.89 | Recall: 92.7 | F1: 94.27 | IoU: 86.97 
2025-10-01T20:03:35+0200 - train_s1_zscore_256_concrete - INFO - v-Epoch 5 | Loss: 0.1644 | Accuracy: 98.7 | Precision: 97.67 | Recall: 90.28 | F1: 93.83 | IoU: 86.17 
2025-10-01T20:03:35+0200 - train_s1_zscore_256_concrete - INFO - Best model saved to /eodc/private/tuwgeo/users/mabdelaa/repos/seg_likelihood/models/concrte_s1_zscore_256_slope_UNet.pth 
2025-10-01T21:09:58+0200 - train_s1_zscore_256_concrete - INFO - t-Epoch 6 | Loss: 0.1485 | Accuracy: 98.75 | Precision: 95.99 | Recall: 92.92 | F1: 94.43 | IoU: 87.64 
2025-10-01T21:21:51+0200 - train_s1_zscore_256_concrete - INFO - v-Epoch 6 | Loss: 0.1345 | Accuracy: 98.86 | Precision: 96.78 | Recall: 92.64 | F1: 94.66 | IoU: 88.1 
2025-10-01T21:21:52+0200 - train_s1_zscore_256_concrete - INFO - Best model saved to /eodc/private/tuwgeo/users/mabdelaa/repos/seg_likelihood/models/concrte_s1_zscore_256_slope_UNet.pth 
2025-10-01T22:28:06+0200 - train_s1_zscore_256_concrete - INFO - t-Epoch 7 | Loss: 0.1369 | Accuracy: 98.83 | Precision: 96.09 | Recall: 93.51 | F1: 94.78 | IoU: 88.33 
2025-10-01T22:39:57+0200 - train_s1_zscore_256_concrete - INFO - v-Epoch 7 | Loss: 0.1441 | Accuracy: 98.75 | Precision: 95.74 | Recall: 92.76 | F1: 94.23 | IoU: 87.07 
2025-10-01T23:45:56+0200 - train_s1_zscore_256_concrete - INFO - t-Epoch 8 | Loss: 0.1332 | Accuracy: 98.88 | Precision: 96.28 | Recall: 93.77 | F1: 95.01 | IoU: 88.5 
2025-10-01T23:57:47+0200 - train_s1_zscore_256_concrete - INFO - v-Epoch 8 | Loss: 0.1437 | Accuracy: 98.82 | Precision: 97.71 | Recall: 91.37 | F1: 94.43 | IoU: 87.43 
2025-10-02T01:03:42+0200 - train_s1_zscore_256_concrete - INFO - t-Epoch 9 | Loss: 0.1272 | Accuracy: 98.91 | Precision: 96.41 | Recall: 93.89 | F1: 95.13 | IoU: 89.02 
2025-10-02T01:15:33+0200 - train_s1_zscore_256_concrete - INFO - v-Epoch 9 | Loss: 0.1261 | Accuracy: 98.91 | Precision: 97.9 | Recall: 92.0 | F1: 94.86 | IoU: 88.29 
2025-10-02T01:15:33+0200 - train_s1_zscore_256_concrete - INFO - Best model saved to /eodc/private/tuwgeo/users/mabdelaa/repos/seg_likelihood/models/concrte_s1_zscore_256_slope_UNet.pth 
2025-10-02T02:21:25+0200 - train_s1_zscore_256_concrete - INFO - t-Epoch 10 | Loss: 0.1252 | Accuracy: 98.93 | Precision: 96.46 | Recall: 94.03 | F1: 95.23 | IoU: 89.23 
2025-10-02T02:33:15+0200 - train_s1_zscore_256_concrete - INFO - v-Epoch 10 | Loss: 0.1478 | Accuracy: 98.72 | Precision: 97.54 | Recall: 90.64 | F1: 93.97 | IoU: 86.78 
2025-10-02T03:32:14+0200 - train_s1_zscore_256_concrete - INFO - t-Epoch 11 | Loss: 0.1192 | Accuracy: 98.96 | Precision: 96.5 | Recall: 94.3 | F1: 95.38 | IoU: 89.7 
2025-10-02T03:40:57+0200 - train_s1_zscore_256_concrete - INFO - v-Epoch 11 | Loss: 0.1357 | Accuracy: 98.86 | Precision: 97.64 | Recall: 91.82 | F1: 94.64 | IoU: 87.69 
2025-10-02T04:45:19+0200 - train_s1_zscore_256_concrete - INFO - t-Epoch 12 | Loss: 0.1164 | Accuracy: 99.0 | Precision: 96.72 | Recall: 94.42 | F1: 95.56 | IoU: 89.89 
2025-10-02T04:57:08+0200 - train_s1_zscore_256_concrete - INFO - v-Epoch 12 | Loss: 0.1438 | Accuracy: 98.77 | Precision: 96.89 | Recall: 91.71 | F1: 94.23 | IoU: 87.0 
2025-10-02T05:57:17+0200 - train_s1_zscore_256_concrete - INFO - t-Epoch 13 | Loss: 0.1161 | Accuracy: 98.99 | Precision: 96.56 | Recall: 94.47 | F1: 95.5 | IoU: 89.87 
2025-10-02T06:07:42+0200 - train_s1_zscore_256_concrete - INFO - v-Epoch 13 | Loss: 0.1669 | Accuracy: 98.62 | Precision: 96.95 | Recall: 90.26 | F1: 93.48 | IoU: 85.31 
2025-10-02T06:56:19+0200 - train_s1_zscore_256_concrete - INFO - t-Epoch 14 | Loss: 0.1126 | Accuracy: 99.04 | Precision: 96.64 | Recall: 94.83 | F1: 95.73 | IoU: 90.25 
2025-10-02T07:05:10+0200 - train_s1_zscore_256_concrete - INFO - v-Epoch 14 | Loss: 0.1303 | Accuracy: 98.85 | Precision: 97.38 | Recall: 91.93 | F1: 94.58 | IoU: 88.11 
2025-10-02T07:42:36+0200 - train_s1_zscore_256_concrete - INFO - t-Epoch 15 | Loss: 0.1122 | Accuracy: 99.03 | Precision: 96.73 | Recall: 94.64 | F1: 95.68 | IoU: 90.23 
2025-10-02T07:50:53+0200 - train_s1_zscore_256_concrete - INFO - v-Epoch 15 | Loss: 0.1516 | Accuracy: 98.72 | Precision: 97.81 | Recall: 90.39 | F1: 93.95 | IoU: 86.37 
2025-10-02T08:28:07+0200 - train_s1_zscore_256_concrete - INFO - t-Epoch 16 | Loss: 0.0962 | Accuracy: 99.18 | Precision: 97.14 | Recall: 95.6 | F1: 96.36 | IoU: 91.55 
2025-10-02T08:36:36+0200 - train_s1_zscore_256_concrete - INFO - v-Epoch 16 | Loss: 0.1249 | Accuracy: 98.89 | Precision: 97.47 | Recall: 92.24 | F1: 94.79 | IoU: 88.41 
2025-10-02T08:36:36+0200 - train_s1_zscore_256_concrete - INFO - Best model saved to /eodc/private/tuwgeo/users/mabdelaa/repos/seg_likelihood/models/concrte_s1_zscore_256_slope_UNet.pth 
2025-10-02T09:13:50+0200 - train_s1_zscore_256_concrete - INFO - t-Epoch 17 | Loss: 0.0939 | Accuracy: 99.21 | Precision: 97.24 | Recall: 95.76 | F1: 96.49 | IoU: 91.7 
2025-10-02T09:22:25+0200 - train_s1_zscore_256_concrete - INFO - v-Epoch 17 | Loss: 0.1231 | Accuracy: 98.91 | Precision: 97.39 | Recall: 92.55 | F1: 94.91 | IoU: 88.37 
2025-10-02T09:22:26+0200 - train_s1_zscore_256_concrete - INFO - Best model saved to /eodc/private/tuwgeo/users/mabdelaa/repos/seg_likelihood/models/concrte_s1_zscore_256_slope_UNet.pth 
2025-10-02T09:59:39+0200 - train_s1_zscore_256_concrete - INFO - t-Epoch 18 | Loss: 0.0909 | Accuracy: 99.22 | Precision: 97.33 | Recall: 95.79 | F1: 96.56 | IoU: 91.95 
2025-10-02T10:08:32+0200 - train_s1_zscore_256_concrete - INFO - v-Epoch 18 | Loss: 0.1193 | Accuracy: 98.92 | Precision: 97.45 | Recall: 92.61 | F1: 94.97 | IoU: 88.79 
2025-10-02T10:08:32+0200 - train_s1_zscore_256_concrete - INFO - Best model saved to /eodc/private/tuwgeo/users/mabdelaa/repos/seg_likelihood/models/concrte_s1_zscore_256_slope_UNet.pth 
2025-10-02T10:45:46+0200 - train_s1_zscore_256_concrete - INFO - t-Epoch 19 | Loss: 0.0910 | Accuracy: 99.22 | Precision: 97.29 | Recall: 95.82 | F1: 96.55 | IoU: 91.94 
2025-10-02T10:54:37+0200 - train_s1_zscore_256_concrete - INFO - v-Epoch 19 | Loss: 0.1303 | Accuracy: 98.85 | Precision: 97.48 | Recall: 91.86 | F1: 94.59 | IoU: 87.82 
2025-10-02T11:34:07+0200 - train_s1_zscore_256_concrete - INFO - t-Epoch 20 | Loss: 0.0904 | Accuracy: 99.23 | Precision: 97.29 | Recall: 95.92 | F1: 96.6 | IoU: 91.92 
2025-10-02T11:43:20+0200 - train_s1_zscore_256_concrete - INFO - v-Epoch 20 | Loss: 0.1313 | Accuracy: 98.83 | Precision: 97.91 | Recall: 91.24 | F1: 94.46 | IoU: 87.78 
2025-10-02T12:27:24+0200 - train_s1_zscore_256_concrete - INFO - t-Epoch 21 | Loss: 0.0890 | Accuracy: 99.24 | Precision: 97.36 | Recall: 95.93 | F1: 96.64 | IoU: 92.05 
2025-10-02T12:37:21+0200 - train_s1_zscore_256_concrete - INFO - v-Epoch 21 | Loss: 0.1289 | Accuracy: 98.87 | Precision: 97.79 | Recall: 91.8 | F1: 94.7 | IoU: 87.92 
2025-10-02T13:28:42+0200 - train_s1_zscore_256_concrete - INFO - t-Epoch 22 | Loss: 0.0889 | Accuracy: 99.25 | Precision: 97.41 | Recall: 95.93 | F1: 96.67 | IoU: 92.03 
2025-10-02T13:38:42+0200 - train_s1_zscore_256_concrete - INFO - v-Epoch 22 | Loss: 0.1177 | Accuracy: 98.94 | Precision: 97.19 | Recall: 93.0 | F1: 95.05 | IoU: 88.8 
2025-10-02T13:38:42+0200 - train_s1_zscore_256_concrete - INFO - Best model saved to /eodc/private/tuwgeo/users/mabdelaa/repos/seg_likelihood/models/concrte_s1_zscore_256_slope_UNet.pth 
2025-10-04T19:12:24+0200 - train_s1_zscore_256_concrete - INFO - Start Training ... 
2025-10-04T19:50:04+0200 - train_s1_zscore_256_concrete - INFO - t-Epoch 1 | Loss: 0.1093 | Accuracy: 99.06 | Precision: 96.8 | Recall: 94.85 | F1: 95.82 | IoU: 90.34 
2025-10-04T20:00:06+0200 - train_s1_zscore_256_concrete - INFO - v-Epoch 1 | Loss: 0.1238 | Accuracy: 98.88 | Precision: 96.75 | Recall: 92.87 | F1: 94.77 | IoU: 88.3 
2025-10-04T20:00:07+0200 - train_s1_zscore_256_concrete - INFO - Best model saved to /eodc/private/tuwgeo/users/mabdelaa/repos/seg_likelihood/models/concrte_s1_zscore_256_slope_UNet.pth 
2025-10-04T20:37:44+0200 - train_s1_zscore_256_concrete - INFO - t-Epoch 2 | Loss: 0.1106 | Accuracy: 99.04 | Precision: 96.68 | Recall: 94.85 | F1: 95.76 | IoU: 90.27 
2025-10-04T20:46:59+0200 - train_s1_zscore_256_concrete - INFO - v-Epoch 2 | Loss: 0.1365 | Accuracy: 98.83 | Precision: 97.69 | Recall: 91.46 | F1: 94.47 | IoU: 87.81 
2025-10-04T21:24:33+0200 - train_s1_zscore_256_concrete - INFO - t-Epoch 3 | Loss: 0.1081 | Accuracy: 99.07 | Precision: 96.85 | Recall: 94.96 | F1: 95.9 | IoU: 90.48 
2025-10-04T21:33:47+0200 - train_s1_zscore_256_concrete - INFO - v-Epoch 3 | Loss: 0.1314 | Accuracy: 98.87 | Precision: 97.51 | Recall: 92.0 | F1: 94.68 | IoU: 87.92 
2025-10-04T22:11:21+0200 - train_s1_zscore_256_concrete - INFO - t-Epoch 4 | Loss: 0.1068 | Accuracy: 99.08 | Precision: 96.82 | Recall: 95.06 | F1: 95.93 | IoU: 90.61 
2025-10-04T22:20:15+0200 - train_s1_zscore_256_concrete - INFO - v-Epoch 4 | Loss: 0.1269 | Accuracy: 98.88 | Precision: 97.65 | Recall: 91.96 | F1: 94.72 | IoU: 88.0 
2025-10-04T22:57:47+0200 - train_s1_zscore_256_concrete - INFO - t-Epoch 5 | Loss: 0.1078 | Accuracy: 99.09 | Precision: 96.8 | Recall: 95.13 | F1: 95.96 | IoU: 90.44 
2025-10-04T23:06:47+0200 - train_s1_zscore_256_concrete - INFO - v-Epoch 5 | Loss: 0.1398 | Accuracy: 98.74 | Precision: 96.77 | Recall: 91.54 | F1: 94.08 | IoU: 86.77 
2025-10-04T23:44:18+0200 - train_s1_zscore_256_concrete - INFO - t-Epoch 6 | Loss: 0.1060 | Accuracy: 99.09 | Precision: 96.83 | Recall: 95.1 | F1: 95.96 | IoU: 90.67 
2025-10-04T23:52:59+0200 - train_s1_zscore_256_concrete - INFO - v-Epoch 6 | Loss: 0.1217 | Accuracy: 98.89 | Precision: 96.4 | Recall: 93.37 | F1: 94.86 | IoU: 88.57 
2025-10-04T23:52:59+0200 - train_s1_zscore_256_concrete - INFO - Best model saved to /eodc/private/tuwgeo/users/mabdelaa/repos/seg_likelihood/models/concrte_s1_zscore_256_slope_UNet.pth 
2025-10-05T00:30:32+0200 - train_s1_zscore_256_concrete - INFO - t-Epoch 7 | Loss: 0.1047 | Accuracy: 99.1 | Precision: 96.79 | Recall: 95.21 | F1: 96.0 | IoU: 90.78 
2025-10-05T00:39:37+0200 - train_s1_zscore_256_concrete - INFO - v-Epoch 7 | Loss: 0.1333 | Accuracy: 98.82 | Precision: 96.9 | Recall: 92.21 | F1: 94.5 | IoU: 87.66 
2025-10-05T01:17:11+0200 - train_s1_zscore_256_concrete - INFO - t-Epoch 8 | Loss: 0.1048 | Accuracy: 99.11 | Precision: 96.87 | Recall: 95.2 | F1: 96.03 | IoU: 90.7 
2025-10-05T01:25:51+0200 - train_s1_zscore_256_concrete - INFO - v-Epoch 8 | Loss: 0.1399 | Accuracy: 98.8 | Precision: 97.66 | Recall: 91.21 | F1: 94.33 | IoU: 87.15 
2025-10-05T02:03:20+0200 - train_s1_zscore_256_concrete - INFO - t-Epoch 9 | Loss: 0.1020 | Accuracy: 99.11 | Precision: 96.89 | Recall: 95.26 | F1: 96.07 | IoU: 91.0 
2025-10-05T02:12:15+0200 - train_s1_zscore_256_concrete - INFO - v-Epoch 9 | Loss: 0.1365 | Accuracy: 98.8 | Precision: 96.79 | Recall: 92.08 | F1: 94.38 | IoU: 87.26 
2025-10-05T02:49:45+0200 - train_s1_zscore_256_concrete - INFO - t-Epoch 10 | Loss: 0.1020 | Accuracy: 99.12 | Precision: 96.94 | Recall: 95.28 | F1: 96.1 | IoU: 91.01 
2025-10-05T02:58:38+0200 - train_s1_zscore_256_concrete - INFO - v-Epoch 10 | Loss: 0.1130 | Accuracy: 98.97 | Precision: 96.65 | Recall: 93.86 | F1: 95.24 | IoU: 89.42 
2025-10-05T02:58:38+0200 - train_s1_zscore_256_concrete - INFO - Best model saved to /eodc/private/tuwgeo/users/mabdelaa/repos/seg_likelihood/models/concrte_s1_zscore_256_slope_UNet.pth 
2025-10-05T03:36:07+0200 - train_s1_zscore_256_concrete - INFO - t-Epoch 11 | Loss: 0.0980 | Accuracy: 99.14 | Precision: 96.97 | Recall: 95.45 | F1: 96.2 | IoU: 91.35 
2025-10-05T03:45:22+0200 - train_s1_zscore_256_concrete - INFO - v-Epoch 11 | Loss: 0.1337 | Accuracy: 98.85 | Precision: 98.11 | Recall: 91.26 | F1: 94.56 | IoU: 87.54 
2025-10-05T04:22:54+0200 - train_s1_zscore_256_concrete - INFO - t-Epoch 12 | Loss: 0.1001 | Accuracy: 99.13 | Precision: 96.96 | Recall: 95.33 | F1: 96.14 | IoU: 91.16 
2025-10-05T04:31:40+0200 - train_s1_zscore_256_concrete - INFO - v-Epoch 12 | Loss: 0.1313 | Accuracy: 98.88 | Precision: 97.61 | Recall: 92.0 | F1: 94.72 | IoU: 88.0 
2025-10-05T05:09:10+0200 - train_s1_zscore_256_concrete - INFO - t-Epoch 13 | Loss: 0.0999 | Accuracy: 99.13 | Precision: 96.95 | Recall: 95.35 | F1: 96.15 | IoU: 91.12 
2025-10-05T05:17:47+0200 - train_s1_zscore_256_concrete - INFO - v-Epoch 13 | Loss: 0.1534 | Accuracy: 98.69 | Precision: 96.96 | Recall: 90.88 | F1: 93.83 | IoU: 86.02 
2025-10-05T05:55:17+0200 - train_s1_zscore_256_concrete - INFO - t-Epoch 14 | Loss: 0.0980 | Accuracy: 99.15 | Precision: 97.06 | Recall: 95.41 | F1: 96.23 | IoU: 91.34 
2025-10-05T06:04:12+0200 - train_s1_zscore_256_concrete - INFO - v-Epoch 14 | Loss: 0.1138 | Accuracy: 98.95 | Precision: 96.8 | Recall: 93.51 | F1: 95.13 | IoU: 89.31 
2025-10-05T06:41:43+0200 - train_s1_zscore_256_concrete - INFO - t-Epoch 15 | Loss: 0.0967 | Accuracy: 99.15 | Precision: 97.07 | Recall: 95.42 | F1: 96.24 | IoU: 91.38 
2025-10-05T06:50:28+0200 - train_s1_zscore_256_concrete - INFO - v-Epoch 15 | Loss: 0.1329 | Accuracy: 98.82 | Precision: 97.96 | Recall: 91.16 | F1: 94.44 | IoU: 87.35 
2025-10-05T14:38:15+0200 - train_s1_zscore_256_concrete - INFO - Start Training ... 
2025-10-05T15:16:02+0200 - train_s1_zscore_256_concrete - INFO - t-Epoch 1 | Loss: 0.1105 | Accuracy: 99.04 | Precision: 96.69 | Recall: 94.83 | F1: 95.75 | IoU: 90.22 
2025-10-05T15:26:05+0200 - train_s1_zscore_256_concrete - INFO - v-Epoch 1 | Loss: 0.1240 | Accuracy: 98.87 | Precision: 96.52 | Recall: 93.06 | F1: 94.76 | IoU: 88.38 
2025-10-05T15:26:05+0200 - train_s1_zscore_256_concrete - INFO - Best model saved to /eodc/private/tuwgeo/users/mabdelaa/repos/seg_likelihood/models/concrte_s1_zscore_256_slope_UNet.pth 
2025-10-05T16:03:46+0200 - train_s1_zscore_256_concrete - INFO - t-Epoch 2 | Loss: 0.1108 | Accuracy: 99.05 | Precision: 96.84 | Recall: 94.76 | F1: 95.79 | IoU: 90.23 
2025-10-05T16:12:52+0200 - train_s1_zscore_256_concrete - INFO - v-Epoch 2 | Loss: 0.1259 | Accuracy: 98.88 | Precision: 96.91 | Recall: 92.76 | F1: 94.79 | IoU: 88.4 
2025-10-05T16:50:29+0200 - train_s1_zscore_256_concrete - INFO - t-Epoch 3 | Loss: 0.1089 | Accuracy: 99.07 | Precision: 96.78 | Recall: 94.99 | F1: 95.88 | IoU: 90.41 
2025-10-05T16:59:33+0200 - train_s1_zscore_256_concrete - INFO - v-Epoch 3 | Loss: 0.1223 | Accuracy: 98.92 | Precision: 97.73 | Recall: 92.28 | F1: 94.92 | IoU: 88.52 
2025-10-05T16:59:33+0200 - train_s1_zscore_256_concrete - INFO - Best model saved to /eodc/private/tuwgeo/users/mabdelaa/repos/seg_likelihood/models/concrte_s1_zscore_256_slope_UNet.pth 
2025-10-05T17:37:07+0200 - train_s1_zscore_256_concrete - INFO - t-Epoch 4 | Loss: 0.1066 | Accuracy: 99.09 | Precision: 96.85 | Recall: 95.11 | F1: 95.97 | IoU: 90.59 
2025-10-05T17:46:10+0200 - train_s1_zscore_256_concrete - INFO - v-Epoch 4 | Loss: 0.1222 | Accuracy: 98.91 | Precision: 97.01 | Recall: 92.95 | F1: 94.93 | IoU: 88.47 
2025-10-05T17:46:11+0200 - train_s1_zscore_256_concrete - INFO - Best model saved to /eodc/private/tuwgeo/users/mabdelaa/repos/seg_likelihood/models/concrte_s1_zscore_256_slope_UNet.pth 
2025-10-05T18:23:47+0200 - train_s1_zscore_256_concrete - INFO - t-Epoch 5 | Loss: 0.1076 | Accuracy: 99.1 | Precision: 96.88 | Recall: 95.13 | F1: 96.0 | IoU: 90.47 
2025-10-05T18:33:01+0200 - train_s1_zscore_256_concrete - INFO - v-Epoch 5 | Loss: 0.1346 | Accuracy: 98.82 | Precision: 97.7 | Recall: 91.39 | F1: 94.44 | IoU: 87.46 
2025-10-05T19:10:32+0200 - train_s1_zscore_256_concrete - INFO - t-Epoch 6 | Loss: 0.1050 | Accuracy: 99.1 | Precision: 96.81 | Recall: 95.27 | F1: 96.03 | IoU: 90.75 
2025-10-05T19:19:31+0200 - train_s1_zscore_256_concrete - INFO - v-Epoch 6 | Loss: 0.1301 | Accuracy: 98.87 | Precision: 98.0 | Recall: 91.51 | F1: 94.64 | IoU: 88.05 
2025-10-05T19:57:09+0200 - train_s1_zscore_256_concrete - INFO - t-Epoch 7 | Loss: 0.1036 | Accuracy: 99.09 | Precision: 96.82 | Recall: 95.15 | F1: 95.98 | IoU: 90.84 
2025-10-05T20:06:14+0200 - train_s1_zscore_256_concrete - INFO - v-Epoch 7 | Loss: 0.1292 | Accuracy: 98.86 | Precision: 97.28 | Recall: 92.2 | F1: 94.67 | IoU: 87.95 
2025-10-05T20:43:52+0200 - train_s1_zscore_256_concrete - INFO - t-Epoch 8 | Loss: 0.1035 | Accuracy: 99.11 | Precision: 96.85 | Recall: 95.31 | F1: 96.08 | IoU: 90.81 
2025-10-05T20:52:52+0200 - train_s1_zscore_256_concrete - INFO - v-Epoch 8 | Loss: 0.1333 | Accuracy: 98.79 | Precision: 97.35 | Recall: 91.45 | F1: 94.31 | IoU: 87.32 
2025-10-05T21:30:22+0200 - train_s1_zscore_256_concrete - INFO - t-Epoch 9 | Loss: 0.1017 | Accuracy: 99.11 | Precision: 96.88 | Recall: 95.27 | F1: 96.07 | IoU: 90.98 
2025-10-05T21:39:39+0200 - train_s1_zscore_256_concrete - INFO - v-Epoch 9 | Loss: 0.1289 | Accuracy: 98.84 | Precision: 97.62 | Recall: 91.65 | F1: 94.54 | IoU: 87.73 
2025-10-05T22:17:15+0200 - train_s1_zscore_256_concrete - INFO - t-Epoch 10 | Loss: 0.1003 | Accuracy: 99.14 | Precision: 97.0 | Recall: 95.35 | F1: 96.17 | IoU: 91.13 
2025-10-05T22:26:23+0200 - train_s1_zscore_256_concrete - INFO - v-Epoch 10 | Loss: 0.1207 | Accuracy: 98.91 | Precision: 97.55 | Recall: 92.32 | F1: 94.87 | IoU: 88.69 
2025-10-05T22:26:23+0200 - train_s1_zscore_256_concrete - INFO - Best model saved to /eodc/private/tuwgeo/users/mabdelaa/repos/seg_likelihood/models/concrte_s1_zscore_256_slope_UNet.pth 
2025-10-05T23:04:03+0200 - train_s1_zscore_256_concrete - INFO - t-Epoch 11 | Loss: 0.0989 | Accuracy: 99.14 | Precision: 96.91 | Recall: 95.46 | F1: 96.18 | IoU: 91.28 
2025-10-05T23:13:30+0200 - train_s1_zscore_256_concrete - INFO - v-Epoch 11 | Loss: 0.1170 | Accuracy: 98.94 | Precision: 96.85 | Recall: 93.39 | F1: 95.09 | IoU: 88.75 
2025-10-05T23:13:31+0200 - train_s1_zscore_256_concrete - INFO - Best model saved to /eodc/private/tuwgeo/users/mabdelaa/repos/seg_likelihood/models/concrte_s1_zscore_256_slope_UNet.pth 
2025-10-05T23:51:09+0200 - train_s1_zscore_256_concrete - INFO - t-Epoch 12 | Loss: 0.0981 | Accuracy: 99.15 | Precision: 97.09 | Recall: 95.37 | F1: 96.22 | IoU: 91.31 
2025-10-06T00:00:25+0200 - train_s1_zscore_256_concrete - INFO - v-Epoch 12 | Loss: 0.1195 | Accuracy: 98.93 | Precision: 97.24 | Recall: 92.84 | F1: 94.99 | IoU: 88.65 
2025-10-06T00:38:03+0200 - train_s1_zscore_256_concrete - INFO - t-Epoch 13 | Loss: 0.0993 | Accuracy: 99.14 | Precision: 97.01 | Recall: 95.39 | F1: 96.19 | IoU: 91.2 
2025-10-06T00:47:24+0200 - train_s1_zscore_256_concrete - INFO - v-Epoch 13 | Loss: 0.1230 | Accuracy: 98.9 | Precision: 96.78 | Recall: 93.03 | F1: 94.87 | IoU: 88.24 
2025-10-06T01:24:58+0200 - train_s1_zscore_256_concrete - INFO - t-Epoch 14 | Loss: 0.0981 | Accuracy: 99.15 | Precision: 96.96 | Recall: 95.55 | F1: 96.25 | IoU: 91.32 
2025-10-06T01:34:32+0200 - train_s1_zscore_256_concrete - INFO - v-Epoch 14 | Loss: 0.1087 | Accuracy: 98.98 | Precision: 96.6 | Recall: 94.01 | F1: 95.29 | IoU: 89.59 
2025-10-06T01:34:32+0200 - train_s1_zscore_256_concrete - INFO - Best model saved to /eodc/private/tuwgeo/users/mabdelaa/repos/seg_likelihood/models/concrte_s1_zscore_256_slope_UNet.pth 
2025-10-06T14:29:47+0200 - train_s1_zscore_256_concrete - INFO - Start Training ... 
2025-10-06T15:07:12+0200 - train_s1_zscore_256_concrete - INFO - t-Epoch 1 | Loss: 0.0982 | Accuracy: 99.15 | Precision: 97.0 | Recall: 95.45 | F1: 96.22 | IoU: 91.22 
2025-10-06T15:15:47+0200 - train_s1_zscore_256_concrete - INFO - v-Epoch 1 | Loss: 0.1250 | Accuracy: 98.86 | Precision: 96.26 | Recall: 93.25 | F1: 94.73 | IoU: 88.27 
2025-10-06T15:15:48+0200 - train_s1_zscore_256_concrete - INFO - Best model saved to /eodc/private/tuwgeo/users/mabdelaa/repos/seg_likelihood/models/concrte_s1_zscore_256_slope_UNet.pth 
2025-10-06T15:53:04+0200 - train_s1_zscore_256_concrete - INFO - t-Epoch 2 | Loss: 0.0955 | Accuracy: 99.17 | Precision: 97.07 | Recall: 95.6 | F1: 96.33 | IoU: 91.44 
2025-10-06T16:01:20+0200 - train_s1_zscore_256_concrete - INFO - v-Epoch 2 | Loss: 0.1132 | Accuracy: 98.96 | Precision: 96.8 | Recall: 93.57 | F1: 95.16 | IoU: 89.21 
2025-10-06T16:01:20+0200 - train_s1_zscore_256_concrete - INFO - Best model saved to /eodc/private/tuwgeo/users/mabdelaa/repos/seg_likelihood/models/concrte_s1_zscore_256_slope_UNet.pth 
2025-10-06T16:38:36+0200 - train_s1_zscore_256_concrete - INFO - t-Epoch 3 | Loss: 0.0982 | Accuracy: 99.16 | Precision: 97.08 | Recall: 95.49 | F1: 96.28 | IoU: 91.21 
2025-10-06T16:46:33+0200 - train_s1_zscore_256_concrete - INFO - v-Epoch 3 | Loss: 0.1143 | Accuracy: 98.94 | Precision: 96.79 | Recall: 93.46 | F1: 95.1 | IoU: 88.93 
2025-10-06T17:23:47+0200 - train_s1_zscore_256_concrete - INFO - t-Epoch 4 | Loss: 0.0949 | Accuracy: 99.18 | Precision: 97.14 | Recall: 95.58 | F1: 96.35 | IoU: 91.48 
2025-10-06T17:31:26+0200 - train_s1_zscore_256_concrete - INFO - v-Epoch 4 | Loss: 0.1303 | Accuracy: 98.83 | Precision: 97.04 | Recall: 92.1 | F1: 94.51 | IoU: 87.74 
2025-10-06T18:08:39+0200 - train_s1_zscore_256_concrete - INFO - t-Epoch 5 | Loss: 0.0988 | Accuracy: 99.16 | Precision: 97.0 | Recall: 95.56 | F1: 96.28 | IoU: 91.14 
2025-10-06T18:16:16+0200 - train_s1_zscore_256_concrete - INFO - v-Epoch 5 | Loss: 0.1242 | Accuracy: 98.84 | Precision: 96.03 | Recall: 93.22 | F1: 94.61 | IoU: 87.91 
2025-10-06T18:53:31+0200 - train_s1_zscore_256_concrete - INFO - t-Epoch 6 | Loss: 0.0952 | Accuracy: 99.17 | Precision: 97.04 | Recall: 95.59 | F1: 96.31 | IoU: 91.52 
2025-10-06T19:01:15+0200 - train_s1_zscore_256_concrete - INFO - v-Epoch 6 | Loss: 0.1171 | Accuracy: 98.93 | Precision: 97.13 | Recall: 92.96 | F1: 95.0 | IoU: 88.87 
2025-10-06T19:38:31+0200 - train_s1_zscore_256_concrete - INFO - t-Epoch 7 | Loss: 0.0956 | Accuracy: 99.16 | Precision: 97.03 | Recall: 95.55 | F1: 96.28 | IoU: 91.45 
2025-10-06T19:46:23+0200 - train_s1_zscore_256_concrete - INFO - v-Epoch 7 | Loss: 0.1160 | Accuracy: 98.94 | Precision: 96.69 | Recall: 93.49 | F1: 95.06 | IoU: 88.86 
2025-10-06T20:23:39+0200 - train_s1_zscore_256_concrete - INFO - t-Epoch 8 | Loss: 0.0972 | Accuracy: 99.17 | Precision: 96.98 | Recall: 95.65 | F1: 96.31 | IoU: 91.26 
2025-10-06T20:31:31+0200 - train_s1_zscore_256_concrete - INFO - v-Epoch 8 | Loss: 0.1217 | Accuracy: 98.87 | Precision: 97.49 | Recall: 92.04 | F1: 94.69 | IoU: 88.14 
2025-10-06T21:08:44+0200 - train_s1_zscore_256_concrete - INFO - t-Epoch 9 | Loss: 0.0808 | Accuracy: 99.3 | Precision: 97.51 | Recall: 96.27 | F1: 96.89 | IoU: 92.75 
2025-10-06T21:17:16+0200 - train_s1_zscore_256_concrete - INFO - v-Epoch 9 | Loss: 0.1104 | Accuracy: 98.98 | Precision: 96.95 | Recall: 93.67 | F1: 95.28 | IoU: 89.28 
2025-10-06T21:17:17+0200 - train_s1_zscore_256_concrete - INFO - Best model saved to /eodc/private/tuwgeo/users/mabdelaa/repos/seg_likelihood/models/concrte_s1_zscore_256_slope_UNet.pth 
2025-10-06T21:54:33+0200 - train_s1_zscore_256_concrete - INFO - t-Epoch 10 | Loss: 0.0801 | Accuracy: 99.3 | Precision: 97.54 | Recall: 96.32 | F1: 96.93 | IoU: 92.75 
2025-10-06T22:02:54+0200 - train_s1_zscore_256_concrete - INFO - v-Epoch 10 | Loss: 0.1055 | Accuracy: 99.02 | Precision: 96.88 | Recall: 94.07 | F1: 95.45 | IoU: 89.88 
2025-10-06T22:02:55+0200 - train_s1_zscore_256_concrete - INFO - Best model saved to /eodc/private/tuwgeo/users/mabdelaa/repos/seg_likelihood/models/concrte_s1_zscore_256_slope_UNet.pth 
2025-10-06T22:40:11+0200 - train_s1_zscore_256_concrete - INFO - t-Epoch 11 | Loss: 0.0782 | Accuracy: 99.31 | Precision: 97.61 | Recall: 96.33 | F1: 96.96 | IoU: 92.97 
2025-10-06T22:48:16+0200 - train_s1_zscore_256_concrete - INFO - v-Epoch 11 | Loss: 0.1080 | Accuracy: 99.01 | Precision: 97.01 | Recall: 93.84 | F1: 95.4 | IoU: 89.48 
2025-10-06T23:25:30+0200 - train_s1_zscore_256_concrete - INFO - t-Epoch 12 | Loss: 0.0761 | Accuracy: 99.34 | Precision: 97.7 | Recall: 96.46 | F1: 97.07 | IoU: 93.1 
2025-10-06T23:33:26+0200 - train_s1_zscore_256_concrete - INFO - v-Epoch 12 | Loss: 0.1067 | Accuracy: 99.0 | Precision: 95.95 | Recall: 94.92 | F1: 95.43 | IoU: 89.65 
2025-10-07T00:10:43+0200 - train_s1_zscore_256_concrete - INFO - t-Epoch 13 | Loss: 0.0756 | Accuracy: 99.34 | Precision: 97.71 | Recall: 96.48 | F1: 97.09 | IoU: 93.11 
2025-10-07T00:18:24+0200 - train_s1_zscore_256_concrete - INFO - v-Epoch 13 | Loss: 0.1084 | Accuracy: 99.01 | Precision: 96.61 | Recall: 94.29 | F1: 95.44 | IoU: 89.47 
2025-10-07T00:55:41+0200 - train_s1_zscore_256_concrete - INFO - t-Epoch 14 | Loss: 0.0761 | Accuracy: 99.34 | Precision: 97.65 | Recall: 96.47 | F1: 97.06 | IoU: 93.04 
2025-10-07T01:03:25+0200 - train_s1_zscore_256_concrete - INFO - v-Epoch 14 | Loss: 0.1073 | Accuracy: 98.99 | Precision: 96.98 | Recall: 93.68 | F1: 95.3 | IoU: 89.68 
2025-10-07T01:40:41+0200 - train_s1_zscore_256_concrete - INFO - t-Epoch 15 | Loss: 0.0750 | Accuracy: 99.34 | Precision: 97.68 | Recall: 96.48 | F1: 97.07 | IoU: 93.21 
2025-10-07T01:48:59+0200 - train_s1_zscore_256_concrete - INFO - v-Epoch 15 | Loss: 0.1115 | Accuracy: 98.98 | Precision: 96.48 | Recall: 94.11 | F1: 95.28 | IoU: 89.24 
2025-10-07T02:26:17+0200 - train_s1_zscore_256_concrete - INFO - t-Epoch 16 | Loss: 0.0751 | Accuracy: 99.34 | Precision: 97.7 | Recall: 96.46 | F1: 97.08 | IoU: 93.15 
2025-10-07T02:34:25+0200 - train_s1_zscore_256_concrete - INFO - v-Epoch 16 | Loss: 0.1105 | Accuracy: 98.98 | Precision: 96.52 | Recall: 94.04 | F1: 95.26 | IoU: 89.47 
2025-10-07T03:11:44+0200 - train_s1_zscore_256_concrete - INFO - t-Epoch 17 | Loss: 0.0740 | Accuracy: 99.36 | Precision: 97.67 | Recall: 96.64 | F1: 97.15 | IoU: 93.24 
2025-10-07T03:19:40+0200 - train_s1_zscore_256_concrete - INFO - v-Epoch 17 | Loss: 0.1092 | Accuracy: 98.99 | Precision: 96.46 | Recall: 94.27 | F1: 95.35 | IoU: 89.45 
2025-10-07T03:56:55+0200 - train_s1_zscore_256_concrete - INFO - t-Epoch 18 | Loss: 0.0742 | Accuracy: 99.36 | Precision: 97.73 | Recall: 96.61 | F1: 97.16 | IoU: 93.18 
2025-10-07T04:04:54+0200 - train_s1_zscore_256_concrete - INFO - v-Epoch 18 | Loss: 0.1059 | Accuracy: 99.0 | Precision: 96.78 | Recall: 94.04 | F1: 95.39 | IoU: 89.74 
2025-10-07T04:42:11+0200 - train_s1_zscore_256_concrete - INFO - t-Epoch 19 | Loss: 0.0738 | Accuracy: 99.35 | Precision: 97.78 | Recall: 96.52 | F1: 97.14 | IoU: 93.25 
2025-10-07T04:50:06+0200 - train_s1_zscore_256_concrete - INFO - v-Epoch 19 | Loss: 0.1093 | Accuracy: 98.99 | Precision: 96.68 | Recall: 94.02 | F1: 95.33 | IoU: 89.45 
2025-10-07T05:27:23+0200 - train_s1_zscore_256_concrete - INFO - t-Epoch 20 | Loss: 0.0730 | Accuracy: 99.36 | Precision: 97.83 | Recall: 96.56 | F1: 97.19 | IoU: 93.29 
2025-10-07T05:35:14+0200 - train_s1_zscore_256_concrete - INFO - v-Epoch 20 | Loss: 0.1058 | Accuracy: 99.01 | Precision: 96.82 | Recall: 94.02 | F1: 95.4 | IoU: 89.76 
2025-10-07T06:12:28+0200 - train_s1_zscore_256_concrete - INFO - t-Epoch 21 | Loss: 0.0738 | Accuracy: 99.36 | Precision: 97.75 | Recall: 96.63 | F1: 97.19 | IoU: 93.2 
2025-10-07T06:20:41+0200 - train_s1_zscore_256_concrete - INFO - v-Epoch 21 | Loss: 0.1092 | Accuracy: 99.0 | Precision: 96.87 | Recall: 93.91 | F1: 95.37 | IoU: 89.4 
2025-10-07T06:57:57+0200 - train_s1_zscore_256_concrete - INFO - t-Epoch 22 | Loss: 0.0741 | Accuracy: 99.36 | Precision: 97.74 | Recall: 96.57 | F1: 97.15 | IoU: 93.19 
2025-10-07T07:06:23+0200 - train_s1_zscore_256_concrete - INFO - v-Epoch 22 | Loss: 0.1060 | Accuracy: 99.02 | Precision: 96.72 | Recall: 94.23 | F1: 95.46 | IoU: 89.73 
2025-10-07T07:43:40+0200 - train_s1_zscore_256_concrete - INFO - t-Epoch 23 | Loss: 0.0743 | Accuracy: 99.36 | Precision: 97.75 | Recall: 96.59 | F1: 97.17 | IoU: 93.17 
2025-10-07T07:52:02+0200 - train_s1_zscore_256_concrete - INFO - v-Epoch 23 | Loss: 0.1053 | Accuracy: 99.02 | Precision: 96.44 | Recall: 94.5 | F1: 95.46 | IoU: 89.81 
2025-10-07T07:52:03+0200 - train_s1_zscore_256_concrete - INFO - Best model saved to /eodc/private/tuwgeo/users/mabdelaa/repos/seg_likelihood/models/concrte_s1_zscore_256_slope_UNet.pth 
2025-10-07T08:29:19+0200 - train_s1_zscore_256_concrete - INFO - t-Epoch 24 | Loss: 0.0747 | Accuracy: 99.36 | Precision: 97.7 | Recall: 96.63 | F1: 97.16 | IoU: 93.11 
2025-10-07T08:37:38+0200 - train_s1_zscore_256_concrete - INFO - v-Epoch 24 | Loss: 0.1099 | Accuracy: 98.99 | Precision: 96.46 | Recall: 94.25 | F1: 95.34 | IoU: 89.36 
2025-10-07T09:14:56+0200 - train_s1_zscore_256_concrete - INFO - t-Epoch 25 | Loss: 0.0736 | Accuracy: 99.37 | Precision: 97.82 | Recall: 96.6 | F1: 97.2 | IoU: 93.27 
2025-10-07T09:23:21+0200 - train_s1_zscore_256_concrete - INFO - v-Epoch 25 | Loss: 0.1082 | Accuracy: 99.01 | Precision: 96.94 | Recall: 93.92 | F1: 95.4 | IoU: 89.59 
2025-10-07T10:00:39+0200 - train_s1_zscore_256_concrete - INFO - t-Epoch 26 | Loss: 0.0735 | Accuracy: 99.37 | Precision: 97.82 | Recall: 96.65 | F1: 97.23 | IoU: 93.24 
2025-10-07T10:09:01+0200 - train_s1_zscore_256_concrete - INFO - v-Epoch 26 | Loss: 0.1075 | Accuracy: 99.0 | Precision: 96.47 | Recall: 94.3 | F1: 95.37 | IoU: 89.66 
2025-10-07T10:46:17+0200 - train_s1_zscore_256_concrete - INFO - t-Epoch 27 | Loss: 0.0728 | Accuracy: 99.37 | Precision: 97.82 | Recall: 96.58 | F1: 97.19 | IoU: 93.31 
2025-10-07T10:54:25+0200 - train_s1_zscore_256_concrete - INFO - v-Epoch 27 | Loss: 0.1064 | Accuracy: 99.01 | Precision: 96.44 | Recall: 94.47 | F1: 95.44 | IoU: 89.67 
2025-10-07T11:32:16+0200 - train_s1_zscore_256_concrete - INFO - t-Epoch 28 | Loss: 0.0734 | Accuracy: 99.37 | Precision: 97.8 | Recall: 96.62 | F1: 97.2 | IoU: 93.23 
2025-10-07T11:40:30+0200 - train_s1_zscore_256_concrete - INFO - v-Epoch 28 | Loss: 0.1083 | Accuracy: 99.0 | Precision: 96.4 | Recall: 94.41 | F1: 95.39 | IoU: 89.45 
2025-10-07T12:17:48+0200 - train_s1_zscore_256_concrete - INFO - t-Epoch 29 | Loss: 0.0732 | Accuracy: 99.37 | Precision: 97.76 | Recall: 96.64 | F1: 97.2 | IoU: 93.28 
2025-10-07T12:25:44+0200 - train_s1_zscore_256_concrete - INFO - v-Epoch 29 | Loss: 0.1069 | Accuracy: 99.01 | Precision: 96.6 | Recall: 94.26 | F1: 95.42 | IoU: 89.61 
2025-10-07T13:03:01+0200 - train_s1_zscore_256_concrete - INFO - t-Epoch 30 | Loss: 0.0717 | Accuracy: 99.37 | Precision: 97.83 | Recall: 96.63 | F1: 97.23 | IoU: 93.4 
2025-10-07T13:11:14+0200 - train_s1_zscore_256_concrete - INFO - v-Epoch 30 | Loss: 0.1091 | Accuracy: 98.99 | Precision: 96.74 | Recall: 93.96 | F1: 95.33 | IoU: 89.52 
2025-10-07T13:48:30+0200 - train_s1_zscore_256_concrete - INFO - t-Epoch 31 | Loss: 0.0724 | Accuracy: 99.38 | Precision: 97.95 | Recall: 96.55 | F1: 97.25 | IoU: 93.35 
2025-10-07T13:56:33+0200 - train_s1_zscore_256_concrete - INFO - v-Epoch 31 | Loss: 0.1071 | Accuracy: 99.0 | Precision: 96.37 | Recall: 94.48 | F1: 95.41 | IoU: 89.59 
2025-10-07T21:45:07+0200 - train_s1_zscore_256_concrete - INFO - Start Training ... 
2025-10-07T21:49:55+0200 - train_s1_zscore_256_concrete - INFO - Start Training ... 
2025-10-07T22:34:13+0200 - train_s1_zscore_256_concrete - INFO - Start Training ... 
2025-10-07T23:29:17+0200 - train_s1_zscore_256_concrete - INFO - t-Epoch 1 | Loss: 0.7164 | Accuracy: 89.56 | Precision: 53.44 | Recall: 64.12 | F1: 58.29 | IoU: 40.88 
2025-10-07T23:37:50+0200 - train_s1_zscore_256_concrete - INFO - v-Epoch 1 | Loss: 0.3404 | Accuracy: 96.51 | Precision: 91.93 | Recall: 74.72 | F1: 82.44 | IoU: 66.84 
2025-10-07T23:37:50+0200 - train_s1_zscore_256_concrete - INFO - Best model saved to /eodc/private/tuwgeo/users/mabdelaa/repos/seg_likelihood/models/s1_zscore_256_slope_UNetConcrete_concrete_v2.pth 
2025-10-08T00:34:19+0200 - train_s1_zscore_256_concrete - INFO - t-Epoch 2 | Loss: 0.5494 | Accuracy: 92.57 | Precision: 65.27 | Recall: 74.54 | F1: 69.6 | IoU: 52.52 
2025-10-08T00:42:32+0200 - train_s1_zscore_256_concrete - INFO - v-Epoch 2 | Loss: 0.2510 | Accuracy: 97.33 | Precision: 89.83 | Recall: 85.23 | F1: 87.47 | IoU: 75.38 
2025-10-08T00:42:33+0200 - train_s1_zscore_256_concrete - INFO - Best model saved to /eodc/private/tuwgeo/users/mabdelaa/repos/seg_likelihood/models/s1_zscore_256_slope_UNetConcrete_concrete_v2.pth 
2025-10-08T01:39:08+0200 - train_s1_zscore_256_concrete - INFO - t-Epoch 3 | Loss: 0.3641 | Accuracy: 95.77 | Precision: 80.84 | Recall: 82.35 | F1: 81.59 | IoU: 67.04 
2025-10-08T01:47:22+0200 - train_s1_zscore_256_concrete - INFO - v-Epoch 3 | Loss: 0.2065 | Accuracy: 97.98 | Precision: 95.28 | Recall: 85.86 | F1: 90.32 | IoU: 79.52 
2025-10-08T01:47:23+0200 - train_s1_zscore_256_concrete - INFO - Best model saved to /eodc/private/tuwgeo/users/mabdelaa/repos/seg_likelihood/models/s1_zscore_256_slope_UNetConcrete_concrete_v2.pth 
2025-10-08T02:43:59+0200 - train_s1_zscore_256_concrete - INFO - t-Epoch 4 | Loss: 0.2266 | Accuracy: 97.67 | Precision: 91.37 | Recall: 87.8 | F1: 89.55 | IoU: 78.92 
2025-10-08T02:52:13+0200 - train_s1_zscore_256_concrete - INFO - v-Epoch 4 | Loss: 0.1586 | Accuracy: 98.43 | Precision: 95.4 | Recall: 90.0 | F1: 92.62 | IoU: 83.74 
2025-10-08T02:52:13+0200 - train_s1_zscore_256_concrete - INFO - Best model saved to /eodc/private/tuwgeo/users/mabdelaa/repos/seg_likelihood/models/s1_zscore_256_slope_UNetConcrete_concrete_v2.pth 
2025-10-08T03:48:42+0200 - train_s1_zscore_256_concrete - INFO - t-Epoch 5 | Loss: 0.1823 | Accuracy: 98.17 | Precision: 93.39 | Recall: 90.34 | F1: 91.84 | IoU: 82.63 
2025-10-08T03:56:55+0200 - train_s1_zscore_256_concrete - INFO - v-Epoch 5 | Loss: 0.1584 | Accuracy: 98.46 | Precision: 96.32 | Recall: 89.41 | F1: 92.73 | IoU: 84.05 
2025-10-08T03:56:56+0200 - train_s1_zscore_256_concrete - INFO - Best model saved to /eodc/private/tuwgeo/users/mabdelaa/repos/seg_likelihood/models/s1_zscore_256_slope_UNetConcrete_concrete_v2.pth 
2025-10-08T04:52:34+0200 - train_s1_zscore_256_concrete - INFO - t-Epoch 6 | Loss: 0.1619 | Accuracy: 98.37 | Precision: 94.43 | Recall: 91.05 | F1: 92.71 | IoU: 84.41 
2025-10-08T05:00:49+0200 - train_s1_zscore_256_concrete - INFO - v-Epoch 6 | Loss: 0.1419 | Accuracy: 98.63 | Precision: 96.89 | Recall: 90.35 | F1: 93.51 | IoU: 85.81 
2025-10-08T05:00:49+0200 - train_s1_zscore_256_concrete - INFO - Best model saved to /eodc/private/tuwgeo/users/mabdelaa/repos/seg_likelihood/models/s1_zscore_256_slope_UNetConcrete_concrete_v2.pth 
2025-10-08T05:57:05+0200 - train_s1_zscore_256_concrete - INFO - t-Epoch 7 | Loss: 0.1487 | Accuracy: 98.47 | Precision: 94.69 | Recall: 91.71 | F1: 93.18 | IoU: 85.34 
2025-10-08T06:05:19+0200 - train_s1_zscore_256_concrete - INFO - v-Epoch 7 | Loss: 0.1386 | Accuracy: 98.54 | Precision: 93.75 | Recall: 92.9 | F1: 93.32 | IoU: 85.36 
2025-10-08T06:05:19+0200 - train_s1_zscore_256_concrete - INFO - Best model saved to /eodc/private/tuwgeo/users/mabdelaa/repos/seg_likelihood/models/s1_zscore_256_slope_UNetConcrete_concrete_v2.pth 
2025-10-08T06:53:37+0200 - train_s1_zscore_256_concrete - INFO - t-Epoch 8 | Loss: 0.1392 | Accuracy: 98.58 | Precision: 95.17 | Recall: 92.19 | F1: 93.66 | IoU: 86.05 
2025-10-08T07:01:49+0200 - train_s1_zscore_256_concrete - INFO - v-Epoch 8 | Loss: 0.1304 | Accuracy: 98.67 | Precision: 97.28 | Recall: 90.41 | F1: 93.72 | IoU: 86.12 
2025-10-08T07:01:50+0200 - train_s1_zscore_256_concrete - INFO - Best model saved to /eodc/private/tuwgeo/users/mabdelaa/repos/seg_likelihood/models/s1_zscore_256_slope_UNetConcrete_concrete_v2.pth 
2025-10-08T07:45:59+0200 - train_s1_zscore_256_concrete - INFO - t-Epoch 9 | Loss: 0.1297 | Accuracy: 98.65 | Precision: 95.56 | Recall: 92.43 | F1: 93.97 | IoU: 86.85 
2025-10-08T07:53:49+0200 - train_s1_zscore_256_concrete - INFO - v-Epoch 9 | Loss: 0.1288 | Accuracy: 98.7 | Precision: 97.51 | Recall: 90.45 | F1: 93.85 | IoU: 86.07 
2025-10-08T07:53:49+0200 - train_s1_zscore_256_concrete - INFO - Best model saved to /eodc/private/tuwgeo/users/mabdelaa/repos/seg_likelihood/models/s1_zscore_256_slope_UNetConcrete_concrete_v2.pth 
2025-10-08T08:30:28+0200 - train_s1_zscore_256_concrete - INFO - t-Epoch 10 | Loss: 0.1226 | Accuracy: 98.72 | Precision: 95.75 | Recall: 92.87 | F1: 94.29 | IoU: 87.43 
2025-10-08T08:38:25+0200 - train_s1_zscore_256_concrete - INFO - v-Epoch 10 | Loss: 0.1274 | Accuracy: 98.66 | Precision: 97.12 | Recall: 90.46 | F1: 93.67 | IoU: 86.47 
2025-10-08T08:38:25+0200 - train_s1_zscore_256_concrete - INFO - Best model saved to /eodc/private/tuwgeo/users/mabdelaa/repos/seg_likelihood/models/s1_zscore_256_slope_UNetConcrete_concrete_v2.pth 
2025-10-08T09:25:12+0200 - train_s1_zscore_256_concrete - INFO - t-Epoch 11 | Loss: 0.1189 | Accuracy: 98.73 | Precision: 95.8 | Recall: 92.97 | F1: 94.36 | IoU: 87.69 
2025-10-08T09:33:16+0200 - train_s1_zscore_256_concrete - INFO - v-Epoch 11 | Loss: 0.1120 | Accuracy: 98.82 | Precision: 97.07 | Recall: 92.01 | F1: 94.47 | IoU: 87.33 
2025-10-08T09:33:17+0200 - train_s1_zscore_256_concrete - INFO - Best model saved to /eodc/private/tuwgeo/users/mabdelaa/repos/seg_likelihood/models/s1_zscore_256_slope_UNetConcrete_concrete_v2.pth 
2025-10-08T10:11:43+0200 - train_s1_zscore_256_concrete - INFO - t-Epoch 12 | Loss: 0.1143 | Accuracy: 98.77 | Precision: 95.96 | Recall: 93.12 | F1: 94.52 | IoU: 88.01 
2025-10-08T10:19:39+0200 - train_s1_zscore_256_concrete - INFO - v-Epoch 12 | Loss: 0.1090 | Accuracy: 98.85 | Precision: 97.67 | Recall: 91.68 | F1: 94.58 | IoU: 87.66 
2025-10-08T10:19:39+0200 - train_s1_zscore_256_concrete - INFO - Best model saved to /eodc/private/tuwgeo/users/mabdelaa/repos/seg_likelihood/models/s1_zscore_256_slope_UNetConcrete_concrete_v2.pth 
2025-10-08T10:49:26+0200 - train_s1_zscore_256_concrete - INFO - t-Epoch 13 | Loss: 0.1121 | Accuracy: 98.8 | Precision: 95.94 | Recall: 93.41 | F1: 94.66 | IoU: 88.17 
2025-10-08T10:57:00+0200 - train_s1_zscore_256_concrete - INFO - v-Epoch 13 | Loss: 0.1487 | Accuracy: 98.55 | Precision: 97.66 | Recall: 88.9 | F1: 93.07 | IoU: 84.29 
2025-10-08T11:32:04+0200 - train_s1_zscore_256_concrete - INFO - t-Epoch 14 | Loss: 0.1110 | Accuracy: 98.81 | Precision: 95.86 | Recall: 93.55 | F1: 94.69 | IoU: 88.3 
2025-10-08T11:39:41+0200 - train_s1_zscore_256_concrete - INFO - v-Epoch 14 | Loss: 0.1164 | Accuracy: 98.74 | Precision: 98.08 | Recall: 90.29 | F1: 94.02 | IoU: 87.02 
2025-10-08T12:26:42+0200 - train_s1_zscore_256_concrete - INFO - t-Epoch 15 | Loss: 0.1055 | Accuracy: 98.85 | Precision: 96.07 | Recall: 93.69 | F1: 94.87 | IoU: 88.67 
2025-10-08T12:34:58+0200 - train_s1_zscore_256_concrete - INFO - v-Epoch 15 | Loss: 0.1464 | Accuracy: 98.57 | Precision: 97.9 | Recall: 88.84 | F1: 93.15 | IoU: 84.69 
2025-10-08T13:03:53+0200 - train_s1_zscore_256_concrete - INFO - t-Epoch 16 | Loss: 0.1074 | Accuracy: 98.85 | Precision: 96.11 | Recall: 93.66 | F1: 94.87 | IoU: 88.46 
2025-10-08T13:11:55+0200 - train_s1_zscore_256_concrete - INFO - v-Epoch 16 | Loss: 0.1184 | Accuracy: 98.74 | Precision: 97.54 | Recall: 90.79 | F1: 94.04 | IoU: 86.82 
2025-10-08T13:57:22+0200 - train_s1_zscore_256_concrete - INFO - t-Epoch 17 | Loss: 0.1042 | Accuracy: 98.86 | Precision: 96.13 | Recall: 93.75 | F1: 94.93 | IoU: 88.68 
2025-10-08T14:05:18+0200 - train_s1_zscore_256_concrete - INFO - v-Epoch 17 | Loss: 0.1119 | Accuracy: 98.82 | Precision: 96.91 | Recall: 92.15 | F1: 94.47 | IoU: 87.45 
2025-10-08T14:38:56+0200 - train_s1_zscore_256_concrete - INFO - t-Epoch 18 | Loss: 0.1028 | Accuracy: 98.87 | Precision: 96.21 | Recall: 93.77 | F1: 94.97 | IoU: 88.76 
2025-10-08T14:46:49+0200 - train_s1_zscore_256_concrete - INFO - v-Epoch 18 | Loss: 0.0979 | Accuracy: 98.89 | Precision: 96.14 | Recall: 93.58 | F1: 94.85 | IoU: 88.61 
2025-10-08T14:46:49+0200 - train_s1_zscore_256_concrete - INFO - Best model saved to /eodc/private/tuwgeo/users/mabdelaa/repos/seg_likelihood/models/s1_zscore_256_slope_UNetConcrete_concrete_v2.pth 
2025-10-08T15:19:49+0200 - train_s1_zscore_256_concrete - INFO - t-Epoch 19 | Loss: 0.1009 | Accuracy: 98.9 | Precision: 96.23 | Recall: 94.04 | F1: 95.12 | IoU: 88.89 
2025-10-08T15:27:31+0200 - train_s1_zscore_256_concrete - INFO - v-Epoch 19 | Loss: 0.1117 | Accuracy: 98.8 | Precision: 97.42 | Recall: 91.44 | F1: 94.34 | IoU: 87.31 
2025-10-08T16:01:57+0200 - train_s1_zscore_256_concrete - INFO - t-Epoch 20 | Loss: 0.0998 | Accuracy: 98.89 | Precision: 96.23 | Recall: 93.96 | F1: 95.08 | IoU: 89.02 
2025-10-08T16:09:39+0200 - train_s1_zscore_256_concrete - INFO - v-Epoch 20 | Loss: 0.1077 | Accuracy: 98.78 | Precision: 96.3 | Recall: 92.44 | F1: 94.33 | IoU: 87.51 
2025-10-08T16:44:09+0200 - train_s1_zscore_256_concrete - INFO - t-Epoch 21 | Loss: 0.0988 | Accuracy: 98.92 | Precision: 96.38 | Recall: 94.01 | F1: 95.18 | IoU: 89.08 
2025-10-08T16:51:55+0200 - train_s1_zscore_256_concrete - INFO - v-Epoch 21 | Loss: 0.1178 | Accuracy: 98.76 | Precision: 97.5 | Recall: 91.03 | F1: 94.15 | IoU: 86.9 
2025-10-08T17:27:46+0200 - train_s1_zscore_256_concrete - INFO - t-Epoch 22 | Loss: 0.0966 | Accuracy: 98.94 | Precision: 96.41 | Recall: 94.15 | F1: 95.27 | IoU: 89.25 
2025-10-08T17:35:47+0200 - train_s1_zscore_256_concrete - INFO - v-Epoch 22 | Loss: 0.1190 | Accuracy: 98.72 | Precision: 97.73 | Recall: 90.42 | F1: 93.93 | IoU: 86.6 
2025-10-08T18:27:29+0200 - train_s1_zscore_256_concrete - INFO - t-Epoch 23 | Loss: 0.0977 | Accuracy: 98.93 | Precision: 96.31 | Recall: 94.2 | F1: 95.24 | IoU: 89.1 
2025-10-08T18:35:38+0200 - train_s1_zscore_256_concrete - INFO - v-Epoch 23 | Loss: 0.1023 | Accuracy: 98.86 | Precision: 97.42 | Recall: 92.03 | F1: 94.65 | IoU: 88.07 
2025-10-08T19:31:13+0200 - train_s1_zscore_256_concrete - INFO - t-Epoch 24 | Loss: 0.0968 | Accuracy: 98.95 | Precision: 96.43 | Recall: 94.28 | F1: 95.34 | IoU: 89.17 
2025-10-08T19:39:21+0200 - train_s1_zscore_256_concrete - INFO - v-Epoch 24 | Loss: 0.1064 | Accuracy: 98.85 | Precision: 96.55 | Recall: 92.8 | F1: 94.64 | IoU: 87.81 
2025-10-08T20:10:05+0200 - train_s1_zscore_256_concrete - INFO - Start Training ... 
2025-10-08T20:28:21+0200 - train_s1_zscore_256_concrete - INFO - Start Training ... 
2025-10-08T20:55:41+0200 - train_s1_zscore_256_concrete - INFO - t-Epoch 1 | Loss: 0.0817 | Accuracy: 98.98 | Precision: 96.45 | Recall: 94.54 | F1: 95.48 | IoU: 90.76 
2025-10-08T21:04:06+0200 - train_s1_zscore_256_concrete - INFO - v-Epoch 1 | Loss: 0.0955 | Accuracy: 98.8 | Precision: 96.37 | Recall: 92.56 | F1: 94.42 | IoU: 88.61 
2025-10-08T21:04:07+0200 - train_s1_zscore_256_concrete - INFO - Best model saved to /eodc/private/tuwgeo/users/mabdelaa/repos/seg_likelihood/models/s1_zscore_256_slope_UNetConcrete_concrete_v2.pth 
2025-10-08T21:31:19+0200 - train_s1_zscore_256_concrete - INFO - t-Epoch 2 | Loss: 0.0801 | Accuracy: 99.0 | Precision: 96.5 | Recall: 94.64 | F1: 95.56 | IoU: 90.86 
2025-10-08T21:39:00+0200 - train_s1_zscore_256_concrete - INFO - v-Epoch 2 | Loss: 0.0808 | Accuracy: 98.95 | Precision: 97.35 | Recall: 92.96 | F1: 95.11 | IoU: 90.03 
2025-10-08T21:39:01+0200 - train_s1_zscore_256_concrete - INFO - Best model saved to /eodc/private/tuwgeo/users/mabdelaa/repos/seg_likelihood/models/s1_zscore_256_slope_UNetConcrete_concrete_v2.pth 
2025-10-08T22:06:16+0200 - train_s1_zscore_256_concrete - INFO - t-Epoch 3 | Loss: 0.0794 | Accuracy: 99.0 | Precision: 96.41 | Recall: 94.7 | F1: 95.55 | IoU: 90.87 
2025-10-08T22:14:11+0200 - train_s1_zscore_256_concrete - INFO - v-Epoch 3 | Loss: 0.0897 | Accuracy: 98.86 | Precision: 96.75 | Recall: 92.72 | F1: 94.69 | IoU: 89.21 
2025-10-08T22:41:22+0200 - train_s1_zscore_256_concrete - INFO - t-Epoch 4 | Loss: 0.0776 | Accuracy: 99.01 | Precision: 96.68 | Recall: 94.54 | F1: 95.6 | IoU: 90.98 
2025-10-08T22:49:13+0200 - train_s1_zscore_256_concrete - INFO - v-Epoch 4 | Loss: 0.1070 | Accuracy: 98.73 | Precision: 98.05 | Recall: 90.23 | F1: 93.98 | IoU: 87.75 
2025-10-08T23:16:27+0200 - train_s1_zscore_256_concrete - INFO - t-Epoch 5 | Loss: 0.0780 | Accuracy: 99.02 | Precision: 96.66 | Recall: 94.64 | F1: 95.64 | IoU: 90.89 
2025-10-08T23:23:58+0200 - train_s1_zscore_256_concrete - INFO - v-Epoch 5 | Loss: 0.1110 | Accuracy: 98.7 | Precision: 97.94 | Recall: 89.99 | F1: 93.8 | IoU: 87.53 
2025-10-08T23:51:07+0200 - train_s1_zscore_256_concrete - INFO - t-Epoch 6 | Loss: 0.0754 | Accuracy: 99.03 | Precision: 96.64 | Recall: 94.79 | F1: 95.71 | IoU: 91.12 
2025-10-08T23:58:48+0200 - train_s1_zscore_256_concrete - INFO - v-Epoch 6 | Loss: 0.0953 | Accuracy: 98.85 | Precision: 97.62 | Recall: 91.73 | F1: 94.58 | IoU: 88.92 
2025-10-09T00:26:02+0200 - train_s1_zscore_256_concrete - INFO - t-Epoch 7 | Loss: 0.0786 | Accuracy: 99.0 | Precision: 96.49 | Recall: 94.67 | F1: 95.57 | IoU: 90.81 
2025-10-09T00:34:00+0200 - train_s1_zscore_256_concrete - INFO - v-Epoch 7 | Loss: 0.0986 | Accuracy: 98.78 | Precision: 96.6 | Recall: 92.09 | F1: 94.29 | IoU: 88.3 
2025-10-09T01:01:10+0200 - train_s1_zscore_256_concrete - INFO - t-Epoch 8 | Loss: 0.0750 | Accuracy: 99.02 | Precision: 96.56 | Recall: 94.79 | F1: 95.67 | IoU: 91.11 
2025-10-09T01:08:46+0200 - train_s1_zscore_256_concrete - INFO - v-Epoch 8 | Loss: 0.0983 | Accuracy: 98.8 | Precision: 97.54 | Recall: 91.37 | F1: 94.36 | IoU: 88.54 
2025-10-09T01:36:01+0200 - train_s1_zscore_256_concrete - INFO - t-Epoch 9 | Loss: 0.0646 | Accuracy: 99.12 | Precision: 96.99 | Recall: 95.27 | F1: 96.12 | IoU: 92.0 
2025-10-09T01:43:37+0200 - train_s1_zscore_256_concrete - INFO - v-Epoch 9 | Loss: 0.0862 | Accuracy: 98.9 | Precision: 97.23 | Recall: 92.6 | F1: 94.86 | IoU: 89.34 
2025-10-09T02:10:50+0200 - train_s1_zscore_256_concrete - INFO - t-Epoch 10 | Loss: 0.0628 | Accuracy: 99.13 | Precision: 96.99 | Recall: 95.36 | F1: 96.17 | IoU: 92.12 
2025-10-09T02:18:21+0200 - train_s1_zscore_256_concrete - INFO - v-Epoch 10 | Loss: 0.0815 | Accuracy: 98.93 | Precision: 97.17 | Recall: 92.96 | F1: 95.02 | IoU: 89.83 
2025-10-09T02:45:31+0200 - train_s1_zscore_256_concrete - INFO - t-Epoch 11 | Loss: 0.0595 | Accuracy: 99.17 | Precision: 97.09 | Recall: 95.55 | F1: 96.32 | IoU: 92.39 
2025-10-09T02:53:00+0200 - train_s1_zscore_256_concrete - INFO - v-Epoch 11 | Loss: 0.0823 | Accuracy: 98.92 | Precision: 97.06 | Recall: 92.92 | F1: 94.95 | IoU: 89.77 
2025-10-09T03:20:14+0200 - train_s1_zscore_256_concrete - INFO - t-Epoch 12 | Loss: 0.0592 | Accuracy: 99.16 | Precision: 97.1 | Recall: 95.51 | F1: 96.3 | IoU: 92.43 
2025-10-09T03:27:48+0200 - train_s1_zscore_256_concrete - INFO - v-Epoch 12 | Loss: 0.0797 | Accuracy: 98.94 | Precision: 96.87 | Recall: 93.3 | F1: 95.05 | IoU: 89.87 
2025-10-09T03:27:48+0200 - train_s1_zscore_256_concrete - INFO - Best model saved to /eodc/private/tuwgeo/users/mabdelaa/repos/seg_likelihood/models/s1_zscore_256_slope_UNetConcrete_concrete_v2.pth 
2025-10-09T03:54:55+0200 - train_s1_zscore_256_concrete - INFO - t-Epoch 13 | Loss: 0.0593 | Accuracy: 99.17 | Precision: 97.14 | Recall: 95.52 | F1: 96.32 | IoU: 92.34 
2025-10-09T04:02:12+0200 - train_s1_zscore_256_concrete - INFO - v-Epoch 13 | Loss: 0.0811 | Accuracy: 98.93 | Precision: 97.05 | Recall: 93.03 | F1: 95.0 | IoU: 89.71 
2025-10-09T04:29:22+0200 - train_s1_zscore_256_concrete - INFO - t-Epoch 14 | Loss: 0.0583 | Accuracy: 99.18 | Precision: 97.16 | Recall: 95.57 | F1: 96.36 | IoU: 92.4 
2025-10-09T04:36:38+0200 - train_s1_zscore_256_concrete - INFO - v-Epoch 14 | Loss: 0.0836 | Accuracy: 98.89 | Precision: 97.02 | Recall: 92.7 | F1: 94.81 | IoU: 89.52 
2025-10-09T05:03:50+0200 - train_s1_zscore_256_concrete - INFO - t-Epoch 15 | Loss: 0.0547 | Accuracy: 99.2 | Precision: 97.14 | Recall: 95.79 | F1: 96.46 | IoU: 92.71 
2025-10-09T05:11:30+0200 - train_s1_zscore_256_concrete - INFO - v-Epoch 15 | Loss: 0.0850 | Accuracy: 98.88 | Precision: 96.57 | Recall: 93.11 | F1: 94.81 | IoU: 89.33 
2025-10-09T05:38:44+0200 - train_s1_zscore_256_concrete - INFO - t-Epoch 16 | Loss: 0.0540 | Accuracy: 99.21 | Precision: 97.27 | Recall: 95.76 | F1: 96.51 | IoU: 92.73 
2025-10-09T05:46:26+0200 - train_s1_zscore_256_concrete - INFO - v-Epoch 16 | Loss: 0.0833 | Accuracy: 98.88 | Precision: 96.28 | Recall: 93.43 | F1: 94.83 | IoU: 89.57 
2025-10-09T06:13:38+0200 - train_s1_zscore_256_concrete - INFO - t-Epoch 17 | Loss: 0.0566 | Accuracy: 99.18 | Precision: 97.12 | Recall: 95.66 | F1: 96.38 | IoU: 92.49 
2025-10-09T06:21:02+0200 - train_s1_zscore_256_concrete - INFO - v-Epoch 17 | Loss: 0.0802 | Accuracy: 98.93 | Precision: 97.02 | Recall: 93.05 | F1: 95.0 | IoU: 89.79 
2025-10-09T06:48:16+0200 - train_s1_zscore_256_concrete - INFO - t-Epoch 18 | Loss: 0.0565 | Accuracy: 99.19 | Precision: 97.13 | Recall: 95.7 | F1: 96.41 | IoU: 92.47 
2025-10-09T06:56:02+0200 - train_s1_zscore_256_concrete - INFO - v-Epoch 18 | Loss: 0.0793 | Accuracy: 98.92 | Precision: 96.87 | Recall: 93.2 | F1: 95.0 | IoU: 89.83 
2025-10-09T06:56:02+0200 - train_s1_zscore_256_concrete - INFO - Best model saved to /eodc/private/tuwgeo/users/mabdelaa/repos/seg_likelihood/models/s1_zscore_256_slope_UNetConcrete_concrete_v2.pth 
2025-10-09T07:23:17+0200 - train_s1_zscore_256_concrete - INFO - t-Epoch 19 | Loss: 0.0558 | Accuracy: 99.19 | Precision: 97.16 | Recall: 95.71 | F1: 96.43 | IoU: 92.51 
2025-10-09T07:30:41+0200 - train_s1_zscore_256_concrete - INFO - v-Epoch 19 | Loss: 0.0825 | Accuracy: 98.9 | Precision: 96.79 | Recall: 93.05 | F1: 94.89 | IoU: 89.59 
2025-10-09T07:57:49+0200 - train_s1_zscore_256_concrete - INFO - t-Epoch 20 | Loss: 0.0551 | Accuracy: 99.2 | Precision: 97.17 | Recall: 95.73 | F1: 96.44 | IoU: 92.57 
2025-10-09T08:05:36+0200 - train_s1_zscore_256_concrete - INFO - v-Epoch 20 | Loss: 0.0787 | Accuracy: 98.93 | Precision: 97.16 | Recall: 92.91 | F1: 94.99 | IoU: 89.89 
2025-10-09T08:05:37+0200 - train_s1_zscore_256_concrete - INFO - Best model saved to /eodc/private/tuwgeo/users/mabdelaa/repos/seg_likelihood/models/s1_zscore_256_slope_UNetConcrete_concrete_v2.pth 
2025-10-09T08:32:46+0200 - train_s1_zscore_256_concrete - INFO - t-Epoch 21 | Loss: 0.0544 | Accuracy: 99.21 | Precision: 97.21 | Recall: 95.77 | F1: 96.49 | IoU: 92.58 
2025-10-09T08:40:49+0200 - train_s1_zscore_256_concrete - INFO - v-Epoch 21 | Loss: 0.0890 | Accuracy: 98.85 | Precision: 96.72 | Recall: 92.62 | F1: 94.63 | IoU: 88.93 
2025-10-09T09:07:58+0200 - train_s1_zscore_256_concrete - INFO - t-Epoch 22 | Loss: 0.0544 | Accuracy: 99.2 | Precision: 97.14 | Recall: 95.8 | F1: 96.47 | IoU: 92.56 
2025-10-09T09:16:13+0200 - train_s1_zscore_256_concrete - INFO - v-Epoch 22 | Loss: 0.0809 | Accuracy: 98.91 | Precision: 96.85 | Recall: 93.06 | F1: 94.92 | IoU: 89.66 
2025-10-09T09:43:28+0200 - train_s1_zscore_256_concrete - INFO - t-Epoch 23 | Loss: 0.0535 | Accuracy: 99.21 | Precision: 97.21 | Recall: 95.77 | F1: 96.48 | IoU: 92.65 
2025-10-09T09:51:43+0200 - train_s1_zscore_256_concrete - INFO - v-Epoch 23 | Loss: 0.0826 | Accuracy: 98.9 | Precision: 96.89 | Recall: 92.92 | F1: 94.86 | IoU: 89.49 
2025-10-09T10:18:59+0200 - train_s1_zscore_256_concrete - INFO - t-Epoch 24 | Loss: 0.0530 | Accuracy: 99.21 | Precision: 97.24 | Recall: 95.77 | F1: 96.5 | IoU: 92.7 
2025-10-09T10:27:21+0200 - train_s1_zscore_256_concrete - INFO - v-Epoch 24 | Loss: 0.0827 | Accuracy: 98.89 | Precision: 96.9 | Recall: 92.81 | F1: 94.81 | IoU: 89.46 
2025-10-09T10:54:36+0200 - train_s1_zscore_256_concrete - INFO - t-Epoch 25 | Loss: 0.0507 | Accuracy: 99.23 | Precision: 97.32 | Recall: 95.85 | F1: 96.58 | IoU: 92.92 
2025-10-09T11:02:35+0200 - train_s1_zscore_256_concrete - INFO - v-Epoch 25 | Loss: 0.0839 | Accuracy: 98.88 | Precision: 96.9 | Recall: 92.7 | F1: 94.76 | IoU: 89.26 
2025-10-09T11:29:50+0200 - train_s1_zscore_256_concrete - INFO - t-Epoch 26 | Loss: 0.0540 | Accuracy: 99.2 | Precision: 97.21 | Recall: 95.75 | F1: 96.48 | IoU: 92.57 
2025-10-09T11:37:51+0200 - train_s1_zscore_256_concrete - INFO - v-Epoch 26 | Loss: 0.0802 | Accuracy: 98.91 | Precision: 96.24 | Recall: 93.68 | F1: 94.95 | IoU: 89.53 
2025-10-09T12:05:05+0200 - train_s1_zscore_256_concrete - INFO - t-Epoch 27 | Loss: 0.0512 | Accuracy: 99.22 | Precision: 97.29 | Recall: 95.84 | F1: 96.56 | IoU: 92.84 
2025-10-09T12:13:10+0200 - train_s1_zscore_256_concrete - INFO - v-Epoch 27 | Loss: 0.0796 | Accuracy: 98.91 | Precision: 96.76 | Recall: 93.17 | F1: 94.93 | IoU: 89.66 
2025-10-09T12:40:26+0200 - train_s1_zscore_256_concrete - INFO - t-Epoch 28 | Loss: 0.0517 | Accuracy: 99.22 | Precision: 97.25 | Recall: 95.9 | F1: 96.57 | IoU: 92.72 
2025-10-09T12:48:44+0200 - train_s1_zscore_256_concrete - INFO - v-Epoch 28 | Loss: 0.0799 | Accuracy: 98.91 | Precision: 96.48 | Recall: 93.47 | F1: 94.95 | IoU: 89.56 
2025-10-09T13:16:00+0200 - train_s1_zscore_256_concrete - INFO - t-Epoch 29 | Loss: 0.0515 | Accuracy: 99.22 | Precision: 97.24 | Recall: 95.87 | F1: 96.55 | IoU: 92.8 
2025-10-09T13:24:28+0200 - train_s1_zscore_256_concrete - INFO - v-Epoch 29 | Loss: 0.0858 | Accuracy: 98.86 | Precision: 97.05 | Recall: 92.4 | F1: 94.67 | IoU: 89.16 
2025-10-09T13:51:43+0200 - train_s1_zscore_256_concrete - INFO - t-Epoch 30 | Loss: 0.0497 | Accuracy: 99.24 | Precision: 97.3 | Recall: 95.97 | F1: 96.63 | IoU: 92.95 
2025-10-09T13:59:51+0200 - train_s1_zscore_256_concrete - INFO - v-Epoch 30 | Loss: 0.0781 | Accuracy: 98.92 | Precision: 96.68 | Recall: 93.36 | F1: 94.99 | IoU: 89.88 
2025-10-09T13:59:51+0200 - train_s1_zscore_256_concrete - INFO - Best model saved to /eodc/private/tuwgeo/users/mabdelaa/repos/seg_likelihood/models/s1_zscore_256_slope_UNetConcrete_concrete_v2.pth 
2025-10-09T14:27:05+0200 - train_s1_zscore_256_concrete - INFO - t-Epoch 31 | Loss: 0.0509 | Accuracy: 99.23 | Precision: 97.31 | Recall: 95.88 | F1: 96.59 | IoU: 92.83 
2025-10-09T14:35:07+0200 - train_s1_zscore_256_concrete - INFO - v-Epoch 31 | Loss: 0.0779 | Accuracy: 98.94 | Precision: 96.59 | Recall: 93.6 | F1: 95.07 | IoU: 89.81 
2025-10-09T14:35:07+0200 - train_s1_zscore_256_concrete - INFO - Best model saved to /eodc/private/tuwgeo/users/mabdelaa/repos/seg_likelihood/models/s1_zscore_256_slope_UNetConcrete_concrete_v2.pth 
2025-10-09T15:02:21+0200 - train_s1_zscore_256_concrete - INFO - t-Epoch 32 | Loss: 0.0498 | Accuracy: 99.24 | Precision: 97.38 | Recall: 95.87 | F1: 96.62 | IoU: 92.93 
2025-10-09T15:10:38+0200 - train_s1_zscore_256_concrete - INFO - v-Epoch 32 | Loss: 0.0796 | Accuracy: 98.92 | Precision: 96.84 | Recall: 93.22 | F1: 95.0 | IoU: 89.63 
2025-10-09T15:37:52+0200 - train_s1_zscore_256_concrete - INFO - t-Epoch 33 | Loss: 0.0517 | Accuracy: 99.21 | Precision: 97.2 | Recall: 95.84 | F1: 96.51 | IoU: 92.73 
2025-10-09T15:46:10+0200 - train_s1_zscore_256_concrete - INFO - v-Epoch 33 | Loss: 0.0858 | Accuracy: 98.86 | Precision: 97.18 | Recall: 92.24 | F1: 94.65 | IoU: 89.07 
2025-10-09T16:13:23+0200 - train_s1_zscore_256_concrete - INFO - t-Epoch 34 | Loss: 0.0502 | Accuracy: 99.23 | Precision: 97.27 | Recall: 95.91 | F1: 96.59 | IoU: 92.94 
2025-10-09T16:21:20+0200 - train_s1_zscore_256_concrete - INFO - v-Epoch 34 | Loss: 0.0807 | Accuracy: 98.9 | Precision: 96.52 | Recall: 93.36 | F1: 94.91 | IoU: 89.55 
2025-10-09T16:48:33+0200 - train_s1_zscore_256_concrete - INFO - t-Epoch 35 | Loss: 0.0499 | Accuracy: 99.23 | Precision: 97.31 | Recall: 95.92 | F1: 96.61 | IoU: 92.93 
2025-10-09T16:56:20+0200 - train_s1_zscore_256_concrete - INFO - v-Epoch 35 | Loss: 0.0782 | Accuracy: 98.92 | Precision: 96.61 | Recall: 93.4 | F1: 94.98 | IoU: 89.79 
2025-10-09T17:23:35+0200 - train_s1_zscore_256_concrete - INFO - t-Epoch 36 | Loss: 0.0498 | Accuracy: 99.24 | Precision: 97.3 | Recall: 95.94 | F1: 96.62 | IoU: 92.91 
2025-10-09T17:31:13+0200 - train_s1_zscore_256_concrete - INFO - v-Epoch 36 | Loss: 0.0785 | Accuracy: 98.92 | Precision: 96.79 | Recall: 93.23 | F1: 94.98 | IoU: 89.79 
2025-10-09T17:58:26+0200 - train_s1_zscore_256_concrete - INFO - t-Epoch 37 | Loss: 0.0505 | Accuracy: 99.23 | Precision: 97.22 | Recall: 95.94 | F1: 96.57 | IoU: 92.9 
2025-10-09T18:06:43+0200 - train_s1_zscore_256_concrete - INFO - v-Epoch 37 | Loss: 0.0777 | Accuracy: 98.94 | Precision: 96.77 | Recall: 93.44 | F1: 95.07 | IoU: 89.76 
2025-10-09T18:06:44+0200 - train_s1_zscore_256_concrete - INFO - Best model saved to /eodc/private/tuwgeo/users/mabdelaa/repos/seg_likelihood/models/s1_zscore_256_slope_UNetConcrete_concrete_v2.pth 
2025-10-09T18:33:58+0200 - train_s1_zscore_256_concrete - INFO - t-Epoch 38 | Loss: 0.0515 | Accuracy: 99.22 | Precision: 97.22 | Recall: 95.92 | F1: 96.56 | IoU: 92.73 
2025-10-09T18:42:21+0200 - train_s1_zscore_256_concrete - INFO - v-Epoch 38 | Loss: 0.0760 | Accuracy: 98.95 | Precision: 96.59 | Recall: 93.7 | F1: 95.12 | IoU: 89.98 
2025-10-09T18:42:21+0200 - train_s1_zscore_256_concrete - INFO - Best model saved to /eodc/private/tuwgeo/users/mabdelaa/repos/seg_likelihood/models/s1_zscore_256_slope_UNetConcrete_concrete_v2.pth 
2025-10-09T19:09:36+0200 - train_s1_zscore_256_concrete - INFO - t-Epoch 39 | Loss: 0.0487 | Accuracy: 99.25 | Precision: 97.37 | Recall: 95.98 | F1: 96.67 | IoU: 93.03 
2025-10-09T19:17:36+0200 - train_s1_zscore_256_concrete - INFO - v-Epoch 39 | Loss: 0.0812 | Accuracy: 98.9 | Precision: 96.25 | Recall: 93.61 | F1: 94.91 | IoU: 89.48 
2025-10-09T19:44:52+0200 - train_s1_zscore_256_concrete - INFO - t-Epoch 40 | Loss: 0.0507 | Accuracy: 99.23 | Precision: 97.26 | Recall: 95.96 | F1: 96.6 | IoU: 92.86 
2025-10-09T19:53:10+0200 - train_s1_zscore_256_concrete - INFO - v-Epoch 40 | Loss: 0.0774 | Accuracy: 98.94 | Precision: 96.56 | Recall: 93.63 | F1: 95.07 | IoU: 89.8 
2025-10-09T20:20:25+0200 - train_s1_zscore_256_concrete - INFO - t-Epoch 41 | Loss: 0.0515 | Accuracy: 99.22 | Precision: 97.25 | Recall: 95.8 | F1: 96.52 | IoU: 92.74 
2025-10-09T20:28:40+0200 - train_s1_zscore_256_concrete - INFO - v-Epoch 41 | Loss: 0.0785 | Accuracy: 98.92 | Precision: 96.77 | Recall: 93.26 | F1: 94.98 | IoU: 89.76 
2025-10-09T20:55:54+0200 - train_s1_zscore_256_concrete - INFO - t-Epoch 42 | Loss: 0.0498 | Accuracy: 99.24 | Precision: 97.26 | Recall: 96.01 | F1: 96.63 | IoU: 92.9 
2025-10-09T21:04:00+0200 - train_s1_zscore_256_concrete - INFO - v-Epoch 42 | Loss: 0.0792 | Accuracy: 98.92 | Precision: 96.67 | Recall: 93.32 | F1: 94.96 | IoU: 89.74 
2025-10-09T21:31:13+0200 - train_s1_zscore_256_concrete - INFO - t-Epoch 43 | Loss: 0.0498 | Accuracy: 99.23 | Precision: 97.27 | Recall: 95.96 | F1: 96.61 | IoU: 92.9 
2025-10-09T21:39:36+0200 - train_s1_zscore_256_concrete - INFO - v-Epoch 43 | Loss: 0.0747 | Accuracy: 98.95 | Precision: 96.74 | Recall: 93.61 | F1: 95.15 | IoU: 90.08 
2025-10-09T21:39:36+0200 - train_s1_zscore_256_concrete - INFO - Best model saved to /eodc/private/tuwgeo/users/mabdelaa/repos/seg_likelihood/models/s1_zscore_256_slope_UNetConcrete_concrete_v2.pth 
2025-10-09T22:06:50+0200 - train_s1_zscore_256_concrete - INFO - t-Epoch 44 | Loss: 0.0501 | Accuracy: 99.23 | Precision: 97.25 | Recall: 95.97 | F1: 96.61 | IoU: 92.89 
2025-10-09T22:14:51+0200 - train_s1_zscore_256_concrete - INFO - v-Epoch 44 | Loss: 0.0775 | Accuracy: 98.94 | Precision: 96.73 | Recall: 93.49 | F1: 95.09 | IoU: 89.83 
2025-10-09T22:42:06+0200 - train_s1_zscore_256_concrete - INFO - t-Epoch 45 | Loss: 0.0521 | Accuracy: 99.21 | Precision: 97.14 | Recall: 95.93 | F1: 96.53 | IoU: 92.7 
2025-10-09T22:50:18+0200 - train_s1_zscore_256_concrete - INFO - v-Epoch 45 | Loss: 0.0812 | Accuracy: 98.9 | Precision: 97.04 | Recall: 92.79 | F1: 94.87 | IoU: 89.45 
2025-10-09T23:17:34+0200 - train_s1_zscore_256_concrete - INFO - t-Epoch 46 | Loss: 0.0502 | Accuracy: 99.24 | Precision: 97.33 | Recall: 95.94 | F1: 96.63 | IoU: 92.92 
2025-10-09T23:25:29+0200 - train_s1_zscore_256_concrete - INFO - v-Epoch 46 | Loss: 0.0767 | Accuracy: 98.95 | Precision: 96.83 | Recall: 93.46 | F1: 95.11 | IoU: 89.84 
2025-10-09T23:52:43+0200 - train_s1_zscore_256_concrete - INFO - t-Epoch 47 | Loss: 0.0511 | Accuracy: 99.22 | Precision: 97.2 | Recall: 95.86 | F1: 96.53 | IoU: 92.84 
2025-10-10T00:00:55+0200 - train_s1_zscore_256_concrete - INFO - v-Epoch 47 | Loss: 0.0757 | Accuracy: 98.94 | Precision: 96.77 | Recall: 93.49 | F1: 95.1 | IoU: 89.95 
2025-10-10T00:28:11+0200 - train_s1_zscore_256_concrete - INFO - t-Epoch 48 | Loss: 0.0492 | Accuracy: 99.23 | Precision: 97.26 | Recall: 95.95 | F1: 96.6 | IoU: 92.98 
2025-10-10T00:36:41+0200 - train_s1_zscore_256_concrete - INFO - v-Epoch 48 | Loss: 0.0759 | Accuracy: 98.94 | Precision: 96.7 | Recall: 93.55 | F1: 95.1 | IoU: 90.06 
2025-10-10T01:03:56+0200 - train_s1_zscore_256_concrete - INFO - t-Epoch 49 | Loss: 0.0490 | Accuracy: 99.24 | Precision: 97.31 | Recall: 95.98 | F1: 96.64 | IoU: 93.01 
2025-10-10T01:11:56+0200 - train_s1_zscore_256_concrete - INFO - v-Epoch 49 | Loss: 0.0759 | Accuracy: 98.94 | Precision: 96.58 | Recall: 93.64 | F1: 95.08 | IoU: 89.96 
2025-10-10T01:39:12+0200 - train_s1_zscore_256_concrete - INFO - t-Epoch 50 | Loss: 0.0518 | Accuracy: 99.21 | Precision: 97.26 | Recall: 95.77 | F1: 96.51 | IoU: 92.72 
2025-10-10T01:47:04+0200 - train_s1_zscore_256_concrete - INFO - v-Epoch 50 | Loss: 0.0765 | Accuracy: 98.93 | Precision: 96.38 | Recall: 93.77 | F1: 95.06 | IoU: 89.95 
2025-10-10T02:14:15+0200 - train_s1_zscore_256_concrete - INFO - t-Epoch 51 | Loss: 0.0499 | Accuracy: 99.23 | Precision: 97.28 | Recall: 95.95 | F1: 96.61 | IoU: 92.91 
2025-10-10T02:21:50+0200 - train_s1_zscore_256_concrete - INFO - v-Epoch 51 | Loss: 0.0757 | Accuracy: 98.94 | Precision: 96.89 | Recall: 93.28 | F1: 95.05 | IoU: 90.06 
2025-10-10T02:49:05+0200 - train_s1_zscore_256_concrete - INFO - t-Epoch 52 | Loss: 0.0505 | Accuracy: 99.23 | Precision: 97.22 | Recall: 95.94 | F1: 96.58 | IoU: 92.81 
2025-10-10T02:56:54+0200 - train_s1_zscore_256_concrete - INFO - v-Epoch 52 | Loss: 0.0765 | Accuracy: 98.94 | Precision: 96.72 | Recall: 93.48 | F1: 95.07 | IoU: 89.89 
2025-10-10T03:24:07+0200 - train_s1_zscore_256_concrete - INFO - t-Epoch 53 | Loss: 0.0499 | Accuracy: 99.23 | Precision: 97.29 | Recall: 95.91 | F1: 96.6 | IoU: 92.89 
2025-10-10T03:31:57+0200 - train_s1_zscore_256_concrete - INFO - v-Epoch 53 | Loss: 0.0811 | Accuracy: 98.9 | Precision: 96.65 | Recall: 93.23 | F1: 94.91 | IoU: 89.49 
2025-10-10T03:59:11+0200 - train_s1_zscore_256_concrete - INFO - t-Epoch 54 | Loss: 0.0487 | Accuracy: 99.24 | Precision: 97.33 | Recall: 95.96 | F1: 96.64 | IoU: 93.04 
2025-10-10T04:07:09+0200 - train_s1_zscore_256_concrete - INFO - v-Epoch 54 | Loss: 0.0767 | Accuracy: 98.93 | Precision: 96.55 | Recall: 93.6 | F1: 95.05 | IoU: 89.97 
2025-10-10T04:34:23+0200 - train_s1_zscore_256_concrete - INFO - t-Epoch 55 | Loss: 0.0500 | Accuracy: 99.24 | Precision: 97.32 | Recall: 95.93 | F1: 96.62 | IoU: 92.85 
2025-10-10T04:42:27+0200 - train_s1_zscore_256_concrete - INFO - v-Epoch 55 | Loss: 0.0761 | Accuracy: 98.94 | Precision: 96.42 | Recall: 93.79 | F1: 95.09 | IoU: 89.94 
2025-10-10T05:09:43+0200 - train_s1_zscore_256_concrete - INFO - t-Epoch 56 | Loss: 0.0499 | Accuracy: 99.22 | Precision: 97.23 | Recall: 95.91 | F1: 96.56 | IoU: 92.92 
2025-10-10T05:17:19+0200 - train_s1_zscore_256_concrete - INFO - v-Epoch 56 | Loss: 0.0766 | Accuracy: 98.95 | Precision: 96.7 | Recall: 93.58 | F1: 95.11 | IoU: 89.86 
2025-10-10T05:44:34+0200 - train_s1_zscore_256_concrete - INFO - t-Epoch 57 | Loss: 0.0499 | Accuracy: 99.23 | Precision: 97.23 | Recall: 95.94 | F1: 96.58 | IoU: 92.93 
2025-10-10T05:52:20+0200 - train_s1_zscore_256_concrete - INFO - v-Epoch 57 | Loss: 0.0783 | Accuracy: 98.93 | Precision: 96.78 | Recall: 93.32 | F1: 95.02 | IoU: 89.73 
2025-10-10T06:19:35+0200 - train_s1_zscore_256_concrete - INFO - t-Epoch 58 | Loss: 0.0512 | Accuracy: 99.22 | Precision: 97.17 | Recall: 95.94 | F1: 96.56 | IoU: 92.8 
2025-10-10T06:27:30+0200 - train_s1_zscore_256_concrete - INFO - v-Epoch 58 | Loss: 0.0801 | Accuracy: 98.91 | Precision: 96.57 | Recall: 93.39 | F1: 94.95 | IoU: 89.52 
2025-10-10T06:27:30+0200 - train_s1_zscore_256_concrete - INFO - Early stopping triggered. 
2025-10-10T06:27:30+0200 - train_s1_zscore_256_concrete - INFO - Training complete. 
