2025-03-22T18:25:28+0100 - train_s2_zscore_256_unet - INFO - Start Training ... 
2025-03-22T18:49:30+0100 - train_s2_zscore_256_unet - INFO - t-Epoch 1 | Loss: 0.4134 | Accuracy: 94.49 | Precision: 74.41 | Recall: 85.23 | F1: 79.46 | IoU: 67.02 
2025-03-22T18:58:55+0100 - train_s2_zscore_256_unet - INFO - v-Epoch 1 | Loss: 0.3276 | Accuracy: 96.05 | Precision: 96.42 | Recall: 69.08 | F1: 80.49 | IoU: 67.19 
2025-03-22T18:58:56+0100 - train_s2_zscore_256_unet - INFO - Best model saved to /eodc/private/tuwgeo/users/mabdelaa/repos/seg_likelihood/models/s2_zscore_256_slope_UNet.pth 
2025-03-22T19:19:12+0100 - train_s2_zscore_256_unet - INFO - t-Epoch 2 | Loss: 0.2853 | Accuracy: 96.45 | Precision: 84.23 | Recall: 88.11 | F1: 86.12 | IoU: 75.12 
2025-03-22T19:27:37+0100 - train_s2_zscore_256_unet - INFO - v-Epoch 2 | Loss: 0.5640 | Accuracy: 94.93 | Precision: 98.17 | Recall: 58.15 | F1: 73.04 | IoU: 57.88 
2025-03-22T19:44:42+0100 - train_s2_zscore_256_unet - INFO - t-Epoch 3 | Loss: 0.2273 | Accuracy: 97.41 | Precision: 90.85 | Recall: 88.14 | F1: 89.48 | IoU: 80.68 
2025-03-22T19:51:38+0100 - train_s2_zscore_256_unet - INFO - v-Epoch 3 | Loss: 0.5025 | Accuracy: 95.34 | Precision: 95.61 | Recall: 63.45 | F1: 76.28 | IoU: 61.81 
2025-03-22T20:08:49+0100 - train_s2_zscore_256_unet - INFO - t-Epoch 4 | Loss: 0.1810 | Accuracy: 98.04 | Precision: 93.62 | Recall: 90.48 | F1: 92.02 | IoU: 84.61 
2025-03-22T20:15:44+0100 - train_s2_zscore_256_unet - INFO - v-Epoch 4 | Loss: 0.4276 | Accuracy: 95.95 | Precision: 96.31 | Recall: 68.32 | F1: 79.94 | IoU: 66.58 
2025-03-22T20:31:44+0100 - train_s2_zscore_256_unet - INFO - t-Epoch 5 | Loss: 0.1439 | Accuracy: 98.49 | Precision: 95.8 | Recall: 91.99 | F1: 93.86 | IoU: 87.87 
2025-03-22T20:38:30+0100 - train_s2_zscore_256_unet - INFO - v-Epoch 5 | Loss: 0.7939 | Accuracy: 94.16 | Precision: 99.41 | Recall: 50.83 | F1: 67.26 | IoU: 50.79 
2025-03-22T20:54:32+0100 - train_s2_zscore_256_unet - INFO - t-Epoch 6 | Loss: 0.1174 | Accuracy: 98.78 | Precision: 96.83 | Recall: 93.28 | F1: 95.02 | IoU: 89.89 
2025-03-22T21:01:30+0100 - train_s2_zscore_256_unet - INFO - v-Epoch 6 | Loss: 0.4875 | Accuracy: 95.44 | Precision: 99.1 | Recall: 61.91 | F1: 76.21 | IoU: 61.87 
2025-03-22T21:17:54+0100 - train_s2_zscore_256_unet - INFO - t-Epoch 7 | Loss: 0.1020 | Accuracy: 98.94 | Precision: 97.12 | Recall: 94.31 | F1: 95.7 | IoU: 91.21 
2025-03-22T21:24:41+0100 - train_s2_zscore_256_unet - INFO - v-Epoch 7 | Loss: 0.2069 | Accuracy: 97.02 | Precision: 97.35 | Recall: 76.87 | F1: 85.91 | IoU: 75.74 
2025-03-22T21:24:41+0100 - train_s2_zscore_256_unet - INFO - Best model saved to /eodc/private/tuwgeo/users/mabdelaa/repos/seg_likelihood/models/s2_zscore_256_slope_UNet.pth 
2025-03-22T21:39:24+0100 - train_s2_zscore_256_unet - INFO - t-Epoch 8 | Loss: 0.0953 | Accuracy: 99.01 | Precision: 97.38 | Recall: 94.62 | F1: 95.98 | IoU: 91.73 
2025-03-22T21:45:42+0100 - train_s2_zscore_256_unet - INFO - v-Epoch 8 | Loss: 0.4611 | Accuracy: 95.52 | Precision: 98.54 | Recall: 62.97 | F1: 76.84 | IoU: 62.48 
2025-03-22T22:00:46+0100 - train_s2_zscore_256_unet - INFO - t-Epoch 9 | Loss: 0.0891 | Accuracy: 99.08 | Precision: 97.58 | Recall: 95.0 | F1: 96.27 | IoU: 92.22 
2025-03-22T22:07:26+0100 - train_s2_zscore_256_unet - INFO - v-Epoch 9 | Loss: 0.3738 | Accuracy: 96.14 | Precision: 97.97 | Recall: 68.74 | F1: 80.79 | IoU: 68.16 
2025-03-22T22:23:07+0100 - train_s2_zscore_256_unet - INFO - t-Epoch 10 | Loss: 0.0809 | Accuracy: 99.17 | Precision: 97.84 | Recall: 95.45 | F1: 96.63 | IoU: 92.84 
2025-03-22T22:29:45+0100 - train_s2_zscore_256_unet - INFO - v-Epoch 10 | Loss: 0.1081 | Accuracy: 98.62 | Precision: 97.74 | Recall: 90.38 | F1: 93.91 | IoU: 88.18 
2025-03-22T22:29:46+0100 - train_s2_zscore_256_unet - INFO - Best model saved to /eodc/private/tuwgeo/users/mabdelaa/repos/seg_likelihood/models/s2_zscore_256_slope_UNet.pth 
2025-03-22T22:44:40+0100 - train_s2_zscore_256_unet - INFO - t-Epoch 11 | Loss: 0.0764 | Accuracy: 99.21 | Precision: 97.94 | Recall: 95.7 | F1: 96.81 | IoU: 93.28 
2025-03-22T22:51:07+0100 - train_s2_zscore_256_unet - INFO - v-Epoch 11 | Loss: 0.2822 | Accuracy: 96.43 | Precision: 96.23 | Recall: 72.6 | F1: 82.76 | IoU: 71.3 
2025-03-22T23:07:17+0100 - train_s2_zscore_256_unet - INFO - t-Epoch 12 | Loss: 0.0741 | Accuracy: 99.23 | Precision: 97.96 | Recall: 95.81 | F1: 96.87 | IoU: 93.35 
2025-03-22T23:14:08+0100 - train_s2_zscore_256_unet - INFO - v-Epoch 12 | Loss: 0.0833 | Accuracy: 99.13 | Precision: 97.49 | Recall: 95.1 | F1: 96.28 | IoU: 92.43 
2025-03-22T23:14:09+0100 - train_s2_zscore_256_unet - INFO - Best model saved to /eodc/private/tuwgeo/users/mabdelaa/repos/seg_likelihood/models/s2_zscore_256_slope_UNet.pth 
2025-03-22T23:30:16+0100 - train_s2_zscore_256_unet - INFO - t-Epoch 13 | Loss: 0.0707 | Accuracy: 99.26 | Precision: 98.0 | Recall: 96.04 | F1: 97.01 | IoU: 93.7 
2025-03-22T23:36:47+0100 - train_s2_zscore_256_unet - INFO - v-Epoch 13 | Loss: 0.3356 | Accuracy: 96.31 | Precision: 98.24 | Recall: 70.03 | F1: 81.77 | IoU: 69.43 
2025-03-22T23:51:36+0100 - train_s2_zscore_256_unet - INFO - t-Epoch 14 | Loss: 0.0674 | Accuracy: 99.3 | Precision: 98.09 | Recall: 96.27 | F1: 97.17 | IoU: 93.91 
2025-03-22T23:58:16+0100 - train_s2_zscore_256_unet - INFO - v-Epoch 14 | Loss: 0.3911 | Accuracy: 96.01 | Precision: 97.77 | Recall: 67.72 | F1: 80.02 | IoU: 66.94 
2025-03-23T00:13:51+0100 - train_s2_zscore_256_unet - INFO - t-Epoch 15 | Loss: 0.0652 | Accuracy: 99.32 | Precision: 98.1 | Recall: 96.41 | F1: 97.25 | IoU: 94.17 
2025-03-23T00:20:33+0100 - train_s2_zscore_256_unet - INFO - v-Epoch 15 | Loss: 0.2810 | Accuracy: 96.34 | Precision: 96.34 | Recall: 71.72 | F1: 82.23 | IoU: 69.97 
2025-03-23T00:35:39+0100 - train_s2_zscore_256_unet - INFO - t-Epoch 16 | Loss: 0.0626 | Accuracy: 99.33 | Precision: 98.13 | Recall: 96.48 | F1: 97.3 | IoU: 94.38 
2025-03-23T00:42:28+0100 - train_s2_zscore_256_unet - INFO - v-Epoch 16 | Loss: 0.1293 | Accuracy: 98.15 | Precision: 96.96 | Recall: 87.08 | F1: 91.75 | IoU: 84.53 
2025-03-23T00:59:01+0100 - train_s2_zscore_256_unet - INFO - t-Epoch 17 | Loss: 0.0629 | Accuracy: 99.33 | Precision: 98.09 | Recall: 96.5 | F1: 97.29 | IoU: 94.26 
2025-03-23T01:07:13+0100 - train_s2_zscore_256_unet - INFO - v-Epoch 17 | Loss: 0.3309 | Accuracy: 96.39 | Precision: 98.52 | Recall: 70.45 | F1: 82.15 | IoU: 69.75 
2025-03-23T01:27:09+0100 - train_s2_zscore_256_unet - INFO - t-Epoch 18 | Loss: 0.0589 | Accuracy: 99.37 | Precision: 98.32 | Recall: 96.64 | F1: 97.47 | IoU: 94.68 
2025-03-23T01:34:13+0100 - train_s2_zscore_256_unet - INFO - v-Epoch 18 | Loss: 0.3565 | Accuracy: 95.96 | Precision: 96.72 | Recall: 68.13 | F1: 79.95 | IoU: 67.0 
2025-03-23T01:50:27+0100 - train_s2_zscore_256_unet - INFO - t-Epoch 19 | Loss: 0.0543 | Accuracy: 99.42 | Precision: 98.39 | Recall: 96.93 | F1: 97.66 | IoU: 95.03 
2025-03-23T01:57:10+0100 - train_s2_zscore_256_unet - INFO - v-Epoch 19 | Loss: 0.3358 | Accuracy: 96.27 | Precision: 96.65 | Recall: 70.85 | F1: 81.76 | IoU: 69.65 
2025-03-23T02:13:10+0100 - train_s2_zscore_256_unet - INFO - t-Epoch 20 | Loss: 0.0522 | Accuracy: 99.43 | Precision: 98.39 | Recall: 97.07 | F1: 97.73 | IoU: 95.24 
2025-03-23T02:19:46+0100 - train_s2_zscore_256_unet - INFO - v-Epoch 20 | Loss: 0.3234 | Accuracy: 96.3 | Precision: 95.71 | Recall: 71.89 | F1: 82.11 | IoU: 69.83 
2025-03-23T02:34:46+0100 - train_s2_zscore_256_unet - INFO - t-Epoch 21 | Loss: 0.0512 | Accuracy: 99.45 | Precision: 98.45 | Recall: 97.13 | F1: 97.79 | IoU: 95.26 
2025-03-23T02:41:00+0100 - train_s2_zscore_256_unet - INFO - v-Epoch 21 | Loss: 0.3215 | Accuracy: 96.29 | Precision: 96.07 | Recall: 71.49 | F1: 81.98 | IoU: 69.6 
2025-03-23T02:55:54+0100 - train_s2_zscore_256_unet - INFO - t-Epoch 22 | Loss: 0.0509 | Accuracy: 99.45 | Precision: 98.44 | Recall: 97.13 | F1: 97.78 | IoU: 95.31 
2025-03-23T03:02:29+0100 - train_s2_zscore_256_unet - INFO - v-Epoch 22 | Loss: 0.3514 | Accuracy: 96.16 | Precision: 96.92 | Recall: 69.69 | F1: 81.08 | IoU: 68.53 
2025-03-23T03:17:48+0100 - train_s2_zscore_256_unet - INFO - t-Epoch 23 | Loss: 0.0511 | Accuracy: 99.46 | Precision: 98.42 | Recall: 97.2 | F1: 97.81 | IoU: 95.33 
2025-03-23T03:24:25+0100 - train_s2_zscore_256_unet - INFO - v-Epoch 23 | Loss: 0.3548 | Accuracy: 96.21 | Precision: 96.8 | Recall: 70.19 | F1: 81.38 | IoU: 69.15 
2025-03-23T03:39:09+0100 - train_s2_zscore_256_unet - INFO - t-Epoch 24 | Loss: 0.0497 | Accuracy: 99.46 | Precision: 98.47 | Recall: 97.2 | F1: 97.83 | IoU: 95.4 
2025-03-23T03:45:33+0100 - train_s2_zscore_256_unet - INFO - v-Epoch 24 | Loss: 0.3345 | Accuracy: 96.31 | Precision: 96.53 | Recall: 71.31 | F1: 82.03 | IoU: 69.85 
2025-03-23T04:00:41+0100 - train_s2_zscore_256_unet - INFO - t-Epoch 25 | Loss: 0.0499 | Accuracy: 99.46 | Precision: 98.48 | Recall: 97.19 | F1: 97.83 | IoU: 95.44 
2025-03-23T04:07:23+0100 - train_s2_zscore_256_unet - INFO - v-Epoch 25 | Loss: 0.3164 | Accuracy: 96.32 | Precision: 95.88 | Recall: 71.94 | F1: 82.2 | IoU: 70.48 
2025-03-23T04:22:37+0100 - train_s2_zscore_256_unet - INFO - t-Epoch 26 | Loss: 0.0473 | Accuracy: 99.48 | Precision: 98.54 | Recall: 97.3 | F1: 97.92 | IoU: 95.61 
2025-03-23T04:29:01+0100 - train_s2_zscore_256_unet - INFO - v-Epoch 26 | Loss: 0.3064 | Accuracy: 96.37 | Precision: 95.65 | Recall: 72.54 | F1: 82.51 | IoU: 70.66 
2025-03-23T04:43:50+0100 - train_s2_zscore_256_unet - INFO - t-Epoch 27 | Loss: 0.0492 | Accuracy: 99.48 | Precision: 98.46 | Recall: 97.36 | F1: 97.9 | IoU: 95.42 
2025-03-23T04:50:08+0100 - train_s2_zscore_256_unet - INFO - v-Epoch 27 | Loss: 0.3322 | Accuracy: 96.24 | Precision: 95.96 | Recall: 71.13 | F1: 81.7 | IoU: 69.24 
2025-03-23T04:50:08+0100 - train_s2_zscore_256_unet - INFO - Early stopping triggered. 
2025-03-23T04:50:08+0100 - train_s2_zscore_256_unet - INFO - Training complete. 
2025-04-21T14:47:08+0200 - train_s2_zscore_256_unet - INFO - Start Training ... 
2025-04-21T15:02:27+0200 - train_s2_zscore_256_unet - INFO - t-Epoch 1 | Loss: 0.4732 | Accuracy: 93.66 | Precision: 71.95 | Recall: 80.75 | F1: 76.1 | IoU: 62.45 
2025-04-21T15:08:39+0200 - train_s2_zscore_256_unet - INFO - v-Epoch 1 | Loss: 0.4586 | Accuracy: 95.5 | Precision: 90.94 | Recall: 68.73 | F1: 78.29 | IoU: 63.81 
2025-04-21T15:08:39+0200 - train_s2_zscore_256_unet - INFO - Best model saved to /eodc/private/tuwgeo/users/mabdelaa/repos/seg_likelihood/models/s2_zscore_256_slope_UNet.pth 
2025-04-21T15:20:44+0200 - train_s2_zscore_256_unet - INFO - t-Epoch 2 | Loss: 0.3685 | Accuracy: 95.11 | Precision: 78.63 | Recall: 83.57 | F1: 81.03 | IoU: 67.92 
2025-04-21T15:25:44+0200 - train_s2_zscore_256_unet - INFO - v-Epoch 2 | Loss: 0.8125 | Accuracy: 94.41 | Precision: 98.18 | Recall: 53.66 | F1: 69.39 | IoU: 53.26 
2025-04-21T15:35:25+0200 - train_s2_zscore_256_unet - INFO - t-Epoch 3 | Loss: 0.2705 | Accuracy: 96.91 | Precision: 89.13 | Recall: 85.77 | F1: 87.42 | IoU: 77.04 
2025-04-21T15:39:45+0200 - train_s2_zscore_256_unet - INFO - v-Epoch 3 | Loss: 0.3107 | Accuracy: 96.71 | Precision: 98.18 | Recall: 73.52 | F1: 84.08 | IoU: 72.33 
2025-04-21T15:39:45+0200 - train_s2_zscore_256_unet - INFO - Best model saved to /eodc/private/tuwgeo/users/mabdelaa/repos/seg_likelihood/models/s2_zscore_256_slope_UNet.pth 
2025-04-21T15:49:14+0200 - train_s2_zscore_256_unet - INFO - t-Epoch 4 | Loss: 0.2181 | Accuracy: 97.64 | Precision: 92.59 | Recall: 88.23 | F1: 90.36 | IoU: 81.77 
2025-04-21T15:53:33+0200 - train_s2_zscore_256_unet - INFO - v-Epoch 4 | Loss: 0.5516 | Accuracy: 95.37 | Precision: 98.17 | Recall: 61.97 | F1: 75.98 | IoU: 61.52 
2025-04-21T16:04:12+0200 - train_s2_zscore_256_unet - INFO - t-Epoch 5 | Loss: 0.1824 | Accuracy: 98.04 | Precision: 94.54 | Recall: 89.51 | F1: 91.95 | IoU: 84.56 
2025-04-21T16:08:43+0200 - train_s2_zscore_256_unet - INFO - v-Epoch 5 | Loss: 0.5939 | Accuracy: 95.46 | Precision: 97.99 | Recall: 62.79 | F1: 76.54 | IoU: 62.22 
2025-04-21T16:18:10+0200 - train_s2_zscore_256_unet - INFO - t-Epoch 6 | Loss: 0.1525 | Accuracy: 98.37 | Precision: 95.85 | Recall: 90.92 | F1: 93.32 | IoU: 86.67 
2025-04-21T16:22:49+0200 - train_s2_zscore_256_unet - INFO - v-Epoch 6 | Loss: 0.3755 | Accuracy: 96.24 | Precision: 97.77 | Recall: 69.74 | F1: 81.41 | IoU: 68.84 
2025-04-21T16:32:50+0200 - train_s2_zscore_256_unet - INFO - t-Epoch 7 | Loss: 0.1390 | Accuracy: 98.52 | Precision: 96.43 | Recall: 91.55 | F1: 93.92 | IoU: 87.81 
2025-04-21T16:37:02+0200 - train_s2_zscore_256_unet - INFO - v-Epoch 7 | Loss: 0.4366 | Accuracy: 95.63 | Precision: 98.42 | Recall: 64.03 | F1: 77.59 | IoU: 63.97 
2025-04-21T16:45:29+0200 - train_s2_zscore_256_unet - INFO - t-Epoch 8 | Loss: 0.1270 | Accuracy: 98.65 | Precision: 96.71 | Recall: 92.32 | F1: 94.47 | IoU: 88.75 
2025-04-21T16:49:17+0200 - train_s2_zscore_256_unet - INFO - v-Epoch 8 | Loss: 0.2959 | Accuracy: 96.22 | Precision: 96.53 | Recall: 70.55 | F1: 81.52 | IoU: 68.9 
2025-04-21T16:49:18+0200 - train_s2_zscore_256_unet - INFO - Best model saved to /eodc/private/tuwgeo/users/mabdelaa/repos/seg_likelihood/models/s2_zscore_256_slope_UNet.pth 
2025-04-21T16:58:08+0200 - train_s2_zscore_256_unet - INFO - t-Epoch 9 | Loss: 0.1174 | Accuracy: 98.75 | Precision: 96.97 | Recall: 92.88 | F1: 94.88 | IoU: 89.47 
2025-04-21T17:02:23+0200 - train_s2_zscore_256_unet - INFO - v-Epoch 9 | Loss: 0.4966 | Accuracy: 95.38 | Precision: 99.19 | Recall: 61.34 | F1: 75.8 | IoU: 61.26 
2025-04-21T17:11:46+0200 - train_s2_zscore_256_unet - INFO - t-Epoch 10 | Loss: 0.1126 | Accuracy: 98.82 | Precision: 97.19 | Recall: 93.25 | F1: 95.18 | IoU: 89.91 
2025-04-21T17:15:57+0200 - train_s2_zscore_256_unet - INFO - v-Epoch 10 | Loss: 0.4726 | Accuracy: 95.67 | Precision: 98.43 | Recall: 64.32 | F1: 77.8 | IoU: 64.3 
2025-04-21T17:25:00+0200 - train_s2_zscore_256_unet - INFO - t-Epoch 11 | Loss: 0.1075 | Accuracy: 98.85 | Precision: 97.26 | Recall: 93.47 | F1: 95.32 | IoU: 90.39 
2025-04-21T17:29:13+0200 - train_s2_zscore_256_unet - INFO - v-Epoch 11 | Loss: 0.2078 | Accuracy: 97.32 | Precision: 97.96 | Recall: 78.93 | F1: 87.42 | IoU: 77.91 
2025-04-21T17:29:13+0200 - train_s2_zscore_256_unet - INFO - Best model saved to /eodc/private/tuwgeo/users/mabdelaa/repos/seg_likelihood/models/s2_zscore_256_slope_UNet.pth 
2025-04-21T17:38:47+0200 - train_s2_zscore_256_unet - INFO - t-Epoch 12 | Loss: 0.1083 | Accuracy: 98.85 | Precision: 97.22 | Recall: 93.47 | F1: 95.31 | IoU: 90.22 
2025-04-21T17:43:19+0200 - train_s2_zscore_256_unet - INFO - v-Epoch 12 | Loss: 0.3286 | Accuracy: 95.92 | Precision: 97.15 | Recall: 67.44 | F1: 79.61 | IoU: 66.7 
2025-04-21T17:53:22+0200 - train_s2_zscore_256_unet - INFO - t-Epoch 13 | Loss: 0.1054 | Accuracy: 98.88 | Precision: 97.34 | Recall: 93.59 | F1: 95.43 | IoU: 90.51 
2025-04-21T17:57:57+0200 - train_s2_zscore_256_unet - INFO - v-Epoch 13 | Loss: 0.6410 | Accuracy: 94.82 | Precision: 98.37 | Recall: 57.05 | F1: 72.22 | IoU: 56.84 
2025-04-21T18:09:10+0200 - train_s2_zscore_256_unet - INFO - t-Epoch 14 | Loss: 0.1029 | Accuracy: 98.9 | Precision: 97.39 | Recall: 93.72 | F1: 95.52 | IoU: 90.67 
2025-04-21T18:14:16+0200 - train_s2_zscore_256_unet - INFO - v-Epoch 14 | Loss: 0.4365 | Accuracy: 95.78 | Precision: 97.91 | Recall: 65.64 | F1: 78.59 | IoU: 64.99 
2025-04-21T18:25:42+0200 - train_s2_zscore_256_unet - INFO - t-Epoch 15 | Loss: 0.0952 | Accuracy: 98.97 | Precision: 97.63 | Recall: 94.03 | F1: 95.8 | IoU: 91.38 
2025-04-21T18:30:06+0200 - train_s2_zscore_256_unet - INFO - v-Epoch 15 | Loss: 0.5194 | Accuracy: 95.37 | Precision: 97.2 | Recall: 62.56 | F1: 76.12 | IoU: 61.48 
2025-04-21T18:39:37+0200 - train_s2_zscore_256_unet - INFO - t-Epoch 16 | Loss: 0.0978 | Accuracy: 98.93 | Precision: 97.56 | Recall: 93.82 | F1: 95.66 | IoU: 91.13 
2025-04-21T18:43:43+0200 - train_s2_zscore_256_unet - INFO - v-Epoch 16 | Loss: 0.4006 | Accuracy: 95.71 | Precision: 98.57 | Recall: 64.63 | F1: 78.07 | IoU: 64.36 
2025-04-21T18:52:57+0200 - train_s2_zscore_256_unet - INFO - t-Epoch 17 | Loss: 0.0960 | Accuracy: 98.96 | Precision: 97.58 | Recall: 93.98 | F1: 95.74 | IoU: 91.24 
2025-04-21T18:57:24+0200 - train_s2_zscore_256_unet - INFO - v-Epoch 17 | Loss: 0.3520 | Accuracy: 96.09 | Precision: 96.56 | Recall: 69.39 | F1: 80.75 | IoU: 67.7 
2025-04-21T19:07:31+0200 - train_s2_zscore_256_unet - INFO - t-Epoch 18 | Loss: 0.0862 | Accuracy: 99.07 | Precision: 97.93 | Recall: 94.54 | F1: 96.21 | IoU: 92.09 
2025-04-21T19:12:00+0200 - train_s2_zscore_256_unet - INFO - v-Epoch 18 | Loss: 0.3695 | Accuracy: 95.97 | Precision: 97.14 | Recall: 67.89 | F1: 79.92 | IoU: 66.94 
2025-04-21T19:22:32+0200 - train_s2_zscore_256_unet - INFO - t-Epoch 19 | Loss: 0.0854 | Accuracy: 99.08 | Precision: 97.96 | Recall: 94.61 | F1: 96.26 | IoU: 92.19 
2025-04-21T19:27:03+0200 - train_s2_zscore_256_unet - INFO - v-Epoch 19 | Loss: 0.3551 | Accuracy: 96.15 | Precision: 97.46 | Recall: 69.2 | F1: 80.93 | IoU: 68.42 
2025-04-21T19:37:37+0200 - train_s2_zscore_256_unet - INFO - t-Epoch 20 | Loss: 0.0846 | Accuracy: 99.07 | Precision: 97.96 | Recall: 94.57 | F1: 96.24 | IoU: 92.18 
2025-04-21T19:42:08+0200 - train_s2_zscore_256_unet - INFO - v-Epoch 20 | Loss: 0.3553 | Accuracy: 96.16 | Precision: 97.21 | Recall: 69.47 | F1: 81.03 | IoU: 68.33 
2025-04-21T19:52:48+0200 - train_s2_zscore_256_unet - INFO - t-Epoch 21 | Loss: 0.0829 | Accuracy: 99.1 | Precision: 97.95 | Recall: 94.83 | F1: 96.36 | IoU: 92.31 
2025-04-21T19:57:14+0200 - train_s2_zscore_256_unet - INFO - v-Epoch 21 | Loss: 0.3107 | Accuracy: 96.44 | Precision: 96.71 | Recall: 72.27 | F1: 82.72 | IoU: 70.8 
2025-04-21T20:07:37+0200 - train_s2_zscore_256_unet - INFO - t-Epoch 22 | Loss: 0.0823 | Accuracy: 99.1 | Precision: 97.99 | Recall: 94.78 | F1: 96.36 | IoU: 92.38 
2025-04-21T20:11:46+0200 - train_s2_zscore_256_unet - INFO - v-Epoch 22 | Loss: 0.3457 | Accuracy: 96.26 | Precision: 97.19 | Recall: 70.36 | F1: 81.63 | IoU: 69.23 
2025-04-21T20:20:32+0200 - train_s2_zscore_256_unet - INFO - t-Epoch 23 | Loss: 0.0812 | Accuracy: 99.13 | Precision: 97.95 | Recall: 95.02 | F1: 96.46 | IoU: 92.46 
2025-04-21T20:24:32+0200 - train_s2_zscore_256_unet - INFO - v-Epoch 23 | Loss: 0.3216 | Accuracy: 96.45 | Precision: 97.23 | Recall: 72.01 | F1: 82.74 | IoU: 70.87 
2025-04-21T20:33:17+0200 - train_s2_zscore_256_unet - INFO - t-Epoch 24 | Loss: 0.0821 | Accuracy: 99.1 | Precision: 97.99 | Recall: 94.76 | F1: 96.35 | IoU: 92.34 
2025-04-21T20:37:33+0200 - train_s2_zscore_256_unet - INFO - v-Epoch 24 | Loss: 0.3444 | Accuracy: 96.22 | Precision: 97.16 | Recall: 70.06 | F1: 81.42 | IoU: 69.05 
2025-04-21T20:47:07+0200 - train_s2_zscore_256_unet - INFO - t-Epoch 25 | Loss: 0.0819 | Accuracy: 99.1 | Precision: 97.95 | Recall: 94.82 | F1: 96.36 | IoU: 92.38 
2025-04-21T20:51:28+0200 - train_s2_zscore_256_unet - INFO - v-Epoch 25 | Loss: 0.3300 | Accuracy: 96.32 | Precision: 96.65 | Recall: 71.3 | F1: 82.06 | IoU: 70.31 
2025-04-21T21:02:09+0200 - train_s2_zscore_256_unet - INFO - t-Epoch 26 | Loss: 0.0831 | Accuracy: 99.09 | Precision: 97.94 | Recall: 94.69 | F1: 96.29 | IoU: 92.32 
2025-04-21T21:06:42+0200 - train_s2_zscore_256_unet - INFO - v-Epoch 26 | Loss: 0.3333 | Accuracy: 96.34 | Precision: 97.22 | Recall: 70.99 | F1: 82.06 | IoU: 69.97 
2025-04-21T21:06:42+0200 - train_s2_zscore_256_unet - INFO - Early stopping triggered. 
2025-04-21T21:06:42+0200 - train_s2_zscore_256_unet - INFO - Training complete. 
